{"meta": {"format": 3, "version": "7.10.6", "timestamp": "2025-09-09T12:55:52.328795", "branch_coverage": false, "show_contexts": false}, "files": {"src/setup_repo/__init__.py": {"executed_lines": [1, 3], "summary": {"covered_lines": 1, "num_statements": 1, "percent_covered": 100.0, "percent_covered_display": "100.00", "missing_lines": 0, "excluded_lines": 0}, "missing_lines": [], "excluded_lines": [], "functions": {"": {"executed_lines": [1, 3], "summary": {"covered_lines": 1, "num_statements": 1, "percent_covered": 100.0, "percent_covered_display": "100.00", "missing_lines": 0, "excluded_lines": 0}, "missing_lines": [], "excluded_lines": []}}, "classes": {"": {"executed_lines": [1, 3], "summary": {"covered_lines": 1, "num_statements": 1, "percent_covered": 100.0, "percent_covered_display": "100.00", "missing_lines": 0, "excluded_lines": 0}, "missing_lines": [], "excluded_lines": []}}}, "src/setup_repo/cli.py": {"executed_lines": [], "summary": {"covered_lines": 0, "num_statements": 13, "percent_covered": 0.0, "percent_covered_display": "0.00", "missing_lines": 13, "excluded_lines": 0}, "missing_lines": [3, 4, 5, 8, 10, 13, 15, 18, 19, 20, 21, 23, 36], "excluded_lines": [], "functions": {"setup_cli": {"executed_lines": [], "summary": {"covered_lines": 0, "num_statements": 1, "percent_covered": 0.0, "percent_covered_display": "0.00", "missing_lines": 1, "excluded_lines": 0}, "missing_lines": [10], "excluded_lines": []}, "sync_cli": {"executed_lines": [], "summary": {"covered_lines": 0, "num_statements": 7, "percent_covered": 0.0, "percent_covered_display": "0.00", "missing_lines": 7, "excluded_lines": 0}, "missing_lines": [15, 18, 19, 20, 21, 23, 36], "excluded_lines": []}, "": {"executed_lines": [], "summary": {"covered_lines": 0, "num_statements": 5, "percent_covered": 0.0, "percent_covered_display": "0.00", "missing_lines": 5, "excluded_lines": 0}, "missing_lines": [3, 4, 5, 8, 13], "excluded_lines": []}}, "classes": {"": {"executed_lines": [], "summary": {"covered_lines": 0, "num_statements": 13, "percent_covered": 0.0, "percent_covered_display": "0.00", "missing_lines": 13, "excluded_lines": 0}, "missing_lines": [3, 4, 5, 8, 10, 13, 15, 18, 19, 20, 21, 23, 36], "excluded_lines": []}}}, "src/setup_repo/config.py": {"executed_lines": [1, 3, 4, 5, 6, 7, 10, 13, 14, 15, 18, 19, 22, 23, 24, 27, 29, 30, 31, 33, 34, 40, 41, 42, 45, 47, 59, 62, 65, 68, 69, 70, 71, 72, 73, 74, 75, 77], "summary": {"covered_lines": 37, "num_statements": 37, "percent_covered": 100.0, "percent_covered_display": "100.00", "missing_lines": 0, "excluded_lines": 0}, "missing_lines": [], "excluded_lines": [], "functions": {"get_github_token": {"executed_lines": [13, 14, 15, 18, 19, 22, 23, 24], "summary": {"covered_lines": 8, "num_statements": 8, "percent_covered": 100.0, "percent_covered_display": "100.00", "missing_lines": 0, "excluded_lines": 0}, "missing_lines": [], "excluded_lines": []}, "get_github_user": {"executed_lines": [29, 30, 31, 33, 34, 40, 41, 42], "summary": {"covered_lines": 8, "num_statements": 8, "percent_covered": 100.0, "percent_covered_display": "100.00", "missing_lines": 0, "excluded_lines": 0}, "missing_lines": [], "excluded_lines": []}, "auto_detect_config": {"executed_lines": [47, 59], "summary": {"covered_lines": 2, "num_statements": 2, "percent_covered": 100.0, "percent_covered_display": "100.00", "missing_lines": 0, "excluded_lines": 0}, "missing_lines": [], "excluded_lines": []}, "load_config": {"executed_lines": [65, 68, 69, 70, 71, 72, 73, 74, 75, 77], "summary": {"covered_lines": 10, "num_statements": 10, "percent_covered": 100.0, "percent_covered_display": "100.00", "missing_lines": 0, "excluded_lines": 0}, "missing_lines": [], "excluded_lines": []}, "": {"executed_lines": [1, 3, 4, 5, 6, 7, 10, 27, 45, 62], "summary": {"covered_lines": 9, "num_statements": 9, "percent_covered": 100.0, "percent_covered_display": "100.00", "missing_lines": 0, "excluded_lines": 0}, "missing_lines": [], "excluded_lines": []}}, "classes": {"": {"executed_lines": [1, 3, 4, 5, 6, 7, 10, 13, 14, 15, 18, 19, 22, 23, 24, 27, 29, 30, 31, 33, 34, 40, 41, 42, 45, 47, 59, 62, 65, 68, 69, 70, 71, 72, 73, 74, 75, 77], "summary": {"covered_lines": 37, "num_statements": 37, "percent_covered": 100.0, "percent_covered_display": "100.00", "missing_lines": 0, "excluded_lines": 0}, "missing_lines": [], "excluded_lines": []}}}, "src/setup_repo/git_operations.py": {"executed_lines": [], "summary": {"covered_lines": 0, "num_statements": 95, "percent_covered": 0.0, "percent_covered_display": "0.00", "missing_lines": 95, "excluded_lines": 0}, "missing_lines": [4, 5, 6, 7, 8, 11, 13, 14, 17, 19, 21, 22, 34, 35, 36, 37, 39, 42, 44, 45, 48, 50, 51, 52, 54, 55, 57, 58, 60, 61, 62, 63, 64, 66, 67, 70, 72, 73, 74, 75, 77, 78, 80, 81, 82, 83, 86, 88, 89, 90, 92, 93, 94, 96, 97, 100, 101, 104, 113, 114, 116, 117, 119, 120, 121, 122, 123, 126, 130, 131, 132, 133, 135, 136, 142, 143, 144, 145, 146, 149, 151, 153, 161, 163, 164, 171, 172, 173, 175, 178, 180, 181, 188, 189, 190], "excluded_lines": [], "functions": {"choose_clone_url": {"executed_lines": [], "summary": {"covered_lines": 0, "num_statements": 11, "percent_covered": 0.0, "percent_covered_display": "0.00", "missing_lines": 11, "excluded_lines": 0}, "missing_lines": [13, 14, 17, 19, 21, 22, 34, 35, 36, 37, 39], "excluded_lines": []}, "sync_repository": {"executed_lines": [], "summary": {"covered_lines": 0, "num_statements": 2, "percent_covered": 0.0, "percent_covered_display": "0.00", "missing_lines": 2, "excluded_lines": 0}, "missing_lines": [44, 45], "excluded_lines": []}, "sync_repository_with_retries": {"executed_lines": [], "summary": {"covered_lines": 0, "num_statements": 14, "percent_covered": 0.0, "percent_covered_display": "0.00", "missing_lines": 14, "excluded_lines": 0}, "missing_lines": [50, 51, 52, 54, 55, 57, 58, 60, 61, 62, 63, 64, 66, 67], "excluded_lines": []}, "_sync_repository_once": {"executed_lines": [], "summary": {"covered_lines": 0, "num_statements": 10, "percent_covered": 0.0, "percent_covered_display": "0.00", "missing_lines": 10, "excluded_lines": 0}, "missing_lines": [72, 73, 74, 75, 77, 78, 80, 81, 82, 83], "excluded_lines": []}, "_update_repository": {"executed_lines": [], "summary": {"covered_lines": 0, "num_statements": 20, "percent_covered": 0.0, "percent_covered_display": "0.00", "missing_lines": 20, "excluded_lines": 0}, "missing_lines": [88, 89, 90, 92, 93, 94, 96, 97, 100, 101, 104, 113, 114, 116, 117, 119, 120, 121, 122, 123], "excluded_lines": []}, "_clone_repository": {"executed_lines": [], "summary": {"covered_lines": 0, "num_statements": 11, "percent_covered": 0.0, "percent_covered_display": "0.00", "missing_lines": 11, "excluded_lines": 0}, "missing_lines": [130, 131, 132, 133, 135, 136, 142, 143, 144, 145, 146], "excluded_lines": []}, "_auto_stash_changes": {"executed_lines": [], "summary": {"covered_lines": 0, "num_statements": 9, "percent_covered": 0.0, "percent_covered_display": "0.00", "missing_lines": 9, "excluded_lines": 0}, "missing_lines": [151, 153, 161, 163, 164, 171, 172, 173, 175], "excluded_lines": []}, "_auto_pop_stash": {"executed_lines": [], "summary": {"covered_lines": 0, "num_statements": 5, "percent_covered": 0.0, "percent_covered_display": "0.00", "missing_lines": 5, "excluded_lines": 0}, "missing_lines": [180, 181, 188, 189, 190], "excluded_lines": []}, "": {"executed_lines": [], "summary": {"covered_lines": 0, "num_statements": 13, "percent_covered": 0.0, "percent_covered_display": "0.00", "missing_lines": 13, "excluded_lines": 0}, "missing_lines": [4, 5, 6, 7, 8, 11, 42, 48, 70, 86, 126, 149, 178], "excluded_lines": []}}, "classes": {"": {"executed_lines": [], "summary": {"covered_lines": 0, "num_statements": 95, "percent_covered": 0.0, "percent_covered_display": "0.00", "missing_lines": 95, "excluded_lines": 0}, "missing_lines": [4, 5, 6, 7, 8, 11, 13, 14, 17, 19, 21, 22, 34, 35, 36, 37, 39, 42, 44, 45, 48, 50, 51, 52, 54, 55, 57, 58, 60, 61, 62, 63, 64, 66, 67, 70, 72, 73, 74, 75, 77, 78, 80, 81, 82, 83, 86, 88, 89, 90, 92, 93, 94, 96, 97, 100, 101, 104, 113, 114, 116, 117, 119, 120, 121, 122, 123, 126, 130, 131, 132, 133, 135, 136, 142, 143, 144, 145, 146, 149, 151, 153, 161, 163, 164, 171, 172, 173, 175, 178, 180, 181, 188, 189, 190], "excluded_lines": []}}}, "src/setup_repo/github_api.py": {"executed_lines": [], "summary": {"covered_lines": 0, "num_statements": 50, "percent_covered": 0.0, "percent_covered_display": "0.00", "missing_lines": 50, "excluded_lines": 0}, "missing_lines": [4, 5, 6, 7, 10, 12, 14, 15, 18, 19, 21, 24, 25, 27, 28, 33, 34, 35, 39, 40, 42, 43, 44, 45, 48, 49, 50, 51, 53, 54, 56, 57, 59, 60, 61, 62, 63, 64, 65, 66, 68, 71, 73, 74, 75, 78, 79, 80, 82, 83], "excluded_lines": [], "functions": {"get_repositories": {"executed_lines": [], "summary": {"covered_lines": 0, "num_statements": 36, "percent_covered": 0.0, "percent_covered_display": "0.00", "missing_lines": 36, "excluded_lines": 0}, "missing_lines": [12, 14, 15, 18, 19, 21, 24, 25, 27, 28, 33, 34, 35, 39, 40, 42, 43, 44, 45, 48, 49, 50, 51, 53, 54, 56, 57, 59, 60, 61, 62, 63, 64, 65, 66, 68], "excluded_lines": []}, "_get_authenticated_user": {"executed_lines": [], "summary": {"covered_lines": 0, "num_statements": 8, "percent_covered": 0.0, "percent_covered_display": "0.00", "missing_lines": 8, "excluded_lines": 0}, "missing_lines": [73, 74, 75, 78, 79, 80, 82, 83], "excluded_lines": []}, "": {"executed_lines": [], "summary": {"covered_lines": 0, "num_statements": 6, "percent_covered": 0.0, "percent_covered_display": "0.00", "missing_lines": 6, "excluded_lines": 0}, "missing_lines": [4, 5, 6, 7, 10, 71], "excluded_lines": []}}, "classes": {"": {"executed_lines": [], "summary": {"covered_lines": 0, "num_statements": 50, "percent_covered": 0.0, "percent_covered_display": "0.00", "missing_lines": 50, "excluded_lines": 0}, "missing_lines": [4, 5, 6, 7, 10, 12, 14, 15, 18, 19, 21, 24, 25, 27, 28, 33, 34, 35, 39, 40, 42, 43, 44, 45, 48, 49, 50, 51, 53, 54, 56, 57, 59, 60, 61, 62, 63, 64, 65, 66, 68, 71, 73, 74, 75, 78, 79, 80, 82, 83], "excluded_lines": []}}}, "src/setup_repo/gitignore_manager.py": {"executed_lines": [], "summary": {"covered_lines": 0, "num_statements": 78, "percent_covered": 0.0, "percent_covered_display": "0.00", "missing_lines": 78, "excluded_lines": 0}, "missing_lines": [3, 4, 7, 11, 70, 71, 72, 74, 76, 77, 79, 80, 81, 83, 84, 87, 88, 89, 90, 91, 93, 95, 96, 98, 99, 100, 101, 102, 103, 104, 105, 106, 107, 109, 111, 112, 114, 115, 119, 120, 122, 123, 124, 126, 128, 129, 130, 133, 134, 136, 137, 138, 140, 141, 142, 144, 145, 146, 148, 150, 163, 165, 167, 168, 170, 172, 177, 179, 181, 184, 185, 188, 189, 191, 192, 194, 195, 197], "excluded_lines": [], "functions": {"GitignoreManager.__init__": {"executed_lines": [], "summary": {"covered_lines": 0, "num_statements": 2, "percent_covered": 0.0, "percent_covered_display": "0.00", "missing_lines": 2, "excluded_lines": 0}, "missing_lines": [71, 72], "excluded_lines": []}, "GitignoreManager.ensure_gitignore_exists": {"executed_lines": [], "summary": {"covered_lines": 0, "num_statements": 12, "percent_covered": 0.0, "percent_covered_display": "0.00", "missing_lines": 12, "excluded_lines": 0}, "missing_lines": [76, 77, 79, 80, 81, 83, 84, 87, 88, 89, 90, 91], "excluded_lines": []}, "GitignoreManager.get_current_entries": {"executed_lines": [], "summary": {"covered_lines": 0, "num_statements": 12, "percent_covered": 0.0, "percent_covered_display": "0.00", "missing_lines": 12, "excluded_lines": 0}, "missing_lines": [95, 96, 98, 99, 100, 101, 102, 103, 104, 105, 106, 107], "excluded_lines": []}, "GitignoreManager.add_entries": {"executed_lines": [], "summary": {"covered_lines": 0, "num_statements": 24, "percent_covered": 0.0, "percent_covered_display": "0.00", "missing_lines": 24, "excluded_lines": 0}, "missing_lines": [111, 112, 114, 115, 119, 120, 122, 123, 124, 126, 128, 129, 130, 133, 134, 136, 137, 138, 140, 141, 142, 144, 145, 146], "excluded_lines": []}, "GitignoreManager.add_common_python_entries": {"executed_lines": [], "summary": {"covered_lines": 0, "num_statements": 2, "percent_covered": 0.0, "percent_covered_display": "0.00", "missing_lines": 2, "excluded_lines": 0}, "missing_lines": [150, 163], "excluded_lines": []}, "GitignoreManager.add_uv_entries": {"executed_lines": [], "summary": {"covered_lines": 0, "num_statements": 2, "percent_covered": 0.0, "percent_covered_display": "0.00", "missing_lines": 2, "excluded_lines": 0}, "missing_lines": [167, 168], "excluded_lines": []}, "GitignoreManager.add_vscode_entries": {"executed_lines": [], "summary": {"covered_lines": 0, "num_statements": 2, "percent_covered": 0.0, "percent_covered_display": "0.00", "missing_lines": 2, "excluded_lines": 0}, "missing_lines": [172, 177], "excluded_lines": []}, "GitignoreManager.setup_gitignore": {"executed_lines": [], "summary": {"covered_lines": 0, "num_statements": 10, "percent_covered": 0.0, "percent_covered_display": "0.00", "missing_lines": 10, "excluded_lines": 0}, "missing_lines": [181, 184, 185, 188, 189, 191, 192, 194, 195, 197], "excluded_lines": []}, "": {"executed_lines": [], "summary": {"covered_lines": 0, "num_statements": 12, "percent_covered": 0.0, "percent_covered_display": "0.00", "missing_lines": 12, "excluded_lines": 0}, "missing_lines": [3, 4, 7, 11, 70, 74, 93, 109, 148, 165, 170, 179], "excluded_lines": []}}, "classes": {"GitignoreManager": {"executed_lines": [], "summary": {"covered_lines": 0, "num_statements": 66, "percent_covered": 0.0, "percent_covered_display": "0.00", "missing_lines": 66, "excluded_lines": 0}, "missing_lines": [71, 72, 76, 77, 79, 80, 81, 83, 84, 87, 88, 89, 90, 91, 95, 96, 98, 99, 100, 101, 102, 103, 104, 105, 106, 107, 111, 112, 114, 115, 119, 120, 122, 123, 124, 126, 128, 129, 130, 133, 134, 136, 137, 138, 140, 141, 142, 144, 145, 146, 150, 163, 167, 168, 172, 177, 181, 184, 185, 188, 189, 191, 192, 194, 195, 197], "excluded_lines": []}, "": {"executed_lines": [], "summary": {"covered_lines": 0, "num_statements": 12, "percent_covered": 0.0, "percent_covered_display": "0.00", "missing_lines": 12, "excluded_lines": 0}, "missing_lines": [3, 4, 7, 11, 70, 74, 93, 109, 148, 165, 170, 179], "excluded_lines": []}}}, "src/setup_repo/interactive_setup.py": {"executed_lines": [], "summary": {"covered_lines": 0, "num_statements": 246, "percent_covered": 0.0, "percent_covered_display": "0.00", "missing_lines": 246, "excluded_lines": 0}, "missing_lines": [3, 4, 5, 6, 8, 9, 16, 19, 20, 21, 22, 24, 26, 27, 28, 29, 30, 31, 32, 33, 34, 35, 37, 39, 42, 43, 44, 48, 53, 54, 57, 58, 59, 61, 62, 63, 64, 65, 66, 68, 70, 72, 74, 75, 76, 77, 78, 80, 81, 82, 83, 85, 86, 87, 88, 91, 92, 93, 95, 97, 99, 101, 102, 103, 105, 110, 112, 113, 114, 116, 118, 120, 122, 123, 124, 125, 128, 129, 130, 132, 133, 134, 136, 137, 138, 142, 144, 147, 148, 149, 150, 153, 154, 155, 156, 161, 162, 164, 166, 168, 169, 172, 175, 176, 177, 179, 181, 183, 184, 187, 188, 189, 190, 191, 193, 195, 196, 198, 200, 201, 203, 204, 205, 208, 209, 210, 211, 212, 213, 214, 216, 218, 219, 221, 222, 223, 224, 225, 226, 227, 228, 229, 230, 232, 233, 234, 236, 238, 241, 242, 243, 244, 246, 248, 249, 252, 253, 254, 256, 258, 261, 262, 263, 264, 265, 266, 267, 269, 272, 273, 274, 275, 276, 277, 278, 279, 281, 283, 285, 287, 289, 290, 292, 293, 296, 297, 298, 299, 300, 301, 302, 303, 305, 307, 309, 312, 324, 326, 327, 328, 330, 331, 332, 333, 334, 338, 339, 340, 342, 344, 346, 347, 348, 349, 350, 351, 353, 354, 355, 356, 357, 359, 360, 361, 362, 364, 366, 367, 369, 370, 372, 373, 375, 376, 378, 379, 381, 382, 384, 385, 387, 388, 389, 390, 391, 392], "excluded_lines": [], "functions": {"SetupWizard.__init__": {"executed_lines": [], "summary": {"covered_lines": 0, "num_statements": 3, "percent_covered": 0.0, "percent_covered_display": "0.00", "missing_lines": 3, "excluded_lines": 0}, "missing_lines": [20, 21, 22], "excluded_lines": []}, "SetupWizard.welcome_message": {"executed_lines": [], "summary": {"covered_lines": 0, "num_statements": 10, "percent_covered": 0.0, "percent_covered_display": "0.00", "missing_lines": 10, "excluded_lines": 0}, "missing_lines": [26, 27, 28, 29, 30, 31, 32, 33, 34, 35], "excluded_lines": []}, "SetupWizard.check_prerequisites": {"executed_lines": [], "summary": {"covered_lines": 0, "num_statements": 17, "percent_covered": 0.0, "percent_covered_display": "0.00", "missing_lines": 17, "excluded_lines": 0}, "missing_lines": [39, 42, 43, 44, 48, 53, 54, 57, 58, 59, 61, 62, 63, 64, 65, 66, 68], "excluded_lines": []}, "SetupWizard._show_prerequisite_help": {"executed_lines": [], "summary": {"covered_lines": 0, "num_statements": 17, "percent_covered": 0.0, "percent_covered_display": "0.00", "missing_lines": 17, "excluded_lines": 0}, "missing_lines": [72, 74, 75, 76, 77, 78, 80, 81, 82, 83, 85, 86, 87, 88, 91, 92, 93], "excluded_lines": []}, "SetupWizard.setup_package_managers": {"executed_lines": [], "summary": {"covered_lines": 0, "num_statements": 11, "percent_covered": 0.0, "percent_covered_display": "0.00", "missing_lines": 11, "excluded_lines": 0}, "missing_lines": [97, 99, 101, 102, 103, 105, 110, 112, 113, 114, 116], "excluded_lines": []}, "SetupWizard._show_package_manager_help": {"executed_lines": [], "summary": {"covered_lines": 0, "num_statements": 14, "percent_covered": 0.0, "percent_covered_display": "0.00", "missing_lines": 14, "excluded_lines": 0}, "missing_lines": [120, 122, 123, 124, 125, 128, 129, 130, 132, 133, 134, 136, 137, 138], "excluded_lines": []}, "SetupWizard.install_tools": {"executed_lines": [], "summary": {"covered_lines": 0, "num_statements": 12, "percent_covered": 0.0, "percent_covered_display": "0.00", "missing_lines": 12, "excluded_lines": 0}, "missing_lines": [144, 147, 148, 149, 150, 153, 154, 155, 156, 161, 162, 164], "excluded_lines": []}, "SetupWizard._check_tool": {"executed_lines": [], "summary": {"covered_lines": 0, "num_statements": 6, "percent_covered": 0.0, "percent_covered_display": "0.00", "missing_lines": 6, "excluded_lines": 0}, "missing_lines": [168, 169, 172, 175, 176, 177], "excluded_lines": []}, "SetupWizard._install_uv": {"executed_lines": [], "summary": {"covered_lines": 0, "num_statements": 24, "percent_covered": 0.0, "percent_covered_display": "0.00", "missing_lines": 24, "excluded_lines": 0}, "missing_lines": [181, 183, 184, 187, 188, 189, 190, 191, 193, 195, 196, 198, 200, 201, 203, 204, 205, 208, 209, 210, 211, 212, 213, 214], "excluded_lines": []}, "SetupWizard._install_gh": {"executed_lines": [], "summary": {"covered_lines": 0, "num_statements": 15, "percent_covered": 0.0, "percent_covered_display": "0.00", "missing_lines": 15, "excluded_lines": 0}, "missing_lines": [218, 219, 221, 222, 223, 224, 225, 226, 227, 228, 229, 230, 232, 233, 234], "excluded_lines": []}, "SetupWizard.configure_github": {"executed_lines": [], "summary": {"covered_lines": 0, "num_statements": 31, "percent_covered": 0.0, "percent_covered_display": "0.00", "missing_lines": 31, "excluded_lines": 0}, "missing_lines": [238, 241, 242, 243, 244, 246, 248, 249, 252, 253, 254, 256, 258, 261, 262, 263, 264, 265, 266, 267, 269, 272, 273, 274, 275, 276, 277, 278, 279, 281, 283], "excluded_lines": []}, "SetupWizard.configure_workspace": {"executed_lines": [], "summary": {"covered_lines": 0, "num_statements": 14, "percent_covered": 0.0, "percent_covered_display": "0.00", "missing_lines": 14, "excluded_lines": 0}, "missing_lines": [287, 289, 290, 292, 293, 296, 297, 298, 299, 300, 301, 302, 303, 305], "excluded_lines": []}, "SetupWizard.save_config": {"executed_lines": [], "summary": {"covered_lines": 0, "num_statements": 15, "percent_covered": 0.0, "percent_covered_display": "0.00", "missing_lines": 15, "excluded_lines": 0}, "missing_lines": [309, 312, 324, 326, 327, 328, 330, 331, 332, 333, 334, 338, 339, 340, 342], "excluded_lines": []}, "SetupWizard.show_next_steps": {"executed_lines": [], "summary": {"covered_lines": 0, "num_statements": 15, "percent_covered": 0.0, "percent_covered_display": "0.00", "missing_lines": 15, "excluded_lines": 0}, "missing_lines": [346, 347, 348, 349, 350, 351, 353, 354, 355, 356, 357, 359, 360, 361, 362], "excluded_lines": []}, "SetupWizard.run": {"executed_lines": [], "summary": {"covered_lines": 0, "num_statements": 20, "percent_covered": 0.0, "percent_covered_display": "0.00", "missing_lines": 20, "excluded_lines": 0}, "missing_lines": [366, 367, 369, 370, 372, 373, 375, 376, 378, 379, 381, 382, 384, 385, 387, 388, 389, 390, 391, 392], "excluded_lines": []}, "": {"executed_lines": [], "summary": {"covered_lines": 0, "num_statements": 22, "percent_covered": 0.0, "percent_covered_display": "0.00", "missing_lines": 22, "excluded_lines": 0}, "missing_lines": [3, 4, 5, 6, 8, 9, 16, 19, 24, 37, 70, 95, 118, 142, 166, 179, 216, 236, 285, 307, 344, 364], "excluded_lines": []}}, "classes": {"SetupWizard": {"executed_lines": [], "summary": {"covered_lines": 0, "num_statements": 224, "percent_covered": 0.0, "percent_covered_display": "0.00", "missing_lines": 224, "excluded_lines": 0}, "missing_lines": [20, 21, 22, 26, 27, 28, 29, 30, 31, 32, 33, 34, 35, 39, 42, 43, 44, 48, 53, 54, 57, 58, 59, 61, 62, 63, 64, 65, 66, 68, 72, 74, 75, 76, 77, 78, 80, 81, 82, 83, 85, 86, 87, 88, 91, 92, 93, 97, 99, 101, 102, 103, 105, 110, 112, 113, 114, 116, 120, 122, 123, 124, 125, 128, 129, 130, 132, 133, 134, 136, 137, 138, 144, 147, 148, 149, 150, 153, 154, 155, 156, 161, 162, 164, 168, 169, 172, 175, 176, 177, 181, 183, 184, 187, 188, 189, 190, 191, 193, 195, 196, 198, 200, 201, 203, 204, 205, 208, 209, 210, 211, 212, 213, 214, 218, 219, 221, 222, 223, 224, 225, 226, 227, 228, 229, 230, 232, 233, 234, 238, 241, 242, 243, 244, 246, 248, 249, 252, 253, 254, 256, 258, 261, 262, 263, 264, 265, 266, 267, 269, 272, 273, 274, 275, 276, 277, 278, 279, 281, 283, 287, 289, 290, 292, 293, 296, 297, 298, 299, 300, 301, 302, 303, 305, 309, 312, 324, 326, 327, 328, 330, 331, 332, 333, 334, 338, 339, 340, 342, 346, 347, 348, 349, 350, 351, 353, 354, 355, 356, 357, 359, 360, 361, 362, 366, 367, 369, 370, 372, 373, 375, 376, 378, 379, 381, 382, 384, 385, 387, 388, 389, 390, 391, 392], "excluded_lines": []}, "": {"executed_lines": [], "summary": {"covered_lines": 0, "num_statements": 22, "percent_covered": 0.0, "percent_covered_display": "0.00", "missing_lines": 22, "excluded_lines": 0}, "missing_lines": [3, 4, 5, 6, 8, 9, 16, 19, 24, 37, 70, 95, 118, 142, 166, 179, 216, 236, 285, 307, 344, 364], "excluded_lines": []}}}, "src/setup_repo/platform_detector.py": {"executed_lines": [], "summary": {"covered_lines": 0, "num_statements": 36, "percent_covered": 0.0, "percent_covered_display": "0.00", "missing_lines": 36, "excluded_lines": 0}, "missing_lines": [3, 4, 5, 6, 7, 10, 11, 14, 15, 16, 17, 18, 21, 23, 25, 26, 33, 34, 41, 42, 50, 59, 61, 62, 63, 64, 65, 68, 70, 71, 72, 73, 74, 77, 79, 108], "excluded_lines": [], "functions": {"detect_platform": {"executed_lines": [], "summary": {"covered_lines": 0, "num_statements": 8, "percent_covered": 0.0, "percent_covered_display": "0.00", "missing_lines": 8, "excluded_lines": 0}, "missing_lines": [23, 25, 26, 33, 34, 41, 42, 50], "excluded_lines": []}, "check_package_manager": {"executed_lines": [], "summary": {"covered_lines": 0, "num_statements": 5, "percent_covered": 0.0, "percent_covered_display": "0.00", "missing_lines": 5, "excluded_lines": 0}, "missing_lines": [61, 62, 63, 64, 65], "excluded_lines": []}, "get_available_package_managers": {"executed_lines": [], "summary": {"covered_lines": 0, "num_statements": 5, "percent_covered": 0.0, "percent_covered_display": "0.00", "missing_lines": 5, "excluded_lines": 0}, "missing_lines": [70, 71, 72, 73, 74], "excluded_lines": []}, "get_install_commands": {"executed_lines": [], "summary": {"covered_lines": 0, "num_statements": 2, "percent_covered": 0.0, "percent_covered_display": "0.00", "missing_lines": 2, "excluded_lines": 0}, "missing_lines": [79, 108], "excluded_lines": []}, "": {"executed_lines": [], "summary": {"covered_lines": 0, "num_statements": 16, "percent_covered": 0.0, "percent_covered_display": "0.00", "missing_lines": 16, "excluded_lines": 0}, "missing_lines": [3, 4, 5, 6, 7, 10, 11, 14, 15, 16, 17, 18, 21, 59, 68, 77], "excluded_lines": []}}, "classes": {"PlatformInfo": {"executed_lines": [], "summary": {"covered_lines": 0, "num_statements": 0, "percent_covered": 100.0, "percent_covered_display": "100.00", "missing_lines": 0, "excluded_lines": 0}, "missing_lines": [], "excluded_lines": []}, "": {"executed_lines": [], "summary": {"covered_lines": 0, "num_statements": 36, "percent_covered": 0.0, "percent_covered_display": "0.00", "missing_lines": 36, "excluded_lines": 0}, "missing_lines": [3, 4, 5, 6, 7, 10, 11, 14, 15, 16, 17, 18, 21, 23, 25, 26, 33, 34, 41, 42, 50, 59, 61, 62, 63, 64, 65, 68, 70, 71, 72, 73, 74, 77, 79, 108], "excluded_lines": []}}}, "src/setup_repo/python_env.py": {"executed_lines": [], "summary": {"covered_lines": 0, "num_statements": 50, "percent_covered": 0.0, "percent_covered_display": "0.00", "missing_lines": 50, "excluded_lines": 0}, "missing_lines": [4, 5, 6, 9, 11, 19, 22, 24, 27, 29, 30, 32, 33, 35, 36, 37, 39, 40, 42, 45, 47, 49, 50, 51, 52, 55, 58, 61, 62, 65, 72, 73, 75, 76, 79, 81, 83, 84, 85, 89, 90, 91, 93, 99, 100, 106, 107, 109, 110, 111], "excluded_lines": [], "functions": {"has_python_project": {"executed_lines": [], "summary": {"covered_lines": 0, "num_statements": 2, "percent_covered": 0.0, "percent_covered_display": "0.00", "missing_lines": 2, "excluded_lines": 0}, "missing_lines": [11, 19], "excluded_lines": []}, "ensure_uv": {"executed_lines": [], "summary": {"covered_lines": 0, "num_statements": 1, "percent_covered": 0.0, "percent_covered_display": "0.00", "missing_lines": 1, "excluded_lines": 0}, "missing_lines": [24], "excluded_lines": []}, "setup_python_environment": {"executed_lines": [], "summary": {"covered_lines": 0, "num_statements": 10, "percent_covered": 0.0, "percent_covered_display": "0.00", "missing_lines": 10, "excluded_lines": 0}, "missing_lines": [29, 30, 32, 33, 35, 36, 37, 39, 40, 42], "excluded_lines": []}, "_setup_with_uv": {"executed_lines": [], "summary": {"covered_lines": 0, "num_statements": 14, "percent_covered": 0.0, "percent_covered_display": "0.00", "missing_lines": 14, "excluded_lines": 0}, "missing_lines": [47, 49, 50, 51, 52, 55, 58, 61, 62, 65, 72, 73, 75, 76], "excluded_lines": []}, "_setup_with_venv": {"executed_lines": [], "summary": {"covered_lines": 0, "num_statements": 15, "percent_covered": 0.0, "percent_covered_display": "0.00", "missing_lines": 15, "excluded_lines": 0}, "missing_lines": [81, 83, 84, 85, 89, 90, 91, 93, 99, 100, 106, 107, 109, 110, 111], "excluded_lines": []}, "": {"executed_lines": [], "summary": {"covered_lines": 0, "num_statements": 8, "percent_covered": 0.0, "percent_covered_display": "0.00", "missing_lines": 8, "excluded_lines": 0}, "missing_lines": [4, 5, 6, 9, 22, 27, 45, 79], "excluded_lines": []}}, "classes": {"": {"executed_lines": [], "summary": {"covered_lines": 0, "num_statements": 50, "percent_covered": 0.0, "percent_covered_display": "0.00", "missing_lines": 50, "excluded_lines": 0}, "missing_lines": [4, 5, 6, 9, 11, 19, 22, 24, 27, 29, 30, 32, 33, 35, 36, 37, 39, 40, 42, 45, 47, 49, 50, 51, 52, 55, 58, 61, 62, 65, 72, 73, 75, 76, 79, 81, 83, 84, 85, 89, 90, 91, 93, 99, 100, 106, 107, 109, 110, 111], "excluded_lines": []}}}, "src/setup_repo/safety_check.py": {"executed_lines": [], "summary": {"covered_lines": 0, "num_statements": 44, "percent_covered": 0.0, "percent_covered_display": "0.00", "missing_lines": 44, "excluded_lines": 0}, "missing_lines": [4, 5, 6, 9, 11, 12, 14, 16, 18, 25, 26, 29, 35, 36, 39, 46, 47, 49, 50, 52, 55, 57, 58, 59, 61, 62, 63, 64, 66, 67, 68, 69, 70, 73, 75, 76, 77, 79, 81, 82, 83, 84, 85, 86], "excluded_lines": [], "functions": {"check_unpushed_changes": {"executed_lines": [], "summary": {"covered_lines": 0, "num_statements": 16, "percent_covered": 0.0, "percent_covered_display": "0.00", "missing_lines": 16, "excluded_lines": 0}, "missing_lines": [11, 12, 14, 16, 18, 25, 26, 29, 35, 36, 39, 46, 47, 49, 50, 52], "excluded_lines": []}, "prompt_user_action": {"executed_lines": [], "summary": {"covered_lines": 0, "num_statements": 12, "percent_covered": 0.0, "percent_covered_display": "0.00", "missing_lines": 12, "excluded_lines": 0}, "missing_lines": [57, 58, 59, 61, 62, 63, 64, 66, 67, 68, 69, 70], "excluded_lines": []}, "create_emergency_backup": {"executed_lines": [], "summary": {"covered_lines": 0, "num_statements": 10, "percent_covered": 0.0, "percent_covered_display": "0.00", "missing_lines": 10, "excluded_lines": 0}, "missing_lines": [75, 76, 77, 79, 81, 82, 83, 84, 85, 86], "excluded_lines": []}, "": {"executed_lines": [], "summary": {"covered_lines": 0, "num_statements": 6, "percent_covered": 0.0, "percent_covered_display": "0.00", "missing_lines": 6, "excluded_lines": 0}, "missing_lines": [4, 5, 6, 9, 55, 73], "excluded_lines": []}}, "classes": {"": {"executed_lines": [], "summary": {"covered_lines": 0, "num_statements": 44, "percent_covered": 0.0, "percent_covered_display": "0.00", "missing_lines": 44, "excluded_lines": 0}, "missing_lines": [4, 5, 6, 9, 11, 12, 14, 16, 18, 25, 26, 29, 35, 36, 39, 46, 47, 49, 50, 52, 55, 57, 58, 59, 61, 62, 63, 64, 66, 67, 68, 69, 70, 73, 75, 76, 77, 79, 81, 82, 83, 84, 85, 86], "excluded_lines": []}}}, "src/setup_repo/setup.py": {"executed_lines": [], "summary": {"covered_lines": 0, "num_statements": 15, "percent_covered": 0.0, "percent_covered_display": "0.00", "missing_lines": 15, "excluded_lines": 0}, "missing_lines": [3, 5, 8, 10, 11, 14, 16, 18, 19, 20, 23, 24, 27, 29, 30], "excluded_lines": [], "functions": {"setup_dependencies": {"executed_lines": [], "summary": {"covered_lines": 0, "num_statements": 2, "percent_covered": 0.0, "percent_covered_display": "0.00", "missing_lines": 2, "excluded_lines": 0}, "missing_lines": [10, 11], "excluded_lines": []}, "create_personal_config": {"executed_lines": [], "summary": {"covered_lines": 0, "num_statements": 6, "percent_covered": 0.0, "percent_covered_display": "0.00", "missing_lines": 6, "excluded_lines": 0}, "missing_lines": [16, 18, 19, 20, 23, 24], "excluded_lines": []}, "run_interactive_setup": {"executed_lines": [], "summary": {"covered_lines": 0, "num_statements": 2, "percent_covered": 0.0, "percent_covered_display": "0.00", "missing_lines": 2, "excluded_lines": 0}, "missing_lines": [29, 30], "excluded_lines": []}, "": {"executed_lines": [], "summary": {"covered_lines": 0, "num_statements": 5, "percent_covered": 0.0, "percent_covered_display": "0.00", "missing_lines": 5, "excluded_lines": 0}, "missing_lines": [3, 5, 8, 14, 27], "excluded_lines": []}}, "classes": {"": {"executed_lines": [], "summary": {"covered_lines": 0, "num_statements": 15, "percent_covered": 0.0, "percent_covered_display": "0.00", "missing_lines": 15, "excluded_lines": 0}, "missing_lines": [3, 5, 8, 10, 11, 14, 16, 18, 19, 20, 23, 24, 27, 29, 30], "excluded_lines": []}}}, "src/setup_repo/sync.py": {"executed_lines": [], "summary": {"covered_lines": 0, "num_statements": 77, "percent_covered": 0.0, "percent_covered_display": "0.00", "missing_lines": 77, "excluded_lines": 0}, "missing_lines": [3, 4, 5, 7, 8, 9, 10, 11, 16, 17, 18, 21, 23, 24, 25, 26, 28, 31, 32, 33, 34, 35, 39, 40, 43, 44, 45, 46, 49, 50, 51, 52, 53, 54, 55, 56, 59, 61, 64, 65, 68, 69, 71, 72, 73, 75, 78, 79, 80, 83, 84, 85, 88, 89, 91, 92, 93, 96, 97, 98, 99, 100, 101, 102, 103, 104, 105, 106, 107, 110, 111, 114, 115, 118, 121, 123, 124], "excluded_lines": [], "functions": {"sync_repositories": {"executed_lines": [], "summary": {"covered_lines": 0, "num_statements": 65, "percent_covered": 0.0, "percent_covered_display": "0.00", "missing_lines": 65, "excluded_lines": 0}, "missing_lines": [23, 24, 25, 26, 28, 31, 32, 33, 34, 35, 39, 40, 43, 44, 45, 46, 49, 50, 51, 52, 53, 54, 55, 56, 59, 61, 64, 65, 68, 69, 71, 72, 73, 75, 78, 79, 80, 83, 84, 85, 88, 89, 91, 92, 93, 96, 97, 98, 99, 100, 101, 102, 103, 104, 105, 106, 107, 110, 111, 114, 115, 118, 121, 123, 124], "excluded_lines": []}, "": {"executed_lines": [], "summary": {"covered_lines": 0, "num_statements": 12, "percent_covered": 0.0, "percent_covered_display": "0.00", "missing_lines": 12, "excluded_lines": 0}, "missing_lines": [3, 4, 5, 7, 8, 9, 10, 11, 16, 17, 18, 21], "excluded_lines": []}}, "classes": {"": {"executed_lines": [], "summary": {"covered_lines": 0, "num_statements": 77, "percent_covered": 0.0, "percent_covered_display": "0.00", "missing_lines": 77, "excluded_lines": 0}, "missing_lines": [3, 4, 5, 7, 8, 9, 10, 11, 16, 17, 18, 21, 23, 24, 25, 26, 28, 31, 32, 33, 34, 35, 39, 40, 43, 44, 45, 46, 49, 50, 51, 52, 53, 54, 55, 56, 59, 61, 64, 65, 68, 69, 71, 72, 73, 75, 78, 79, 80, 83, 84, 85, 88, 89, 91, 92, 93, 96, 97, 98, 99, 100, 101, 102, 103, 104, 105, 106, 107, 110, 111, 114, 115, 118, 121, 123, 124], "excluded_lines": []}}}, "src/setup_repo/utils.py": {"executed_lines": [], "summary": {"covered_lines": 0, "num_statements": 71, "percent_covered": 0.0, "percent_covered_display": "0.00", "missing_lines": 71, "excluded_lines": 0}, "missing_lines": [4, 5, 6, 7, 8, 9, 12, 15, 16, 17, 19, 21, 22, 23, 26, 28, 29, 31, 32, 33, 34, 35, 37, 39, 40, 41, 42, 43, 44, 45, 46, 47, 50, 53, 54, 55, 56, 58, 59, 61, 63, 64, 65, 67, 68, 69, 70, 72, 73, 74, 75, 77, 78, 79, 81, 82, 84, 85, 87, 89, 90, 91, 92, 95, 97, 99, 100, 101, 102, 103, 104], "excluded_lines": [], "functions": {"ProcessLock.__init__": {"executed_lines": [], "summary": {"covered_lines": 0, "num_statements": 2, "percent_covered": 0.0, "percent_covered_display": "0.00", "missing_lines": 2, "excluded_lines": 0}, "missing_lines": [16, 17], "excluded_lines": []}, "ProcessLock.acquire": {"executed_lines": [], "summary": {"covered_lines": 0, "num_statements": 11, "percent_covered": 0.0, "percent_covered_display": "0.00", "missing_lines": 11, "excluded_lines": 0}, "missing_lines": [21, 22, 23, 26, 28, 29, 31, 32, 33, 34, 35], "excluded_lines": []}, "ProcessLock.release": {"executed_lines": [], "summary": {"covered_lines": 0, "num_statements": 9, "percent_covered": 0.0, "percent_covered_display": "0.00", "missing_lines": 9, "excluded_lines": 0}, "missing_lines": [39, 40, 41, 42, 43, 44, 45, 46, 47], "excluded_lines": []}, "TeeLogger.__init__": {"executed_lines": [], "summary": {"covered_lines": 0, "num_statements": 5, "percent_covered": 0.0, "percent_covered_display": "0.00", "missing_lines": 5, "excluded_lines": 0}, "missing_lines": [54, 55, 56, 58, 59], "excluded_lines": []}, "TeeLogger._setup_tee": {"executed_lines": [], "summary": {"covered_lines": 0, "num_statements": 11, "percent_covered": 0.0, "percent_covered_display": "0.00", "missing_lines": 11, "excluded_lines": 0}, "missing_lines": [63, 64, 65, 67, 68, 72, 77, 81, 82, 84, 85], "excluded_lines": []}, "TeeLogger._setup_tee.TeeWriter.__init__": {"executed_lines": [], "summary": {"covered_lines": 0, "num_statements": 2, "percent_covered": 0.0, "percent_covered_display": "0.00", "missing_lines": 2, "excluded_lines": 0}, "missing_lines": [69, 70], "excluded_lines": []}, "TeeLogger._setup_tee.TeeWriter.write": {"executed_lines": [], "summary": {"covered_lines": 0, "num_statements": 3, "percent_covered": 0.0, "percent_covered_display": "0.00", "missing_lines": 3, "excluded_lines": 0}, "missing_lines": [73, 74, 75], "excluded_lines": []}, "TeeLogger._setup_tee.TeeWriter.flush": {"executed_lines": [], "summary": {"covered_lines": 0, "num_statements": 2, "percent_covered": 0.0, "percent_covered_display": "0.00", "missing_lines": 2, "excluded_lines": 0}, "missing_lines": [78, 79], "excluded_lines": []}, "TeeLogger.close": {"executed_lines": [], "summary": {"covered_lines": 0, "num_statements": 4, "percent_covered": 0.0, "percent_covered_display": "0.00", "missing_lines": 4, "excluded_lines": 0}, "missing_lines": [89, 90, 91, 92], "excluded_lines": []}, "detect_platform": {"executed_lines": [], "summary": {"covered_lines": 0, "num_statements": 7, "percent_covered": 0.0, "percent_covered_display": "0.00", "missing_lines": 7, "excluded_lines": 0}, "missing_lines": [97, 99, 100, 101, 102, 103, 104], "excluded_lines": []}, "": {"executed_lines": [], "summary": {"covered_lines": 0, "num_statements": 15, "percent_covered": 0.0, "percent_covered_display": "0.00", "missing_lines": 15, "excluded_lines": 0}, "missing_lines": [4, 5, 6, 7, 8, 9, 12, 15, 19, 37, 50, 53, 61, 87, 95], "excluded_lines": []}}, "classes": {"ProcessLock": {"executed_lines": [], "summary": {"covered_lines": 0, "num_statements": 22, "percent_covered": 0.0, "percent_covered_display": "0.00", "missing_lines": 22, "excluded_lines": 0}, "missing_lines": [16, 17, 21, 22, 23, 26, 28, 29, 31, 32, 33, 34, 35, 39, 40, 41, 42, 43, 44, 45, 46, 47], "excluded_lines": []}, "TeeLogger": {"executed_lines": [], "summary": {"covered_lines": 0, "num_statements": 20, "percent_covered": 0.0, "percent_covered_display": "0.00", "missing_lines": 20, "excluded_lines": 0}, "missing_lines": [54, 55, 56, 58, 59, 63, 64, 65, 67, 68, 72, 77, 81, 82, 84, 85, 89, 90, 91, 92], "excluded_lines": []}, "TeeLogger._setup_tee.TeeWriter": {"executed_lines": [], "summary": {"covered_lines": 0, "num_statements": 7, "percent_covered": 0.0, "percent_covered_display": "0.00", "missing_lines": 7, "excluded_lines": 0}, "missing_lines": [69, 70, 73, 74, 75, 78, 79], "excluded_lines": []}, "": {"executed_lines": [], "summary": {"covered_lines": 0, "num_statements": 22, "percent_covered": 0.0, "percent_covered_display": "0.00", "missing_lines": 22, "excluded_lines": 0}, "missing_lines": [4, 5, 6, 7, 8, 9, 12, 15, 19, 37, 50, 53, 61, 87, 95, 97, 99, 100, 101, 102, 103, 104], "excluded_lines": []}}}, "src/setup_repo/uv_installer.py": {"executed_lines": [], "summary": {"covered_lines": 0, "num_statements": 25, "percent_covered": 0.0, "percent_covered_display": "0.00", "missing_lines": 25, "excluded_lines": 0}, "missing_lines": [4, 5, 8, 10, 11, 12, 14, 17, 18, 19, 20, 21, 22, 23, 26, 27, 28, 29, 34, 35, 36, 37, 38, 40, 41], "excluded_lines": [], "functions": {"ensure_uv": {"executed_lines": [], "summary": {"covered_lines": 0, "num_statements": 22, "percent_covered": 0.0, "percent_covered_display": "0.00", "missing_lines": 22, "excluded_lines": 0}, "missing_lines": [10, 11, 12, 14, 17, 18, 19, 20, 21, 22, 23, 26, 27, 28, 29, 34, 35, 36, 37, 38, 40, 41], "excluded_lines": []}, "": {"executed_lines": [], "summary": {"covered_lines": 0, "num_statements": 3, "percent_covered": 0.0, "percent_covered_display": "0.00", "missing_lines": 3, "excluded_lines": 0}, "missing_lines": [4, 5, 8], "excluded_lines": []}}, "classes": {"": {"executed_lines": [], "summary": {"covered_lines": 0, "num_statements": 25, "percent_covered": 0.0, "percent_covered_display": "0.00", "missing_lines": 25, "excluded_lines": 0}, "missing_lines": [4, 5, 8, 10, 11, 12, 14, 17, 18, 19, 20, 21, 22, 23, 26, 27, 28, 29, 34, 35, 36, 37, 38, 40, 41], "excluded_lines": []}}}, "src/setup_repo/vscode_setup.py": {"executed_lines": [], "summary": {"covered_lines": 0, "num_statements": 28, "percent_covered": 0.0, "percent_covered_display": "0.00", "missing_lines": 28, "excluded_lines": 0}, "missing_lines": [4, 5, 6, 9, 13, 14, 15, 18, 19, 20, 22, 23, 25, 27, 29, 30, 31, 33, 35, 36, 37, 38, 41, 42, 43, 45, 46, 47], "excluded_lines": [], "functions": {"apply_vscode_template": {"executed_lines": [], "summary": {"covered_lines": 0, "num_statements": 24, "percent_covered": 0.0, "percent_covered_display": "0.00", "missing_lines": 24, "excluded_lines": 0}, "missing_lines": [13, 14, 15, 18, 19, 20, 22, 23, 25, 27, 29, 30, 31, 33, 35, 36, 37, 38, 41, 42, 43, 45, 46, 47], "excluded_lines": []}, "": {"executed_lines": [], "summary": {"covered_lines": 0, "num_statements": 4, "percent_covered": 0.0, "percent_covered_display": "0.00", "missing_lines": 4, "excluded_lines": 0}, "missing_lines": [4, 5, 6, 9], "excluded_lines": []}}, "classes": {"": {"executed_lines": [], "summary": {"covered_lines": 0, "num_statements": 28, "percent_covered": 0.0, "percent_covered_display": "0.00", "missing_lines": 28, "excluded_lines": 0}, "missing_lines": [4, 5, 6, 9, 13, 14, 15, 18, 19, 20, 22, 23, 25, 27, 29, 30, 31, 33, 35, 36, 37, 38, 41, 42, 43, 45, 46, 47], "excluded_lines": []}}}}, "totals": {"covered_lines": 38, "num_statements": 866, "percent_covered": 4.387990762124711, "percent_covered_display": "4.39", "missing_lines": 828, "excluded_lines": 0}}
