{"meta": {"format": 3, "version": "7.10.6", "timestamp": "2025-09-10T16:01:48.145918", "branch_coverage": false, "show_contexts": false}, "files": {"src/setup_repo/__init__.py": {"executed_lines": [1, 3], "summary": {"covered_lines": 1, "num_statements": 1, "percent_covered": 100.0, "percent_covered_display": "100.00", "missing_lines": 0, "excluded_lines": 0}, "missing_lines": [], "excluded_lines": [], "functions": {"": {"executed_lines": [1, 3], "summary": {"covered_lines": 1, "num_statements": 1, "percent_covered": 100.0, "percent_covered_display": "100.00", "missing_lines": 0, "excluded_lines": 0}, "missing_lines": [], "excluded_lines": []}}, "classes": {"": {"executed_lines": [1, 3], "summary": {"covered_lines": 1, "num_statements": 1, "percent_covered": 100.0, "percent_covered_display": "100.00", "missing_lines": 0, "excluded_lines": 0}, "missing_lines": [], "excluded_lines": []}}}, "src/setup_repo/ci_error_handler.py": {"executed_lines": [1, 8, 9, 10, 11, 12, 13, 14, 16, 23, 24, 26, 27, 29, 44, 45, 47, 48, 55, 56, 57, 60, 62, 67, 72, 89, 90, 92, 94, 95, 96, 99, 102, 103, 109, 110, 111, 116, 117, 119, 120, 122, 128, 129, 131, 145, 146, 147, 148, 151, 152, 153, 155, 163, 166, 169, 170, 175, 183, 185, 192, 195, 198, 204, 205, 207, 211, 212, 213, 229, 231, 240, 241, 247, 248, 250, 251, 253, 255, 257, 259, 263, 264, 266, 268, 269, 271, 274, 279, 281, 283, 284, 286, 300, 301, 302, 304, 305, 307, 308, 312, 314, 316, 318, 321, 322, 325, 327, 328, 329, 330, 332, 337, 339, 341, 349, 350, 352, 354, 357, 360, 362, 364, 380, 387, 388, 389, 392, 394, 402], "summary": {"covered_lines": 127, "num_statements": 162, "percent_covered": 78.39506172839506, "percent_covered_display": "78.40", "missing_lines": 35, "excluded_lines": 0}, "missing_lines": [69, 70, 86, 87, 105, 106, 124, 125, 199, 214, 215, 216, 217, 219, 220, 221, 222, 224, 225, 226, 227, 260, 261, 275, 319, 323, 334, 335, 355, 358, 366, 368, 371, 373, 377], "excluded_lines": [], "functions": {"CIEnvironmentInfo.get_github_actions_info": {"executed_lines": [29], "summary": {"covered_lines": 1, "num_statements": 1, "percent_covered": 100.0, "percent_covered_display": "100.00", "missing_lines": 0, "excluded_lines": 0}, "missing_lines": [], "excluded_lines": []}, "CIEnvironmentInfo.get_system_info": {"executed_lines": [47, 48, 55, 56, 57, 60, 62, 67, 72], "summary": {"covered_lines": 9, "num_statements": 13, "percent_covered": 69.23076923076923, "percent_covered_display": "69.23", "missing_lines": 4, "excluded_lines": 0}, "missing_lines": [69, 70, 86, 87], "excluded_lines": []}, "CIEnvironmentInfo.get_dependency_info": {"executed_lines": [92, 94, 95, 96, 99, 102, 103, 109, 110, 111, 116, 117, 119, 120, 122], "summary": {"covered_lines": 15, "num_statements": 19, "percent_covered": 78.94736842105263, "percent_covered_display": "78.95", "missing_lines": 4, "excluded_lines": 0}, "missing_lines": [105, 106, 124, 125], "excluded_lines": []}, "CIErrorHandler.__init__": {"executed_lines": [145, 146, 147, 148, 151, 152, 153], "summary": {"covered_lines": 7, "num_statements": 7, "percent_covered": 100.0, "percent_covered_display": "100.00", "missing_lines": 0, "excluded_lines": 0}, "missing_lines": [], "excluded_lines": []}, "CIErrorHandler.handle_stage_error": {"executed_lines": [163, 166, 169, 170, 175, 183], "summary": {"covered_lines": 6, "num_statements": 6, "percent_covered": 100.0, "percent_covered_display": "100.00", "missing_lines": 0, "excluded_lines": 0}, "missing_lines": [], "excluded_lines": []}, "CIErrorHandler.handle_quality_check_error": {"executed_lines": [192, 195, 198, 204, 205], "summary": {"covered_lines": 5, "num_statements": 6, "percent_covered": 83.33333333333333, "percent_covered_display": "83.33", "missing_lines": 1, "excluded_lines": 0}, "missing_lines": [199], "excluded_lines": []}, "CIErrorHandler._handle_quality_check_details": {"executed_lines": [211, 212, 213], "summary": {"covered_lines": 3, "num_statements": 15, "percent_covered": 20.0, "percent_covered_display": "20.00", "missing_lines": 12, "excluded_lines": 0}, "missing_lines": [214, 215, 216, 217, 219, 220, 221, 222, 224, 225, 226, 227], "excluded_lines": []}, "CIErrorHandler.create_comprehensive_error_report": {"executed_lines": [231, 240, 241, 247, 248, 250, 251, 253, 255], "summary": {"covered_lines": 9, "num_statements": 9, "percent_covered": 100.0, "percent_covered_display": "100.00", "missing_lines": 0, "excluded_lines": 0}, "missing_lines": [], "excluded_lines": []}, "CIErrorHandler.save_error_report": {"executed_lines": [259, 263, 264, 266, 268, 269, 271, 274, 279], "summary": {"covered_lines": 9, "num_statements": 12, "percent_covered": 75.0, "percent_covered_display": "75.00", "missing_lines": 3, "excluded_lines": 0}, "missing_lines": [260, 261, 275], "excluded_lines": []}, "CIErrorHandler.generate_failure_summary": {"executed_lines": [283, 284, 286, 300, 301, 302, 304, 305, 307, 308, 312, 314], "summary": {"covered_lines": 12, "num_statements": 12, "percent_covered": 100.0, "percent_covered_display": "100.00", "missing_lines": 0, "excluded_lines": 0}, "missing_lines": [], "excluded_lines": []}, "CIErrorHandler.output_github_step_summary": {"executed_lines": [318, 321, 322, 325, 327, 328, 329, 330, 332], "summary": {"covered_lines": 9, "num_statements": 13, "percent_covered": 69.23076923076923, "percent_covered_display": "69.23", "missing_lines": 4, "excluded_lines": 0}, "missing_lines": [319, 323, 334, 335], "excluded_lines": []}, "CIErrorHandler._is_github_actions": {"executed_lines": [339], "summary": {"covered_lines": 1, "num_statements": 1, "percent_covered": 100.0, "percent_covered_display": "100.00", "missing_lines": 0, "excluded_lines": 0}, "missing_lines": [], "excluded_lines": []}, "CIErrorHandler._output_github_annotation": {"executed_lines": [349, 350, 352, 354, 357, 360, 362], "summary": {"covered_lines": 7, "num_statements": 9, "percent_covered": 77.77777777777777, "percent_covered_display": "77.78", "missing_lines": 2, "excluded_lines": 0}, "missing_lines": [355, 358], "excluded_lines": []}, "CIErrorHandler.set_exit_code": {"executed_lines": [], "summary": {"covered_lines": 0, "num_statements": 5, "percent_covered": 0.0, "percent_covered_display": "0.00", "missing_lines": 5, "excluded_lines": 0}, "missing_lines": [366, 368, 371, 373, 377], "excluded_lines": []}, "create_ci_error_handler": {"executed_lines": [387, 388, 389, 392, 394, 402], "summary": {"covered_lines": 6, "num_statements": 6, "percent_covered": 100.0, "percent_covered_display": "100.00", "missing_lines": 0, "excluded_lines": 0}, "missing_lines": [], "excluded_lines": []}, "": {"executed_lines": [1, 8, 9, 10, 11, 12, 13, 14, 16, 23, 24, 26, 27, 44, 45, 89, 90, 128, 129, 131, 155, 185, 207, 229, 257, 281, 316, 337, 341, 364, 380], "summary": {"covered_lines": 28, "num_statements": 28, "percent_covered": 100.0, "percent_covered_display": "100.00", "missing_lines": 0, "excluded_lines": 0}, "missing_lines": [], "excluded_lines": []}}, "classes": {"CIEnvironmentInfo": {"executed_lines": [29, 47, 48, 55, 56, 57, 60, 62, 67, 72, 92, 94, 95, 96, 99, 102, 103, 109, 110, 111, 116, 117, 119, 120, 122], "summary": {"covered_lines": 25, "num_statements": 33, "percent_covered": 75.75757575757575, "percent_covered_display": "75.76", "missing_lines": 8, "excluded_lines": 0}, "missing_lines": [69, 70, 86, 87, 105, 106, 124, 125], "excluded_lines": []}, "CIErrorHandler": {"executed_lines": [145, 146, 147, 148, 151, 152, 153, 163, 166, 169, 170, 175, 183, 192, 195, 198, 204, 205, 211, 212, 213, 231, 240, 241, 247, 248, 250, 251, 253, 255, 259, 263, 264, 266, 268, 269, 271, 274, 279, 283, 284, 286, 300, 301, 302, 304, 305, 307, 308, 312, 314, 318, 321, 322, 325, 327, 328, 329, 330, 332, 339, 349, 350, 352, 354, 357, 360, 362], "summary": {"covered_lines": 68, "num_statements": 95, "percent_covered": 71.57894736842105, "percent_covered_display": "71.58", "missing_lines": 27, "excluded_lines": 0}, "missing_lines": [199, 214, 215, 216, 217, 219, 220, 221, 222, 224, 225, 226, 227, 260, 261, 275, 319, 323, 334, 335, 355, 358, 366, 368, 371, 373, 377], "excluded_lines": []}, "": {"executed_lines": [1, 8, 9, 10, 11, 12, 13, 14, 16, 23, 24, 26, 27, 44, 45, 89, 90, 128, 129, 131, 155, 185, 207, 229, 257, 281, 316, 337, 341, 364, 380, 387, 388, 389, 392, 394, 402], "summary": {"covered_lines": 34, "num_statements": 34, "percent_covered": 100.0, "percent_covered_display": "100.00", "missing_lines": 0, "excluded_lines": 0}, "missing_lines": [], "excluded_lines": []}}}, "src/setup_repo/cli.py": {"executed_lines": [1, 3, 5, 6, 7, 8, 9, 12, 17, 43, 79], "summary": {"covered_lines": 10, "num_statements": 73, "percent_covered": 13.698630136986301, "percent_covered_display": "13.70", "missing_lines": 63, "excluded_lines": 0}, "missing_lines": [14, 19, 22, 23, 24, 25, 27, 40, 45, 46, 49, 52, 53, 55, 56, 57, 58, 59, 60, 61, 64, 65, 68, 69, 72, 73, 74, 76, 81, 82, 88, 90, 92, 94, 95, 96, 97, 98, 99, 100, 101, 102, 104, 105, 106, 107, 109, 110, 111, 113, 115, 120, 121, 123, 125, 126, 127, 129, 130, 136, 137, 138, 140], "excluded_lines": [], "functions": {"setup_cli": {"executed_lines": [], "summary": {"covered_lines": 0, "num_statements": 1, "percent_covered": 0.0, "percent_covered_display": "0.00", "missing_lines": 1, "excluded_lines": 0}, "missing_lines": [14], "excluded_lines": []}, "sync_cli": {"executed_lines": [], "summary": {"covered_lines": 0, "num_statements": 7, "percent_covered": 0.0, "percent_covered_display": "0.00", "missing_lines": 7, "excluded_lines": 0}, "missing_lines": [19, 22, 23, 24, 25, 27, 40], "excluded_lines": []}, "quality_cli": {"executed_lines": [], "summary": {"covered_lines": 0, "num_statements": 20, "percent_covered": 0.0, "percent_covered_display": "0.00", "missing_lines": 20, "excluded_lines": 0}, "missing_lines": [45, 46, 49, 52, 53, 55, 56, 57, 58, 59, 60, 61, 64, 65, 68, 69, 72, 73, 74, 76], "excluded_lines": []}, "trend_cli": {"executed_lines": [], "summary": {"covered_lines": 0, "num_statements": 35, "percent_covered": 0.0, "percent_covered_display": "0.00", "missing_lines": 35, "excluded_lines": 0}, "missing_lines": [81, 82, 88, 90, 92, 94, 95, 96, 97, 98, 99, 100, 101, 102, 104, 105, 106, 107, 109, 110, 111, 113, 115, 120, 121, 123, 125, 126, 127, 129, 130, 136, 137, 138, 140], "excluded_lines": []}, "": {"executed_lines": [1, 3, 5, 6, 7, 8, 9, 12, 17, 43, 79], "summary": {"covered_lines": 10, "num_statements": 10, "percent_covered": 100.0, "percent_covered_display": "100.00", "missing_lines": 0, "excluded_lines": 0}, "missing_lines": [], "excluded_lines": []}}, "classes": {"": {"executed_lines": [1, 3, 5, 6, 7, 8, 9, 12, 17, 43, 79], "summary": {"covered_lines": 10, "num_statements": 73, "percent_covered": 13.698630136986301, "percent_covered_display": "13.70", "missing_lines": 63, "excluded_lines": 0}, "missing_lines": [14, 19, 22, 23, 24, 25, 27, 40, 45, 46, 49, 52, 53, 55, 56, 57, 58, 59, 60, 61, 64, 65, 68, 69, 72, 73, 74, 76, 81, 82, 88, 90, 92, 94, 95, 96, 97, 98, 99, 100, 101, 102, 104, 105, 106, 107, 109, 110, 111, 113, 115, 120, 121, 123, 125, 126, 127, 129, 130, 136, 137, 138, 140], "excluded_lines": []}}}, "src/setup_repo/config.py": {"executed_lines": [1, 3, 4, 5, 6, 7, 10, 13, 14, 15, 18, 19, 22, 23, 24, 27, 29, 30, 31, 33, 34, 40, 41, 42, 45, 47, 59, 62, 65, 68, 71, 72, 73, 74, 77, 78, 82, 83, 84, 85, 86, 89, 95, 96, 97, 99], "summary": {"covered_lines": 45, "num_statements": 46, "percent_covered": 97.82608695652173, "percent_covered_display": "97.83", "missing_lines": 1, "excluded_lines": 0}, "missing_lines": [80], "excluded_lines": [], "functions": {"get_github_token": {"executed_lines": [13, 14, 15, 18, 19, 22, 23, 24], "summary": {"covered_lines": 8, "num_statements": 8, "percent_covered": 100.0, "percent_covered_display": "100.00", "missing_lines": 0, "excluded_lines": 0}, "missing_lines": [], "excluded_lines": []}, "get_github_user": {"executed_lines": [29, 30, 31, 33, 34, 40, 41, 42], "summary": {"covered_lines": 8, "num_statements": 8, "percent_covered": 100.0, "percent_covered_display": "100.00", "missing_lines": 0, "excluded_lines": 0}, "missing_lines": [], "excluded_lines": []}, "auto_detect_config": {"executed_lines": [47, 59], "summary": {"covered_lines": 2, "num_statements": 2, "percent_covered": 100.0, "percent_covered_display": "100.00", "missing_lines": 0, "excluded_lines": 0}, "missing_lines": [], "excluded_lines": []}, "load_config": {"executed_lines": [65, 68, 71, 72, 73, 74, 77, 78, 82, 83, 84, 85, 86, 89, 95, 96, 97, 99], "summary": {"covered_lines": 18, "num_statements": 19, "percent_covered": 94.73684210526316, "percent_covered_display": "94.74", "missing_lines": 1, "excluded_lines": 0}, "missing_lines": [80], "excluded_lines": []}, "": {"executed_lines": [1, 3, 4, 5, 6, 7, 10, 27, 45, 62], "summary": {"covered_lines": 9, "num_statements": 9, "percent_covered": 100.0, "percent_covered_display": "100.00", "missing_lines": 0, "excluded_lines": 0}, "missing_lines": [], "excluded_lines": []}}, "classes": {"": {"executed_lines": [1, 3, 4, 5, 6, 7, 10, 13, 14, 15, 18, 19, 22, 23, 24, 27, 29, 30, 31, 33, 34, 40, 41, 42, 45, 47, 59, 62, 65, 68, 71, 72, 73, 74, 77, 78, 82, 83, 84, 85, 86, 89, 95, 96, 97, 99], "summary": {"covered_lines": 45, "num_statements": 46, "percent_covered": 97.82608695652173, "percent_covered_display": "97.83", "missing_lines": 1, "excluded_lines": 0}, "missing_lines": [80], "excluded_lines": []}}}, "src/setup_repo/git_operations.py": {"executed_lines": [2, 4, 5, 6, 7, 10, 11, 13, 17, 22, 36, 52, 54, 55, 58, 60, 62, 63, 75, 76, 83, 89, 111, 127, 167, 190, 219, 235], "summary": {"covered_lines": 26, "num_statements": 116, "percent_covered": 22.413793103448278, "percent_covered_display": "22.41", "missing_lines": 90, "excluded_lines": 0}, "missing_lines": [15, 19, 20, 24, 25, 26, 32, 33, 34, 38, 39, 40, 47, 48, 49, 77, 78, 80, 85, 86, 91, 92, 93, 95, 96, 98, 99, 101, 102, 103, 104, 105, 107, 108, 113, 114, 115, 116, 118, 119, 121, 122, 123, 124, 129, 130, 131, 133, 134, 135, 137, 138, 141, 142, 145, 154, 155, 157, 158, 160, 161, 162, 163, 164, 171, 172, 173, 174, 176, 177, 183, 184, 185, 186, 187, 192, 194, 202, 204, 205, 212, 213, 214, 216, 221, 222, 229, 230, 231, 237], "excluded_lines": [], "functions": {"GitOperations.__init__": {"executed_lines": [], "summary": {"covered_lines": 0, "num_statements": 1, "percent_covered": 0.0, "percent_covered_display": "0.00", "missing_lines": 1, "excluded_lines": 0}, "missing_lines": [15], "excluded_lines": []}, "GitOperations.is_git_repository": {"executed_lines": [], "summary": {"covered_lines": 0, "num_statements": 2, "percent_covered": 0.0, "percent_covered_display": "0.00", "missing_lines": 2, "excluded_lines": 0}, "missing_lines": [19, 20], "excluded_lines": []}, "GitOperations.clone_repository": {"executed_lines": [], "summary": {"covered_lines": 0, "num_statements": 6, "percent_covered": 0.0, "percent_covered_display": "0.00", "missing_lines": 6, "excluded_lines": 0}, "missing_lines": [24, 25, 26, 32, 33, 34], "excluded_lines": []}, "GitOperations.pull_repository": {"executed_lines": [], "summary": {"covered_lines": 0, "num_statements": 6, "percent_covered": 0.0, "percent_covered_display": "0.00", "missing_lines": 6, "excluded_lines": 0}, "missing_lines": [38, 39, 40, 47, 48, 49], "excluded_lines": []}, "choose_clone_url": {"executed_lines": [54, 55, 58, 60, 62, 63, 75, 76], "summary": {"covered_lines": 8, "num_statements": 11, "percent_covered": 72.72727272727273, "percent_covered_display": "72.73", "missing_lines": 3, "excluded_lines": 0}, "missing_lines": [77, 78, 80], "excluded_lines": []}, "sync_repository": {"executed_lines": [], "summary": {"covered_lines": 0, "num_statements": 2, "percent_covered": 0.0, "percent_covered_display": "0.00", "missing_lines": 2, "excluded_lines": 0}, "missing_lines": [85, 86], "excluded_lines": []}, "sync_repository_with_retries": {"executed_lines": [], "summary": {"covered_lines": 0, "num_statements": 14, "percent_covered": 0.0, "percent_covered_display": "0.00", "missing_lines": 14, "excluded_lines": 0}, "missing_lines": [91, 92, 93, 95, 96, 98, 99, 101, 102, 103, 104, 105, 107, 108], "excluded_lines": []}, "_sync_repository_once": {"executed_lines": [], "summary": {"covered_lines": 0, "num_statements": 10, "percent_covered": 0.0, "percent_covered_display": "0.00", "missing_lines": 10, "excluded_lines": 0}, "missing_lines": [113, 114, 115, 116, 118, 119, 121, 122, 123, 124], "excluded_lines": []}, "_update_repository": {"executed_lines": [], "summary": {"covered_lines": 0, "num_statements": 20, "percent_covered": 0.0, "percent_covered_display": "0.00", "missing_lines": 20, "excluded_lines": 0}, "missing_lines": [129, 130, 131, 133, 134, 135, 137, 138, 141, 142, 145, 154, 155, 157, 158, 160, 161, 162, 163, 164], "excluded_lines": []}, "_clone_repository": {"executed_lines": [], "summary": {"covered_lines": 0, "num_statements": 11, "percent_covered": 0.0, "percent_covered_display": "0.00", "missing_lines": 11, "excluded_lines": 0}, "missing_lines": [171, 172, 173, 174, 176, 177, 183, 184, 185, 186, 187], "excluded_lines": []}, "_auto_stash_changes": {"executed_lines": [], "summary": {"covered_lines": 0, "num_statements": 9, "percent_covered": 0.0, "percent_covered_display": "0.00", "missing_lines": 9, "excluded_lines": 0}, "missing_lines": [192, 194, 202, 204, 205, 212, 213, 214, 216], "excluded_lines": []}, "_auto_pop_stash": {"executed_lines": [], "summary": {"covered_lines": 0, "num_statements": 5, "percent_covered": 0.0, "percent_covered_display": "0.00", "missing_lines": 5, "excluded_lines": 0}, "missing_lines": [221, 222, 229, 230, 231], "excluded_lines": []}, "create_git_operations": {"executed_lines": [], "summary": {"covered_lines": 0, "num_statements": 1, "percent_covered": 0.0, "percent_covered_display": "0.00", "missing_lines": 1, "excluded_lines": 0}, "missing_lines": [237], "excluded_lines": []}, "": {"executed_lines": [2, 4, 5, 6, 7, 10, 11, 13, 17, 22, 36, 52, 83, 89, 111, 127, 167, 190, 219, 235], "summary": {"covered_lines": 18, "num_statements": 18, "percent_covered": 100.0, "percent_covered_display": "100.00", "missing_lines": 0, "excluded_lines": 0}, "missing_lines": [], "excluded_lines": []}}, "classes": {"GitOperations": {"executed_lines": [], "summary": {"covered_lines": 0, "num_statements": 15, "percent_covered": 0.0, "percent_covered_display": "0.00", "missing_lines": 15, "excluded_lines": 0}, "missing_lines": [15, 19, 20, 24, 25, 26, 32, 33, 34, 38, 39, 40, 47, 48, 49], "excluded_lines": []}, "": {"executed_lines": [2, 4, 5, 6, 7, 10, 11, 13, 17, 22, 36, 52, 54, 55, 58, 60, 62, 63, 75, 76, 83, 89, 111, 127, 167, 190, 219, 235], "summary": {"covered_lines": 26, "num_statements": 101, "percent_covered": 25.742574257425744, "percent_covered_display": "25.74", "missing_lines": 75, "excluded_lines": 0}, "missing_lines": [77, 78, 80, 85, 86, 91, 92, 93, 95, 96, 98, 99, 101, 102, 103, 104, 105, 107, 108, 113, 114, 115, 116, 118, 119, 121, 122, 123, 124, 129, 130, 131, 133, 134, 135, 137, 138, 141, 142, 145, 154, 155, 157, 158, 160, 161, 162, 163, 164, 171, 172, 173, 174, 176, 177, 183, 184, 185, 186, 187, 192, 194, 202, 204, 205, 212, 213, 214, 216, 221, 222, 229, 230, 231, 237], "excluded_lines": []}}}, "src/setup_repo/github_api.py": {"executed_lines": [2, 4, 5, 6, 7, 10, 11, 13, 16, 17, 19, 21, 22, 23, 26, 27, 28, 34, 36, 37, 40, 41, 42, 43, 44, 45, 46, 47, 48, 50, 51, 52, 54, 56, 57, 59, 60, 61, 62, 64, 65, 67, 68, 70, 71, 73, 74, 75, 77, 79, 83, 86, 88, 90, 98, 101, 102, 110, 111, 117, 118, 120, 121, 122, 123, 126, 128, 137, 138, 139, 140, 146, 149, 151, 152, 153, 156, 160, 161], "summary": {"covered_lines": 76, "num_statements": 100, "percent_covered": 76.0, "percent_covered_display": "76.00", "missing_lines": 24, "excluded_lines": 0}, "missing_lines": [24, 49, 76, 78, 80, 81, 91, 95, 96, 104, 105, 112, 127, 129, 131, 132, 134, 135, 141, 142, 143, 144, 157, 158], "excluded_lines": [], "functions": {"GitHubAPI.__init__": {"executed_lines": [21, 22, 23, 26, 27, 28], "summary": {"covered_lines": 6, "num_statements": 7, "percent_covered": 85.71428571428571, "percent_covered_display": "85.71", "missing_lines": 1, "excluded_lines": 0}, "missing_lines": [24], "excluded_lines": []}, "GitHubAPI.get_user_info": {"executed_lines": [36, 37, 40, 41, 42, 43, 44, 45, 46, 47, 48, 50, 51, 52], "summary": {"covered_lines": 14, "num_statements": 15, "percent_covered": 93.33333333333333, "percent_covered_display": "93.33", "missing_lines": 1, "excluded_lines": 0}, "missing_lines": [49], "excluded_lines": []}, "GitHubAPI.get_user_repos": {"executed_lines": [56, 57, 59, 60, 61, 62, 64, 65, 67, 68, 70, 71, 73, 74, 75, 77, 79, 83], "summary": {"covered_lines": 18, "num_statements": 22, "percent_covered": 81.81818181818181, "percent_covered_display": "81.82", "missing_lines": 4, "excluded_lines": 0}, "missing_lines": [76, 78, 80, 81], "excluded_lines": []}, "get_repositories": {"executed_lines": [88, 90, 98, 101, 102, 110, 111, 117, 118, 120, 121, 122, 123, 126, 128, 137, 138, 139, 140, 146], "summary": {"covered_lines": 20, "num_statements": 36, "percent_covered": 55.55555555555556, "percent_covered_display": "55.56", "missing_lines": 16, "excluded_lines": 0}, "missing_lines": [91, 95, 96, 104, 105, 112, 127, 129, 131, 132, 134, 135, 141, 142, 143, 144], "excluded_lines": []}, "_get_authenticated_user": {"executed_lines": [151, 152, 153, 156, 160, 161], "summary": {"covered_lines": 6, "num_statements": 8, "percent_covered": 75.0, "percent_covered_display": "75.00", "missing_lines": 2, "excluded_lines": 0}, "missing_lines": [157, 158], "excluded_lines": []}, "": {"executed_lines": [2, 4, 5, 6, 7, 10, 11, 13, 16, 17, 19, 34, 54, 86, 149], "summary": {"covered_lines": 12, "num_statements": 12, "percent_covered": 100.0, "percent_covered_display": "100.00", "missing_lines": 0, "excluded_lines": 0}, "missing_lines": [], "excluded_lines": []}}, "classes": {"GitHubAPIError": {"executed_lines": [], "summary": {"covered_lines": 0, "num_statements": 0, "percent_covered": 100.0, "percent_covered_display": "100.00", "missing_lines": 0, "excluded_lines": 0}, "missing_lines": [], "excluded_lines": []}, "GitHubAPI": {"executed_lines": [21, 22, 23, 26, 27, 28, 36, 37, 40, 41, 42, 43, 44, 45, 46, 47, 48, 50, 51, 52, 56, 57, 59, 60, 61, 62, 64, 65, 67, 68, 70, 71, 73, 74, 75, 77, 79, 83], "summary": {"covered_lines": 38, "num_statements": 44, "percent_covered": 86.36363636363636, "percent_covered_display": "86.36", "missing_lines": 6, "excluded_lines": 0}, "missing_lines": [24, 49, 76, 78, 80, 81], "excluded_lines": []}, "": {"executed_lines": [2, 4, 5, 6, 7, 10, 11, 13, 16, 17, 19, 34, 54, 86, 88, 90, 98, 101, 102, 110, 111, 117, 118, 120, 121, 122, 123, 126, 128, 137, 138, 139, 140, 146, 149, 151, 152, 153, 156, 160, 161], "summary": {"covered_lines": 38, "num_statements": 56, "percent_covered": 67.85714285714286, "percent_covered_display": "67.86", "missing_lines": 18, "excluded_lines": 0}, "missing_lines": [91, 95, 96, 104, 105, 112, 127, 129, 131, 132, 134, 135, 141, 142, 143, 144, 157, 158], "excluded_lines": []}}}, "src/setup_repo/gitignore_manager.py": {"executed_lines": [1, 3, 6, 7, 9, 10, 11, 14, 15, 18, 19, 21, 29, 31, 34, 35, 36, 37, 38, 39, 40, 41, 45, 47, 50, 51, 55, 58, 62, 64, 65, 66, 69, 72, 73, 74, 76, 77, 78, 86, 88, 89, 90, 92, 93, 97, 99, 102, 103, 104, 105, 107, 109, 110, 111, 114, 115, 116, 118, 119, 122, 124, 126, 127, 129, 130, 131, 132, 133, 134, 135, 137, 141, 142, 143, 144, 145, 146, 147, 148, 150, 152, 153, 154, 157, 158, 159, 160, 161, 162, 163, 164, 166, 171, 174, 176, 177, 179, 180, 181, 187, 189, 191, 192, 194, 195, 196, 197, 198, 200], "summary": {"covered_lines": 108, "num_statements": 133, "percent_covered": 81.203007518797, "percent_covered_display": "81.20", "missing_lines": 25, "excluded_lines": 0}, "missing_lines": [23, 24, 27, 32, 42, 43, 48, 56, 59, 60, 70, 80, 81, 82, 94, 95, 100, 138, 139, 167, 168, 172, 183, 184, 185], "excluded_lines": [], "functions": {"GitignoreManager.__init__": {"executed_lines": [10, 11, 14, 15, 18, 19], "summary": {"covered_lines": 6, "num_statements": 6, "percent_covered": 100.0, "percent_covered_display": "100.00", "missing_lines": 0, "excluded_lines": 0}, "missing_lines": [], "excluded_lines": []}, "GitignoreManager.ensure_gitignore_exists": {"executed_lines": [], "summary": {"covered_lines": 0, "num_statements": 3, "percent_covered": 0.0, "percent_covered_display": "0.00", "missing_lines": 3, "excluded_lines": 0}, "missing_lines": [23, 24, 27], "excluded_lines": []}, "GitignoreManager.get_current_entries": {"executed_lines": [31, 34, 35, 36, 37, 38, 39, 40, 41], "summary": {"covered_lines": 9, "num_statements": 12, "percent_covered": 75.0, "percent_covered_display": "75.00", "missing_lines": 3, "excluded_lines": 0}, "missing_lines": [32, 42, 43], "excluded_lines": []}, "GitignoreManager.add_entries": {"executed_lines": [47, 50, 51, 55, 58, 62, 64, 65, 66, 69, 72, 73, 74, 76, 77, 78], "summary": {"covered_lines": 16, "num_statements": 24, "percent_covered": 66.66666666666667, "percent_covered_display": "66.67", "missing_lines": 8, "excluded_lines": 0}, "missing_lines": [48, 56, 59, 60, 70, 80, 81, 82], "excluded_lines": []}, "GitignoreManager.load_template": {"executed_lines": [88, 89, 90, 92, 93], "summary": {"covered_lines": 5, "num_statements": 7, "percent_covered": 71.42857142857143, "percent_covered_display": "71.43", "missing_lines": 2, "excluded_lines": 0}, "missing_lines": [94, 95], "excluded_lines": []}, "GitignoreManager.get_available_templates": {"executed_lines": [99, 102, 103, 104, 105], "summary": {"covered_lines": 5, "num_statements": 6, "percent_covered": 83.33333333333333, "percent_covered_display": "83.33", "missing_lines": 1, "excluded_lines": 0}, "missing_lines": [100], "excluded_lines": []}, "GitignoreManager.setup_gitignore_from_templates": {"executed_lines": [109, 110, 111, 114, 115, 116, 118, 119, 122], "summary": {"covered_lines": 9, "num_statements": 9, "percent_covered": 100.0, "percent_covered_display": "100.00", "missing_lines": 0, "excluded_lines": 0}, "missing_lines": [], "excluded_lines": []}, "GitignoreManager._create_new_gitignore": {"executed_lines": [126, 127, 129, 130, 131, 132, 133, 134, 135, 137, 141, 142, 143, 144, 145, 146, 147, 148], "summary": {"covered_lines": 18, "num_statements": 20, "percent_covered": 90.0, "percent_covered_display": "90.00", "missing_lines": 2, "excluded_lines": 0}, "missing_lines": [138, 139], "excluded_lines": []}, "GitignoreManager._merge_with_existing": {"executed_lines": [152, 153, 154, 157, 158, 159, 160, 161, 162, 163, 164, 166, 171, 174, 176, 177, 179, 180, 181], "summary": {"covered_lines": 19, "num_statements": 25, "percent_covered": 76.0, "percent_covered_display": "76.00", "missing_lines": 6, "excluded_lines": 0}, "missing_lines": [167, 168, 172, 183, 184, 185], "excluded_lines": []}, "GitignoreManager.setup_gitignore": {"executed_lines": [189, 191, 192, 194, 195, 196, 197, 198, 200], "summary": {"covered_lines": 9, "num_statements": 9, "percent_covered": 100.0, "percent_covered_display": "100.00", "missing_lines": 0, "excluded_lines": 0}, "missing_lines": [], "excluded_lines": []}, "": {"executed_lines": [1, 3, 6, 7, 9, 21, 29, 45, 86, 97, 107, 124, 150, 187], "summary": {"covered_lines": 12, "num_statements": 12, "percent_covered": 100.0, "percent_covered_display": "100.00", "missing_lines": 0, "excluded_lines": 0}, "missing_lines": [], "excluded_lines": []}}, "classes": {"GitignoreManager": {"executed_lines": [10, 11, 14, 15, 18, 19, 31, 34, 35, 36, 37, 38, 39, 40, 41, 47, 50, 51, 55, 58, 62, 64, 65, 66, 69, 72, 73, 74, 76, 77, 78, 88, 89, 90, 92, 93, 99, 102, 103, 104, 105, 109, 110, 111, 114, 115, 116, 118, 119, 122, 126, 127, 129, 130, 131, 132, 133, 134, 135, 137, 141, 142, 143, 144, 145, 146, 147, 148, 152, 153, 154, 157, 158, 159, 160, 161, 162, 163, 164, 166, 171, 174, 176, 177, 179, 180, 181, 189, 191, 192, 194, 195, 196, 197, 198, 200], "summary": {"covered_lines": 96, "num_statements": 121, "percent_covered": 79.33884297520662, "percent_covered_display": "79.34", "missing_lines": 25, "excluded_lines": 0}, "missing_lines": [23, 24, 27, 32, 42, 43, 48, 56, 59, 60, 70, 80, 81, 82, 94, 95, 100, 138, 139, 167, 168, 172, 183, 184, 185], "excluded_lines": []}, "": {"executed_lines": [1, 3, 6, 7, 9, 21, 29, 45, 86, 97, 107, 124, 150, 187], "summary": {"covered_lines": 12, "num_statements": 12, "percent_covered": 100.0, "percent_covered_display": "100.00", "missing_lines": 0, "excluded_lines": 0}, "missing_lines": [], "excluded_lines": []}}}, "src/setup_repo/interactive_setup.py": {"executed_lines": [1, 3, 4, 5, 6, 8, 9, 16, 17, 19, 20, 21, 22, 24, 26, 29, 30, 33, 34, 38, 41, 45, 48, 53, 65, 68, 69, 70, 71, 72, 74, 77, 78, 80, 85, 98, 132, 157, 180, 204, 227, 240, 278, 298, 347, 369, 409, 429], "summary": {"covered_lines": 45, "num_statements": 274, "percent_covered": 16.423357664233578, "percent_covered_display": "16.42", "missing_lines": 229, "excluded_lines": 0}, "missing_lines": [31, 35, 42, 81, 82, 83, 87, 88, 89, 90, 91, 92, 93, 94, 95, 96, 100, 103, 104, 105, 110, 115, 116, 119, 120, 121, 123, 124, 125, 126, 127, 128, 130, 134, 136, 137, 138, 139, 140, 142, 143, 144, 145, 147, 148, 149, 150, 153, 154, 155, 159, 161, 163, 164, 165, 167, 172, 174, 175, 176, 178, 182, 184, 185, 186, 187, 190, 191, 192, 194, 195, 196, 198, 199, 200, 206, 209, 210, 211, 214, 215, 216, 217, 222, 223, 225, 229, 230, 233, 234, 235, 236, 237, 238, 242, 244, 245, 248, 249, 250, 251, 252, 254, 256, 258, 260, 262, 263, 265, 266, 267, 270, 271, 272, 273, 274, 275, 276, 280, 281, 283, 284, 285, 286, 287, 288, 289, 290, 291, 292, 294, 295, 296, 300, 303, 304, 305, 306, 308, 310, 311, 314, 315, 316, 318, 320, 323, 324, 325, 326, 327, 328, 329, 331, 334, 335, 336, 337, 338, 339, 340, 341, 343, 345, 349, 351, 352, 354, 355, 358, 359, 360, 361, 362, 363, 364, 365, 367, 371, 374, 386, 388, 389, 390, 392, 393, 394, 395, 396, 401, 403, 404, 405, 407, 411, 412, 413, 414, 415, 416, 418, 419, 420, 421, 422, 424, 425, 426, 427, 431, 432, 434, 435, 437, 438, 440, 441, 443, 444, 446, 447, 449, 450, 452, 453, 454, 455, 456, 457], "excluded_lines": [], "functions": {"InteractiveSetup.__init__": {"executed_lines": [20, 21, 22], "summary": {"covered_lines": 3, "num_statements": 3, "percent_covered": 100.0, "percent_covered_display": "100.00", "missing_lines": 0, "excluded_lines": 0}, "missing_lines": [], "excluded_lines": []}, "InteractiveSetup.run_setup": {"executed_lines": [26, 29, 30, 33, 34, 38, 41, 45, 48, 53, 65, 68, 69, 70, 71, 72, 74], "summary": {"covered_lines": 17, "num_statements": 20, "percent_covered": 85.0, "percent_covered_display": "85.00", "missing_lines": 3, "excluded_lines": 0}, "missing_lines": [31, 35, 42], "excluded_lines": []}, "SetupWizard.__init__": {"executed_lines": [], "summary": {"covered_lines": 0, "num_statements": 3, "percent_covered": 0.0, "percent_covered_display": "0.00", "missing_lines": 3, "excluded_lines": 0}, "missing_lines": [81, 82, 83], "excluded_lines": []}, "SetupWizard.welcome_message": {"executed_lines": [], "summary": {"covered_lines": 0, "num_statements": 10, "percent_covered": 0.0, "percent_covered_display": "0.00", "missing_lines": 10, "excluded_lines": 0}, "missing_lines": [87, 88, 89, 90, 91, 92, 93, 94, 95, 96], "excluded_lines": []}, "SetupWizard.check_prerequisites": {"executed_lines": [], "summary": {"covered_lines": 0, "num_statements": 17, "percent_covered": 0.0, "percent_covered_display": "0.00", "missing_lines": 17, "excluded_lines": 0}, "missing_lines": [100, 103, 104, 105, 110, 115, 116, 119, 120, 121, 123, 124, 125, 126, 127, 128, 130], "excluded_lines": []}, "SetupWizard._show_prerequisite_help": {"executed_lines": [], "summary": {"covered_lines": 0, "num_statements": 17, "percent_covered": 0.0, "percent_covered_display": "0.00", "missing_lines": 17, "excluded_lines": 0}, "missing_lines": [134, 136, 137, 138, 139, 140, 142, 143, 144, 145, 147, 148, 149, 150, 153, 154, 155], "excluded_lines": []}, "SetupWizard.setup_package_managers": {"executed_lines": [], "summary": {"covered_lines": 0, "num_statements": 11, "percent_covered": 0.0, "percent_covered_display": "0.00", "missing_lines": 11, "excluded_lines": 0}, "missing_lines": [159, 161, 163, 164, 165, 167, 172, 174, 175, 176, 178], "excluded_lines": []}, "SetupWizard._show_package_manager_help": {"executed_lines": [], "summary": {"covered_lines": 0, "num_statements": 14, "percent_covered": 0.0, "percent_covered_display": "0.00", "missing_lines": 14, "excluded_lines": 0}, "missing_lines": [182, 184, 185, 186, 187, 190, 191, 192, 194, 195, 196, 198, 199, 200], "excluded_lines": []}, "SetupWizard.install_tools": {"executed_lines": [], "summary": {"covered_lines": 0, "num_statements": 11, "percent_covered": 0.0, "percent_covered_display": "0.00", "missing_lines": 11, "excluded_lines": 0}, "missing_lines": [206, 209, 210, 211, 214, 215, 216, 217, 222, 223, 225], "excluded_lines": []}, "SetupWizard._check_tool": {"executed_lines": [], "summary": {"covered_lines": 0, "num_statements": 8, "percent_covered": 0.0, "percent_covered_display": "0.00", "missing_lines": 8, "excluded_lines": 0}, "missing_lines": [229, 230, 233, 234, 235, 236, 237, 238], "excluded_lines": []}, "SetupWizard._install_uv": {"executed_lines": [], "summary": {"covered_lines": 0, "num_statements": 24, "percent_covered": 0.0, "percent_covered_display": "0.00", "missing_lines": 24, "excluded_lines": 0}, "missing_lines": [242, 244, 245, 248, 249, 250, 251, 252, 254, 256, 258, 260, 262, 263, 265, 266, 267, 270, 271, 272, 273, 274, 275, 276], "excluded_lines": []}, "SetupWizard._install_gh": {"executed_lines": [], "summary": {"covered_lines": 0, "num_statements": 15, "percent_covered": 0.0, "percent_covered_display": "0.00", "missing_lines": 15, "excluded_lines": 0}, "missing_lines": [280, 281, 283, 284, 285, 286, 287, 288, 289, 290, 291, 292, 294, 295, 296], "excluded_lines": []}, "SetupWizard.configure_github": {"executed_lines": [], "summary": {"covered_lines": 0, "num_statements": 31, "percent_covered": 0.0, "percent_covered_display": "0.00", "missing_lines": 31, "excluded_lines": 0}, "missing_lines": [300, 303, 304, 305, 306, 308, 310, 311, 314, 315, 316, 318, 320, 323, 324, 325, 326, 327, 328, 329, 331, 334, 335, 336, 337, 338, 339, 340, 341, 343, 345], "excluded_lines": []}, "SetupWizard.configure_workspace": {"executed_lines": [], "summary": {"covered_lines": 0, "num_statements": 14, "percent_covered": 0.0, "percent_covered_display": "0.00", "missing_lines": 14, "excluded_lines": 0}, "missing_lines": [349, 351, 352, 354, 355, 358, 359, 360, 361, 362, 363, 364, 365, 367], "excluded_lines": []}, "SetupWizard.save_config": {"executed_lines": [], "summary": {"covered_lines": 0, "num_statements": 16, "percent_covered": 0.0, "percent_covered_display": "0.00", "missing_lines": 16, "excluded_lines": 0}, "missing_lines": [371, 374, 386, 388, 389, 390, 392, 393, 394, 395, 396, 401, 403, 404, 405, 407], "excluded_lines": []}, "SetupWizard.show_next_steps": {"executed_lines": [], "summary": {"covered_lines": 0, "num_statements": 15, "percent_covered": 0.0, "percent_covered_display": "0.00", "missing_lines": 15, "excluded_lines": 0}, "missing_lines": [411, 412, 413, 414, 415, 416, 418, 419, 420, 421, 422, 424, 425, 426, 427], "excluded_lines": []}, "SetupWizard.run": {"executed_lines": [], "summary": {"covered_lines": 0, "num_statements": 20, "percent_covered": 0.0, "percent_covered_display": "0.00", "missing_lines": 20, "excluded_lines": 0}, "missing_lines": [431, 432, 434, 435, 437, 438, 440, 441, 443, 444, 446, 447, 449, 450, 452, 453, 454, 455, 456, 457], "excluded_lines": []}, "": {"executed_lines": [1, 3, 4, 5, 6, 8, 9, 16, 17, 19, 24, 77, 78, 80, 85, 98, 132, 157, 180, 204, 227, 240, 278, 298, 347, 369, 409, 429], "summary": {"covered_lines": 25, "num_statements": 25, "percent_covered": 100.0, "percent_covered_display": "100.00", "missing_lines": 0, "excluded_lines": 0}, "missing_lines": [], "excluded_lines": []}}, "classes": {"InteractiveSetup": {"executed_lines": [20, 21, 22, 26, 29, 30, 33, 34, 38, 41, 45, 48, 53, 65, 68, 69, 70, 71, 72, 74], "summary": {"covered_lines": 20, "num_statements": 23, "percent_covered": 86.95652173913044, "percent_covered_display": "86.96", "missing_lines": 3, "excluded_lines": 0}, "missing_lines": [31, 35, 42], "excluded_lines": []}, "SetupWizard": {"executed_lines": [], "summary": {"covered_lines": 0, "num_statements": 226, "percent_covered": 0.0, "percent_covered_display": "0.00", "missing_lines": 226, "excluded_lines": 0}, "missing_lines": [81, 82, 83, 87, 88, 89, 90, 91, 92, 93, 94, 95, 96, 100, 103, 104, 105, 110, 115, 116, 119, 120, 121, 123, 124, 125, 126, 127, 128, 130, 134, 136, 137, 138, 139, 140, 142, 143, 144, 145, 147, 148, 149, 150, 153, 154, 155, 159, 161, 163, 164, 165, 167, 172, 174, 175, 176, 178, 182, 184, 185, 186, 187, 190, 191, 192, 194, 195, 196, 198, 199, 200, 206, 209, 210, 211, 214, 215, 216, 217, 222, 223, 225, 229, 230, 233, 234, 235, 236, 237, 238, 242, 244, 245, 248, 249, 250, 251, 252, 254, 256, 258, 260, 262, 263, 265, 266, 267, 270, 271, 272, 273, 274, 275, 276, 280, 281, 283, 284, 285, 286, 287, 288, 289, 290, 291, 292, 294, 295, 296, 300, 303, 304, 305, 306, 308, 310, 311, 314, 315, 316, 318, 320, 323, 324, 325, 326, 327, 328, 329, 331, 334, 335, 336, 337, 338, 339, 340, 341, 343, 345, 349, 351, 352, 354, 355, 358, 359, 360, 361, 362, 363, 364, 365, 367, 371, 374, 386, 388, 389, 390, 392, 393, 394, 395, 396, 401, 403, 404, 405, 407, 411, 412, 413, 414, 415, 416, 418, 419, 420, 421, 422, 424, 425, 426, 427, 431, 432, 434, 435, 437, 438, 440, 441, 443, 444, 446, 447, 449, 450, 452, 453, 454, 455, 456, 457], "excluded_lines": []}, "": {"executed_lines": [1, 3, 4, 5, 6, 8, 9, 16, 17, 19, 24, 77, 78, 80, 85, 98, 132, 157, 180, 204, 227, 240, 278, 298, 347, 369, 409, 429], "summary": {"covered_lines": 25, "num_statements": 25, "percent_covered": 100.0, "percent_covered_display": "100.00", "missing_lines": 0, "excluded_lines": 0}, "missing_lines": [], "excluded_lines": []}}}, "src/setup_repo/logging_config.py": {"executed_lines": [1, 8, 9, 10, 12, 15, 16, 19, 27, 28, 30, 31, 33, 34, 36, 42, 43, 45, 51, 52, 54, 58, 59, 62, 63, 66, 67, 69, 71, 72, 76, 77, 78, 79, 82, 83, 85, 92, 93, 95, 111, 113, 116, 119, 129, 132, 140, 143], "summary": {"covered_lines": 46, "num_statements": 46, "percent_covered": 100.0, "percent_covered_display": "100.00", "missing_lines": 0, "excluded_lines": 0}, "missing_lines": [], "excluded_lines": [], "functions": {"LoggingConfig.get_log_level_from_env": {"executed_lines": [30, 31], "summary": {"covered_lines": 2, "num_statements": 2, "percent_covered": 100.0, "percent_covered_display": "100.00", "missing_lines": 0, "excluded_lines": 0}, "missing_lines": [], "excluded_lines": []}, "LoggingConfig.is_debug_mode": {"executed_lines": [36], "summary": {"covered_lines": 1, "num_statements": 1, "percent_covered": 100.0, "percent_covered_display": "100.00", "missing_lines": 0, "excluded_lines": 0}, "missing_lines": [], "excluded_lines": []}, "LoggingConfig.is_ci_environment": {"executed_lines": [45], "summary": {"covered_lines": 1, "num_statements": 1, "percent_covered": 100.0, "percent_covered_display": "100.00", "missing_lines": 0, "excluded_lines": 0}, "missing_lines": [], "excluded_lines": []}, "LoggingConfig.should_use_json_format": {"executed_lines": [54], "summary": {"covered_lines": 1, "num_statements": 1, "percent_covered": 100.0, "percent_covered_display": "100.00", "missing_lines": 0, "excluded_lines": 0}, "missing_lines": [], "excluded_lines": []}, "LoggingConfig.get_log_file_path": {"executed_lines": [62, 63, 66, 67, 69], "summary": {"covered_lines": 5, "num_statements": 5, "percent_covered": 100.0, "percent_covered_display": "100.00", "missing_lines": 0, "excluded_lines": 0}, "missing_lines": [], "excluded_lines": []}, "LoggingConfig.configure_for_environment": {"executed_lines": [76, 77, 78, 79, 82, 83, 85], "summary": {"covered_lines": 7, "num_statements": 7, "percent_covered": 100.0, "percent_covered_display": "100.00", "missing_lines": 0, "excluded_lines": 0}, "missing_lines": [], "excluded_lines": []}, "LoggingConfig.get_debug_context": {"executed_lines": [95], "summary": {"covered_lines": 1, "num_statements": 1, "percent_covered": 100.0, "percent_covered_display": "100.00", "missing_lines": 0, "excluded_lines": 0}, "missing_lines": [], "excluded_lines": []}, "setup_project_logging": {"executed_lines": [113], "summary": {"covered_lines": 1, "num_statements": 1, "percent_covered": 100.0, "percent_covered_display": "100.00", "missing_lines": 0, "excluded_lines": 0}, "missing_lines": [], "excluded_lines": []}, "setup_ci_logging": {"executed_lines": [119], "summary": {"covered_lines": 1, "num_statements": 1, "percent_covered": 100.0, "percent_covered_display": "100.00", "missing_lines": 0, "excluded_lines": 0}, "missing_lines": [], "excluded_lines": []}, "setup_development_logging": {"executed_lines": [132], "summary": {"covered_lines": 1, "num_statements": 1, "percent_covered": 100.0, "percent_covered_display": "100.00", "missing_lines": 0, "excluded_lines": 0}, "missing_lines": [], "excluded_lines": []}, "setup_testing_logging": {"executed_lines": [143], "summary": {"covered_lines": 1, "num_statements": 1, "percent_covered": 100.0, "percent_covered_display": "100.00", "missing_lines": 0, "excluded_lines": 0}, "missing_lines": [], "excluded_lines": []}, "": {"executed_lines": [1, 8, 9, 10, 12, 15, 16, 19, 27, 28, 33, 34, 42, 43, 51, 52, 58, 59, 71, 72, 92, 93, 111, 116, 129, 140], "summary": {"covered_lines": 24, "num_statements": 24, "percent_covered": 100.0, "percent_covered_display": "100.00", "missing_lines": 0, "excluded_lines": 0}, "missing_lines": [], "excluded_lines": []}}, "classes": {"LoggingConfig": {"executed_lines": [30, 31, 36, 45, 54, 62, 63, 66, 67, 69, 76, 77, 78, 79, 82, 83, 85, 95], "summary": {"covered_lines": 18, "num_statements": 18, "percent_covered": 100.0, "percent_covered_display": "100.00", "missing_lines": 0, "excluded_lines": 0}, "missing_lines": [], "excluded_lines": []}, "": {"executed_lines": [1, 8, 9, 10, 12, 15, 16, 19, 27, 28, 33, 34, 42, 43, 51, 52, 58, 59, 71, 72, 92, 93, 111, 113, 116, 119, 129, 132, 140, 143], "summary": {"covered_lines": 28, "num_statements": 28, "percent_covered": 100.0, "percent_covered_display": "100.00", "missing_lines": 0, "excluded_lines": 0}, "missing_lines": [], "excluded_lines": []}}}, "src/setup_repo/platform_detector.py": {"executed_lines": [1, 3, 4, 5, 6, 9, 10, 11, 13, 14, 15, 16, 17, 20, 22, 24, 25, 32, 33, 40, 41, 49, 58, 60, 61, 62, 63, 64, 67, 69, 70, 71, 72, 73, 76, 78, 107, 110, 111, 113, 114, 116, 118, 119, 120, 122, 126, 137], "summary": {"covered_lines": 45, "num_statements": 55, "percent_covered": 81.81818181818181, "percent_covered_display": "81.82", "missing_lines": 10, "excluded_lines": 0}, "missing_lines": [124, 128, 129, 131, 132, 133, 135, 139, 140, 141], "excluded_lines": [], "functions": {"detect_platform": {"executed_lines": [22, 24, 25, 32, 33, 40, 41, 49], "summary": {"covered_lines": 8, "num_statements": 8, "percent_covered": 100.0, "percent_covered_display": "100.00", "missing_lines": 0, "excluded_lines": 0}, "missing_lines": [], "excluded_lines": []}, "check_package_manager": {"executed_lines": [60, 61, 62, 63, 64], "summary": {"covered_lines": 5, "num_statements": 5, "percent_covered": 100.0, "percent_covered_display": "100.00", "missing_lines": 0, "excluded_lines": 0}, "missing_lines": [], "excluded_lines": []}, "get_available_package_managers": {"executed_lines": [69, 70, 71, 72, 73], "summary": {"covered_lines": 5, "num_statements": 5, "percent_covered": 100.0, "percent_covered_display": "100.00", "missing_lines": 0, "excluded_lines": 0}, "missing_lines": [], "excluded_lines": []}, "get_install_commands": {"executed_lines": [78, 107], "summary": {"covered_lines": 2, "num_statements": 2, "percent_covered": 100.0, "percent_covered_display": "100.00", "missing_lines": 0, "excluded_lines": 0}, "missing_lines": [], "excluded_lines": []}, "PlatformDetector.__init__": {"executed_lines": [114], "summary": {"covered_lines": 1, "num_statements": 1, "percent_covered": 100.0, "percent_covered_display": "100.00", "missing_lines": 0, "excluded_lines": 0}, "missing_lines": [], "excluded_lines": []}, "PlatformDetector.detect_platform": {"executed_lines": [118, 119, 120], "summary": {"covered_lines": 3, "num_statements": 3, "percent_covered": 100.0, "percent_covered_display": "100.00", "missing_lines": 0, "excluded_lines": 0}, "missing_lines": [], "excluded_lines": []}, "PlatformDetector.is_wsl": {"executed_lines": [], "summary": {"covered_lines": 0, "num_statements": 1, "percent_covered": 0.0, "percent_covered_display": "0.00", "missing_lines": 1, "excluded_lines": 0}, "missing_lines": [124], "excluded_lines": []}, "PlatformDetector.get_package_manager": {"executed_lines": [], "summary": {"covered_lines": 0, "num_statements": 6, "percent_covered": 0.0, "percent_covered_display": "0.00", "missing_lines": 6, "excluded_lines": 0}, "missing_lines": [128, 129, 131, 132, 133, 135], "excluded_lines": []}, "PlatformDetector.get_platform_info": {"executed_lines": [], "summary": {"covered_lines": 0, "num_statements": 3, "percent_covered": 0.0, "percent_covered_display": "0.00", "missing_lines": 3, "excluded_lines": 0}, "missing_lines": [139, 140, 141], "excluded_lines": []}, "": {"executed_lines": [1, 3, 4, 5, 6, 9, 10, 11, 13, 14, 15, 16, 17, 20, 58, 67, 76, 110, 111, 113, 116, 122, 126, 137], "summary": {"covered_lines": 21, "num_statements": 21, "percent_covered": 100.0, "percent_covered_display": "100.00", "missing_lines": 0, "excluded_lines": 0}, "missing_lines": [], "excluded_lines": []}}, "classes": {"PlatformInfo": {"executed_lines": [], "summary": {"covered_lines": 0, "num_statements": 0, "percent_covered": 100.0, "percent_covered_display": "100.00", "missing_lines": 0, "excluded_lines": 0}, "missing_lines": [], "excluded_lines": []}, "PlatformDetector": {"executed_lines": [114, 118, 119, 120], "summary": {"covered_lines": 4, "num_statements": 14, "percent_covered": 28.571428571428573, "percent_covered_display": "28.57", "missing_lines": 10, "excluded_lines": 0}, "missing_lines": [124, 128, 129, 131, 132, 133, 135, 139, 140, 141], "excluded_lines": []}, "": {"executed_lines": [1, 3, 4, 5, 6, 9, 10, 11, 13, 14, 15, 16, 17, 20, 22, 24, 25, 32, 33, 40, 41, 49, 58, 60, 61, 62, 63, 64, 67, 69, 70, 71, 72, 73, 76, 78, 107, 110, 111, 113, 116, 122, 126, 137], "summary": {"covered_lines": 41, "num_statements": 41, "percent_covered": 100.0, "percent_covered_display": "100.00", "missing_lines": 0, "excluded_lines": 0}, "missing_lines": [], "excluded_lines": []}}}, "src/setup_repo/project_detector.py": {"executed_lines": [1, 3, 4, 7, 8, 11, 45, 52, 53, 55, 57, 59, 60, 61, 63, 65, 67, 69, 70, 71, 73, 75, 77, 80, 81, 84, 85, 87, 89, 92, 93, 96, 97, 101, 102, 104, 106, 108, 109, 111, 113, 114, 116, 118, 120], "summary": {"covered_lines": 43, "num_statements": 45, "percent_covered": 95.55555555555556, "percent_covered_display": "95.56", "missing_lines": 2, "excluded_lines": 0}, "missing_lines": [98, 115], "excluded_lines": [], "functions": {"ProjectDetector.__init__": {"executed_lines": [53], "summary": {"covered_lines": 1, "num_statements": 1, "percent_covered": 100.0, "percent_covered_display": "100.00", "missing_lines": 0, "excluded_lines": 0}, "missing_lines": [], "excluded_lines": []}, "ProjectDetector.detect_project_types": {"executed_lines": [57, 59, 60, 61, 63], "summary": {"covered_lines": 5, "num_statements": 5, "percent_covered": 100.0, "percent_covered_display": "100.00", "missing_lines": 0, "excluded_lines": 0}, "missing_lines": [], "excluded_lines": []}, "ProjectDetector.detect_tools": {"executed_lines": [67, 69, 70, 71, 73], "summary": {"covered_lines": 5, "num_statements": 5, "percent_covered": 100.0, "percent_covered_display": "100.00", "missing_lines": 0, "excluded_lines": 0}, "missing_lines": [], "excluded_lines": []}, "ProjectDetector.get_recommended_templates": {"executed_lines": [77, 80, 81, 84, 85, 87], "summary": {"covered_lines": 6, "num_statements": 6, "percent_covered": 100.0, "percent_covered_display": "100.00", "missing_lines": 0, "excluded_lines": 0}, "missing_lines": [], "excluded_lines": []}, "ProjectDetector._check_project_type": {"executed_lines": [92, 93, 96, 97, 101, 102, 104], "summary": {"covered_lines": 7, "num_statements": 8, "percent_covered": 87.5, "percent_covered_display": "87.50", "missing_lines": 1, "excluded_lines": 0}, "missing_lines": [98], "excluded_lines": []}, "ProjectDetector._path_exists": {"executed_lines": [108, 109], "summary": {"covered_lines": 2, "num_statements": 2, "percent_covered": 100.0, "percent_covered_display": "100.00", "missing_lines": 0, "excluded_lines": 0}, "missing_lines": [], "excluded_lines": []}, "ProjectDetector._has_files_with_extensions": {"executed_lines": [113, 114, 116], "summary": {"covered_lines": 3, "num_statements": 4, "percent_covered": 75.0, "percent_covered_display": "75.00", "missing_lines": 1, "excluded_lines": 0}, "missing_lines": [115], "excluded_lines": []}, "ProjectDetector.analyze_project": {"executed_lines": [120], "summary": {"covered_lines": 1, "num_statements": 1, "percent_covered": 100.0, "percent_covered_display": "100.00", "missing_lines": 0, "excluded_lines": 0}, "missing_lines": [], "excluded_lines": []}, "": {"executed_lines": [1, 3, 4, 7, 8, 11, 45, 52, 55, 65, 75, 89, 106, 111, 118], "summary": {"covered_lines": 13, "num_statements": 13, "percent_covered": 100.0, "percent_covered_display": "100.00", "missing_lines": 0, "excluded_lines": 0}, "missing_lines": [], "excluded_lines": []}}, "classes": {"ProjectDetector": {"executed_lines": [53, 57, 59, 60, 61, 63, 67, 69, 70, 71, 73, 77, 80, 81, 84, 85, 87, 92, 93, 96, 97, 101, 102, 104, 108, 109, 113, 114, 116, 120], "summary": {"covered_lines": 30, "num_statements": 32, "percent_covered": 93.75, "percent_covered_display": "93.75", "missing_lines": 2, "excluded_lines": 0}, "missing_lines": [98, 115], "excluded_lines": []}, "": {"executed_lines": [1, 3, 4, 7, 8, 11, 45, 52, 55, 65, 75, 89, 106, 111, 118], "summary": {"covered_lines": 13, "num_statements": 13, "percent_covered": 100.0, "percent_covered_display": "100.00", "missing_lines": 0, "excluded_lines": 0}, "missing_lines": [], "excluded_lines": []}}}, "src/setup_repo/python_env.py": {"executed_lines": [2, 4, 5, 6, 9, 11, 19, 22, 27, 29, 30, 45, 79], "summary": {"covered_lines": 12, "num_statements": 50, "percent_covered": 24.0, "percent_covered_display": "24.00", "missing_lines": 38, "excluded_lines": 0}, "missing_lines": [24, 32, 33, 35, 36, 37, 39, 40, 42, 47, 49, 50, 51, 52, 55, 58, 61, 62, 65, 72, 73, 75, 76, 81, 83, 84, 85, 89, 90, 91, 93, 99, 100, 106, 107, 109, 110, 111], "excluded_lines": [], "functions": {"has_python_project": {"executed_lines": [11, 19], "summary": {"covered_lines": 2, "num_statements": 2, "percent_covered": 100.0, "percent_covered_display": "100.00", "missing_lines": 0, "excluded_lines": 0}, "missing_lines": [], "excluded_lines": []}, "ensure_uv": {"executed_lines": [], "summary": {"covered_lines": 0, "num_statements": 1, "percent_covered": 0.0, "percent_covered_display": "0.00", "missing_lines": 1, "excluded_lines": 0}, "missing_lines": [24], "excluded_lines": []}, "setup_python_environment": {"executed_lines": [29, 30], "summary": {"covered_lines": 2, "num_statements": 10, "percent_covered": 20.0, "percent_covered_display": "20.00", "missing_lines": 8, "excluded_lines": 0}, "missing_lines": [32, 33, 35, 36, 37, 39, 40, 42], "excluded_lines": []}, "_setup_with_uv": {"executed_lines": [], "summary": {"covered_lines": 0, "num_statements": 14, "percent_covered": 0.0, "percent_covered_display": "0.00", "missing_lines": 14, "excluded_lines": 0}, "missing_lines": [47, 49, 50, 51, 52, 55, 58, 61, 62, 65, 72, 73, 75, 76], "excluded_lines": []}, "_setup_with_venv": {"executed_lines": [], "summary": {"covered_lines": 0, "num_statements": 15, "percent_covered": 0.0, "percent_covered_display": "0.00", "missing_lines": 15, "excluded_lines": 0}, "missing_lines": [81, 83, 84, 85, 89, 90, 91, 93, 99, 100, 106, 107, 109, 110, 111], "excluded_lines": []}, "": {"executed_lines": [2, 4, 5, 6, 9, 22, 27, 45, 79], "summary": {"covered_lines": 8, "num_statements": 8, "percent_covered": 100.0, "percent_covered_display": "100.00", "missing_lines": 0, "excluded_lines": 0}, "missing_lines": [], "excluded_lines": []}}, "classes": {"": {"executed_lines": [2, 4, 5, 6, 9, 11, 19, 22, 27, 29, 30, 45, 79], "summary": {"covered_lines": 12, "num_statements": 50, "percent_covered": 24.0, "percent_covered_display": "24.00", "missing_lines": 38, "excluded_lines": 0}, "missing_lines": [24, 32, 33, 35, 36, 37, 39, 40, 42, 47, 49, 50, 51, 52, 55, 58, 61, 62, 65, 72, 73, 75, 76, 81, 83, 84, 85, 89, 90, 91, 93, 99, 100, 106, 107, 109, 110, 111], "excluded_lines": []}}}, "src/setup_repo/quality_logger.py": {"executed_lines": [1, 8, 9, 10, 11, 12, 13, 14, 15, 18, 19, 21, 22, 23, 24, 25, 28, 29, 31, 37, 38, 39, 40, 41, 44, 45, 47, 48, 51, 52, 54, 55, 58, 59, 61, 67, 74, 75, 77, 78, 88, 89, 91, 94, 99, 100, 102, 115, 116, 118, 122, 123, 125, 143, 144, 145, 146, 147, 150, 151, 154, 157, 158, 161, 162, 164, 166, 168, 169, 171, 176, 177, 179, 181, 185, 187, 189, 190, 192, 197, 198, 200, 203, 204, 205, 215, 218, 220, 222, 224, 226, 228, 230, 234, 236, 238, 242, 246, 247, 248, 249, 251, 255, 256, 257, 258, 260, 267, 268, 269, 270, 272, 274, 275, 277, 280, 281, 283, 285, 286, 288, 289, 290, 294, 296, 299, 300, 301, 302, 313, 314, 315, 316, 320, 322, 326, 327, 328, 329, 331, 335, 336, 337, 338, 340, 344, 345, 346, 348, 351, 352, 354, 361, 367, 368, 370, 371, 373, 374, 376, 380, 381, 383, 387, 394, 395, 401, 402, 404, 405, 407, 409, 411, 418, 420, 422, 423, 425, 429, 432, 442, 443, 451, 454, 463, 470], "summary": {"covered_lines": 175, "num_statements": 193, "percent_covered": 90.67357512953367, "percent_covered_display": "90.67", "missing_lines": 18, "excluded_lines": 0}, "missing_lines": [108, 109, 110, 111, 112, 119, 182, 216, 232, 240, 305, 306, 308, 309, 310, 311, 317, 318], "excluded_lines": [], "functions": {"QualityCheckError.__init__": {"executed_lines": [37, 38, 39, 40, 41], "summary": {"covered_lines": 5, "num_statements": 5, "percent_covered": 100.0, "percent_covered_display": "100.00", "missing_lines": 0, "excluded_lines": 0}, "missing_lines": [], "excluded_lines": []}, "RuffError.__init__": {"executed_lines": [48], "summary": {"covered_lines": 1, "num_statements": 1, "percent_covered": 100.0, "percent_covered_display": "100.00", "missing_lines": 0, "excluded_lines": 0}, "missing_lines": [], "excluded_lines": []}, "MyPyError.__init__": {"executed_lines": [55], "summary": {"covered_lines": 1, "num_statements": 1, "percent_covered": 100.0, "percent_covered_display": "100.00", "missing_lines": 0, "excluded_lines": 0}, "missing_lines": [], "excluded_lines": []}, "TestFailureError.__init__": {"executed_lines": [67], "summary": {"covered_lines": 1, "num_statements": 1, "percent_covered": 100.0, "percent_covered_display": "100.00", "missing_lines": 0, "excluded_lines": 0}, "missing_lines": [], "excluded_lines": []}, "CoverageError.__init__": {"executed_lines": [78], "summary": {"covered_lines": 1, "num_statements": 1, "percent_covered": 100.0, "percent_covered_display": "100.00", "missing_lines": 0, "excluded_lines": 0}, "missing_lines": [], "excluded_lines": []}, "SecurityScanError.__init__": {"executed_lines": [94], "summary": {"covered_lines": 1, "num_statements": 1, "percent_covered": 100.0, "percent_covered_display": "100.00", "missing_lines": 0, "excluded_lines": 0}, "missing_lines": [], "excluded_lines": []}, "CIError.__init__": {"executed_lines": [], "summary": {"covered_lines": 0, "num_statements": 5, "percent_covered": 0.0, "percent_covered_display": "0.00", "missing_lines": 5, "excluded_lines": 0}, "missing_lines": [108, 109, 110, 111, 112], "excluded_lines": []}, "ReleaseError.__init__": {"executed_lines": [], "summary": {"covered_lines": 0, "num_statements": 1, "percent_covered": 0.0, "percent_covered_display": "0.00", "missing_lines": 1, "excluded_lines": 0}, "missing_lines": [119], "excluded_lines": []}, "QualityLogger.__init__": {"executed_lines": [143, 144, 145, 146, 147, 150, 151, 154, 157, 158, 161, 162], "summary": {"covered_lines": 12, "num_statements": 12, "percent_covered": 100.0, "percent_covered_display": "100.00", "missing_lines": 0, "excluded_lines": 0}, "missing_lines": [], "excluded_lines": []}, "QualityLogger._setup_console_handler": {"executed_lines": [166, 168, 169, 171, 176, 177], "summary": {"covered_lines": 6, "num_statements": 6, "percent_covered": 100.0, "percent_covered_display": "100.00", "missing_lines": 0, "excluded_lines": 0}, "missing_lines": [], "excluded_lines": []}, "QualityLogger._setup_file_handler": {"executed_lines": [181, 185, 187, 189, 190, 192, 197, 198], "summary": {"covered_lines": 8, "num_statements": 9, "percent_covered": 88.88888888888889, "percent_covered_display": "88.89", "missing_lines": 1, "excluded_lines": 0}, "missing_lines": [182], "excluded_lines": []}, "QualityLogger._create_json_formatter": {"executed_lines": [203, 204, 220], "summary": {"covered_lines": 3, "num_statements": 3, "percent_covered": 100.0, "percent_covered_display": "100.00", "missing_lines": 0, "excluded_lines": 0}, "missing_lines": [], "excluded_lines": []}, "QualityLogger._create_json_formatter.JsonFormatter.format": {"executed_lines": [205, 215, 218], "summary": {"covered_lines": 3, "num_statements": 4, "percent_covered": 75.0, "percent_covered_display": "75.00", "missing_lines": 1, "excluded_lines": 0}, "missing_lines": [216], "excluded_lines": []}, "QualityLogger.debug": {"executed_lines": [224], "summary": {"covered_lines": 1, "num_statements": 1, "percent_covered": 100.0, "percent_covered_display": "100.00", "missing_lines": 0, "excluded_lines": 0}, "missing_lines": [], "excluded_lines": []}, "QualityLogger.info": {"executed_lines": [228], "summary": {"covered_lines": 1, "num_statements": 1, "percent_covered": 100.0, "percent_covered_display": "100.00", "missing_lines": 0, "excluded_lines": 0}, "missing_lines": [], "excluded_lines": []}, "QualityLogger.warning": {"executed_lines": [], "summary": {"covered_lines": 0, "num_statements": 1, "percent_covered": 0.0, "percent_covered_display": "0.00", "missing_lines": 1, "excluded_lines": 0}, "missing_lines": [232], "excluded_lines": []}, "QualityLogger.error": {"executed_lines": [236], "summary": {"covered_lines": 1, "num_statements": 1, "percent_covered": 100.0, "percent_covered_display": "100.00", "missing_lines": 0, "excluded_lines": 0}, "missing_lines": [], "excluded_lines": []}, "QualityLogger.critical": {"executed_lines": [], "summary": {"covered_lines": 0, "num_statements": 1, "percent_covered": 0.0, "percent_covered_display": "0.00", "missing_lines": 1, "excluded_lines": 0}, "missing_lines": [240], "excluded_lines": []}, "QualityLogger.log_quality_check_start": {"executed_lines": [246, 247, 248, 249], "summary": {"covered_lines": 4, "num_statements": 4, "percent_covered": 100.0, "percent_covered_display": "100.00", "missing_lines": 0, "excluded_lines": 0}, "missing_lines": [], "excluded_lines": []}, "QualityLogger.log_quality_check_success": {"executed_lines": [255, 256, 257, 258], "summary": {"covered_lines": 4, "num_statements": 4, "percent_covered": 100.0, "percent_covered_display": "100.00", "missing_lines": 0, "excluded_lines": 0}, "missing_lines": [], "excluded_lines": []}, "QualityLogger.log_quality_check_failure": {"executed_lines": [267, 268, 269, 270, 272, 274, 275, 277, 280, 281], "summary": {"covered_lines": 10, "num_statements": 10, "percent_covered": 100.0, "percent_covered_display": "100.00", "missing_lines": 0, "excluded_lines": 0}, "missing_lines": [], "excluded_lines": []}, "QualityLogger.log_quality_check_result": {"executed_lines": [285, 286, 288, 289, 290], "summary": {"covered_lines": 5, "num_statements": 5, "percent_covered": 100.0, "percent_covered_display": "100.00", "missing_lines": 0, "excluded_lines": 0}, "missing_lines": [], "excluded_lines": []}, "QualityLogger.log_metrics_summary": {"executed_lines": [296, 299, 300, 301, 302, 313, 314, 315, 316, 320], "summary": {"covered_lines": 10, "num_statements": 18, "percent_covered": 55.55555555555556, "percent_covered_display": "55.56", "missing_lines": 8, "excluded_lines": 0}, "missing_lines": [305, 306, 308, 309, 310, 311, 317, 318], "excluded_lines": []}, "QualityLogger.log_ci_stage_start": {"executed_lines": [326, 327, 328, 329], "summary": {"covered_lines": 4, "num_statements": 4, "percent_covered": 100.0, "percent_covered_display": "100.00", "missing_lines": 0, "excluded_lines": 0}, "missing_lines": [], "excluded_lines": []}, "QualityLogger.log_ci_stage_success": {"executed_lines": [335, 336, 337, 338], "summary": {"covered_lines": 4, "num_statements": 4, "percent_covered": 100.0, "percent_covered_display": "100.00", "missing_lines": 0, "excluded_lines": 0}, "missing_lines": [], "excluded_lines": []}, "QualityLogger.log_ci_stage_failure": {"executed_lines": [344, 345, 346, 348, 351, 352], "summary": {"covered_lines": 6, "num_statements": 6, "percent_covered": 100.0, "percent_covered_display": "100.00", "missing_lines": 0, "excluded_lines": 0}, "missing_lines": [], "excluded_lines": []}, "QualityLogger.log_error_with_context": {"executed_lines": [361, 367, 368, 370, 371, 373, 374, 376, 380, 381], "summary": {"covered_lines": 10, "num_statements": 10, "percent_covered": 100.0, "percent_covered_display": "100.00", "missing_lines": 0, "excluded_lines": 0}, "missing_lines": [], "excluded_lines": []}, "QualityLogger.create_error_report": {"executed_lines": [387, 394, 395, 401, 402, 404, 405, 407, 409], "summary": {"covered_lines": 9, "num_statements": 9, "percent_covered": 100.0, "percent_covered_display": "100.00", "missing_lines": 0, "excluded_lines": 0}, "missing_lines": [], "excluded_lines": []}, "QualityLogger.save_error_report": {"executed_lines": [418, 420, 422, 423, 425], "summary": {"covered_lines": 5, "num_statements": 5, "percent_covered": 100.0, "percent_covered_display": "100.00", "missing_lines": 0, "excluded_lines": 0}, "missing_lines": [], "excluded_lines": []}, "get_quality_logger": {"executed_lines": [442, 443, 451], "summary": {"covered_lines": 3, "num_statements": 3, "percent_covered": 100.0, "percent_covered_display": "100.00", "missing_lines": 0, "excluded_lines": 0}, "missing_lines": [], "excluded_lines": []}, "configure_quality_logging": {"executed_lines": [463, 470], "summary": {"covered_lines": 2, "num_statements": 2, "percent_covered": 100.0, "percent_covered_display": "100.00", "missing_lines": 0, "excluded_lines": 0}, "missing_lines": [], "excluded_lines": []}, "": {"executed_lines": [1, 8, 9, 10, 11, 12, 13, 14, 15, 18, 19, 21, 22, 23, 24, 25, 28, 29, 31, 44, 45, 47, 51, 52, 54, 58, 59, 61, 74, 75, 77, 88, 89, 91, 99, 100, 102, 115, 116, 118, 122, 123, 125, 164, 179, 200, 222, 226, 230, 234, 238, 242, 251, 260, 283, 294, 322, 331, 340, 354, 383, 411, 429, 432, 454], "summary": {"covered_lines": 54, "num_statements": 54, "percent_covered": 100.0, "percent_covered_display": "100.00", "missing_lines": 0, "excluded_lines": 0}, "missing_lines": [], "excluded_lines": []}}, "classes": {"LogLevel": {"executed_lines": [], "summary": {"covered_lines": 0, "num_statements": 0, "percent_covered": 100.0, "percent_covered_display": "100.00", "missing_lines": 0, "excluded_lines": 0}, "missing_lines": [], "excluded_lines": []}, "QualityCheckError": {"executed_lines": [37, 38, 39, 40, 41], "summary": {"covered_lines": 5, "num_statements": 5, "percent_covered": 100.0, "percent_covered_display": "100.00", "missing_lines": 0, "excluded_lines": 0}, "missing_lines": [], "excluded_lines": []}, "RuffError": {"executed_lines": [48], "summary": {"covered_lines": 1, "num_statements": 1, "percent_covered": 100.0, "percent_covered_display": "100.00", "missing_lines": 0, "excluded_lines": 0}, "missing_lines": [], "excluded_lines": []}, "MyPyError": {"executed_lines": [55], "summary": {"covered_lines": 1, "num_statements": 1, "percent_covered": 100.0, "percent_covered_display": "100.00", "missing_lines": 0, "excluded_lines": 0}, "missing_lines": [], "excluded_lines": []}, "TestFailureError": {"executed_lines": [67], "summary": {"covered_lines": 1, "num_statements": 1, "percent_covered": 100.0, "percent_covered_display": "100.00", "missing_lines": 0, "excluded_lines": 0}, "missing_lines": [], "excluded_lines": []}, "CoverageError": {"executed_lines": [78], "summary": {"covered_lines": 1, "num_statements": 1, "percent_covered": 100.0, "percent_covered_display": "100.00", "missing_lines": 0, "excluded_lines": 0}, "missing_lines": [], "excluded_lines": []}, "SecurityScanError": {"executed_lines": [94], "summary": {"covered_lines": 1, "num_statements": 1, "percent_covered": 100.0, "percent_covered_display": "100.00", "missing_lines": 0, "excluded_lines": 0}, "missing_lines": [], "excluded_lines": []}, "CIError": {"executed_lines": [], "summary": {"covered_lines": 0, "num_statements": 5, "percent_covered": 0.0, "percent_covered_display": "0.00", "missing_lines": 5, "excluded_lines": 0}, "missing_lines": [108, 109, 110, 111, 112], "excluded_lines": []}, "ReleaseError": {"executed_lines": [], "summary": {"covered_lines": 0, "num_statements": 1, "percent_covered": 0.0, "percent_covered_display": "0.00", "missing_lines": 1, "excluded_lines": 0}, "missing_lines": [119], "excluded_lines": []}, "QualityLogger": {"executed_lines": [143, 144, 145, 146, 147, 150, 151, 154, 157, 158, 161, 162, 166, 168, 169, 171, 176, 177, 181, 185, 187, 189, 190, 192, 197, 198, 203, 204, 220, 224, 228, 236, 246, 247, 248, 249, 255, 256, 257, 258, 267, 268, 269, 270, 272, 274, 275, 277, 280, 281, 285, 286, 288, 289, 290, 296, 299, 300, 301, 302, 313, 314, 315, 316, 320, 326, 327, 328, 329, 335, 336, 337, 338, 344, 345, 346, 348, 351, 352, 361, 367, 368, 370, 371, 373, 374, 376, 380, 381, 387, 394, 395, 401, 402, 404, 405, 407, 409, 418, 420, 422, 423, 425], "summary": {"covered_lines": 103, "num_statements": 114, "percent_covered": 90.35087719298245, "percent_covered_display": "90.35", "missing_lines": 11, "excluded_lines": 0}, "missing_lines": [182, 232, 240, 305, 306, 308, 309, 310, 311, 317, 318], "excluded_lines": []}, "QualityLogger._create_json_formatter.JsonFormatter": {"executed_lines": [205, 215, 218], "summary": {"covered_lines": 3, "num_statements": 4, "percent_covered": 75.0, "percent_covered_display": "75.00", "missing_lines": 1, "excluded_lines": 0}, "missing_lines": [216], "excluded_lines": []}, "": {"executed_lines": [1, 8, 9, 10, 11, 12, 13, 14, 15, 18, 19, 21, 22, 23, 24, 25, 28, 29, 31, 44, 45, 47, 51, 52, 54, 58, 59, 61, 74, 75, 77, 88, 89, 91, 99, 100, 102, 115, 116, 118, 122, 123, 125, 164, 179, 200, 222, 226, 230, 234, 238, 242, 251, 260, 283, 294, 322, 331, 340, 354, 383, 411, 429, 432, 442, 443, 451, 454, 463, 470], "summary": {"covered_lines": 59, "num_statements": 59, "percent_covered": 100.0, "percent_covered_display": "100.00", "missing_lines": 0, "excluded_lines": 0}, "missing_lines": [], "excluded_lines": []}}}, "src/setup_repo/quality_metrics.py": {"executed_lines": [1, 11, 12, 13, 14, 15, 16, 17, 19, 30, 31, 33, 34, 35, 36, 39, 40, 41, 43, 44, 45, 46, 47, 48, 49, 50, 52, 54, 55, 56, 57, 59, 61, 62, 65, 69, 71, 79, 81, 84, 87, 90, 91, 94, 97, 99, 101, 105, 110, 111, 112, 114, 115, 116, 117, 118, 120, 122, 134, 135, 137, 142, 143, 145, 147, 149, 151, 159, 160, 161, 166, 168, 179, 180, 184, 187, 189, 200, 202, 204, 206, 215, 220, 222, 224, 235, 236, 240, 244, 246, 253, 257, 259, 261, 272, 273, 274, 276, 277, 285, 286, 287, 290, 295, 296, 297, 298, 299, 300, 301, 308, 309, 310, 311, 312, 313, 314, 315, 316, 317, 320, 327, 329, 338, 339, 363, 376, 378, 380, 381, 382, 384, 386, 394, 395, 396, 397, 398, 399, 406, 408, 416, 417, 418, 419, 420, 421, 428, 430, 437, 438, 448, 450, 452, 455, 456, 457, 458, 461, 471, 482, 483, 485, 489, 490, 492, 500, 502, 503, 505, 506], "summary": {"covered_lines": 166, "num_statements": 205, "percent_covered": 80.97560975609755, "percent_covered_display": "80.98", "missing_lines": 39, "excluded_lines": 0}, "missing_lines": [66, 67, 103, 107, 163, 164, 191, 196, 197, 198, 248, 249, 250, 251, 279, 304, 305, 321, 322, 324, 325, 345, 346, 356, 361, 365, 366, 367, 368, 400, 401, 403, 404, 422, 423, 425, 426, 442, 446], "excluded_lines": [], "functions": {"QualityMetrics.__post_init__": {"executed_lines": [54, 55, 56, 57], "summary": {"covered_lines": 4, "num_statements": 4, "percent_covered": 100.0, "percent_covered_display": "100.00", "missing_lines": 0, "excluded_lines": 0}, "missing_lines": [], "excluded_lines": []}, "QualityMetrics._get_current_commit_hash": {"executed_lines": [61, 62, 65], "summary": {"covered_lines": 3, "num_statements": 5, "percent_covered": 60.0, "percent_covered_display": "60.00", "missing_lines": 2, "excluded_lines": 0}, "missing_lines": [66, 67], "excluded_lines": []}, "QualityMetrics.is_passing": {"executed_lines": [71], "summary": {"covered_lines": 1, "num_statements": 1, "percent_covered": 100.0, "percent_covered_display": "100.00", "missing_lines": 0, "excluded_lines": 0}, "missing_lines": [], "excluded_lines": []}, "QualityMetrics.get_quality_score": {"executed_lines": [81, 84, 87, 90, 91, 94, 97, 99], "summary": {"covered_lines": 8, "num_statements": 8, "percent_covered": 100.0, "percent_covered_display": "100.00", "missing_lines": 0, "excluded_lines": 0}, "missing_lines": [], "excluded_lines": []}, "QualityMetrics.items": {"executed_lines": [], "summary": {"covered_lines": 0, "num_statements": 1, "percent_covered": 0.0, "percent_covered_display": "0.00", "missing_lines": 1, "excluded_lines": 0}, "missing_lines": [103], "excluded_lines": []}, "QualityMetrics.to_dict": {"executed_lines": [], "summary": {"covered_lines": 0, "num_statements": 1, "percent_covered": 0.0, "percent_covered_display": "0.00", "missing_lines": 1, "excluded_lines": 0}, "missing_lines": [107], "excluded_lines": []}, "BuildResult.to_dict": {"executed_lines": [122], "summary": {"covered_lines": 1, "num_statements": 1, "percent_covered": 100.0, "percent_covered_display": "100.00", "missing_lines": 0, "excluded_lines": 0}, "missing_lines": [], "excluded_lines": []}, "QualityMetricsCollector.__init__": {"executed_lines": [142, 143], "summary": {"covered_lines": 2, "num_statements": 2, "percent_covered": 100.0, "percent_covered_display": "100.00", "missing_lines": 0, "excluded_lines": 0}, "missing_lines": [], "excluded_lines": []}, "QualityMetricsCollector.collect_ruff_metrics": {"executed_lines": [147, 149, 151, 159, 160, 161, 166, 168, 179, 180, 184, 187, 189], "summary": {"covered_lines": 13, "num_statements": 19, "percent_covered": 68.42105263157895, "percent_covered_display": "68.42", "missing_lines": 6, "excluded_lines": 0}, "missing_lines": [163, 164, 191, 196, 197, 198], "excluded_lines": []}, "QualityMetricsCollector.collect_mypy_metrics": {"executed_lines": [202, 204, 206, 215, 220, 222, 224, 235, 236, 240, 244, 246], "summary": {"covered_lines": 12, "num_statements": 16, "percent_covered": 75.0, "percent_covered_display": "75.00", "missing_lines": 4, "excluded_lines": 0}, "missing_lines": [248, 249, 250, 251], "excluded_lines": []}, "QualityMetricsCollector.collect_test_metrics": {"executed_lines": [257, 259, 261, 272, 273, 274, 276, 277, 285, 286, 287, 290, 295, 296, 297, 298, 299, 300, 301, 308, 309, 310, 311, 312, 313, 314, 315, 316, 317, 320, 327, 329, 338, 339, 363], "summary": {"covered_lines": 35, "num_statements": 50, "percent_covered": 70.0, "percent_covered_display": "70.00", "missing_lines": 15, "excluded_lines": 0}, "missing_lines": [279, 304, 305, 321, 322, 324, 325, 345, 346, 356, 361, 365, 366, 367, 368], "excluded_lines": []}, "QualityMetricsCollector.collect_security_metrics": {"executed_lines": [378, 380, 381, 382, 384, 386, 394, 395, 396, 397, 398, 399, 406, 408, 416, 417, 418, 419, 420, 421, 428, 430, 437, 438, 448], "summary": {"covered_lines": 25, "num_statements": 35, "percent_covered": 71.42857142857143, "percent_covered_display": "71.43", "missing_lines": 10, "excluded_lines": 0}, "missing_lines": [400, 401, 403, 404, 422, 423, 425, 426, 442, 446], "excluded_lines": []}, "QualityMetricsCollector.collect_all_metrics": {"executed_lines": [452, 455, 456, 457, 458, 461, 471, 482, 483], "summary": {"covered_lines": 9, "num_statements": 9, "percent_covered": 100.0, "percent_covered_display": "100.00", "missing_lines": 0, "excluded_lines": 0}, "missing_lines": [], "excluded_lines": []}, "QualityMetricsCollector.save_metrics_report": {"executed_lines": [489, 490, 492, 500, 502, 503, 505, 506], "summary": {"covered_lines": 8, "num_statements": 8, "percent_covered": 100.0, "percent_covered_display": "100.00", "missing_lines": 0, "excluded_lines": 0}, "missing_lines": [], "excluded_lines": []}, "": {"executed_lines": [1, 11, 12, 13, 14, 15, 16, 17, 19, 30, 31, 33, 34, 35, 36, 39, 40, 41, 43, 44, 45, 46, 47, 48, 49, 50, 52, 59, 69, 79, 101, 105, 110, 111, 112, 114, 115, 116, 117, 118, 120, 134, 135, 137, 145, 200, 253, 376, 450, 485], "summary": {"covered_lines": 45, "num_statements": 45, "percent_covered": 100.0, "percent_covered_display": "100.00", "missing_lines": 0, "excluded_lines": 0}, "missing_lines": [], "excluded_lines": []}}, "classes": {"QualityCheckStatus": {"executed_lines": [], "summary": {"covered_lines": 0, "num_statements": 0, "percent_covered": 100.0, "percent_covered_display": "100.00", "missing_lines": 0, "excluded_lines": 0}, "missing_lines": [], "excluded_lines": []}, "QualityMetrics": {"executed_lines": [54, 55, 56, 57, 61, 62, 65, 71, 81, 84, 87, 90, 91, 94, 97, 99], "summary": {"covered_lines": 16, "num_statements": 20, "percent_covered": 80.0, "percent_covered_display": "80.00", "missing_lines": 4, "excluded_lines": 0}, "missing_lines": [66, 67, 103, 107], "excluded_lines": []}, "BuildResult": {"executed_lines": [122], "summary": {"covered_lines": 1, "num_statements": 1, "percent_covered": 100.0, "percent_covered_display": "100.00", "missing_lines": 0, "excluded_lines": 0}, "missing_lines": [], "excluded_lines": []}, "QualityMetricsCollector": {"executed_lines": [142, 143, 147, 149, 151, 159, 160, 161, 166, 168, 179, 180, 184, 187, 189, 202, 204, 206, 215, 220, 222, 224, 235, 236, 240, 244, 246, 257, 259, 261, 272, 273, 274, 276, 277, 285, 286, 287, 290, 295, 296, 297, 298, 299, 300, 301, 308, 309, 310, 311, 312, 313, 314, 315, 316, 317, 320, 327, 329, 338, 339, 363, 378, 380, 381, 382, 384, 386, 394, 395, 396, 397, 398, 399, 406, 408, 416, 417, 418, 419, 420, 421, 428, 430, 437, 438, 448, 452, 455, 456, 457, 458, 461, 471, 482, 483, 489, 490, 492, 500, 502, 503, 505, 506], "summary": {"covered_lines": 104, "num_statements": 139, "percent_covered": 74.82014388489209, "percent_covered_display": "74.82", "missing_lines": 35, "excluded_lines": 0}, "missing_lines": [163, 164, 191, 196, 197, 198, 248, 249, 250, 251, 279, 304, 305, 321, 322, 324, 325, 345, 346, 356, 361, 365, 366, 367, 368, 400, 401, 403, 404, 422, 423, 425, 426, 442, 446], "excluded_lines": []}, "": {"executed_lines": [1, 11, 12, 13, 14, 15, 16, 17, 19, 30, 31, 33, 34, 35, 36, 39, 40, 41, 43, 44, 45, 46, 47, 48, 49, 50, 52, 59, 69, 79, 101, 105, 110, 111, 112, 114, 115, 116, 117, 118, 120, 134, 135, 137, 145, 200, 253, 376, 450, 485], "summary": {"covered_lines": 45, "num_statements": 45, "percent_covered": 100.0, "percent_covered_display": "100.00", "missing_lines": 0, "excluded_lines": 0}, "missing_lines": [], "excluded_lines": []}}}, "src/setup_repo/quality_trends.py": {"executed_lines": [1, 7, 8, 9, 10, 11, 13, 14, 17, 18, 19, 21, 22, 23, 24, 25, 26, 27, 28, 29, 31, 32, 34, 47, 48, 49, 51, 52, 53, 54, 55, 56, 57, 58, 59, 60, 63, 64, 66, 69, 70, 72, 74, 75, 77, 78, 79, 81, 86, 88, 90, 91, 92, 99, 103, 105, 106, 109, 110, 111, 112, 113, 115, 116, 118, 121, 122, 124, 126, 128, 130, 131, 147, 148, 155, 156, 159, 160, 162, 163, 164, 165, 168, 169, 172, 175, 179, 192, 194, 195, 198, 199, 201, 202, 203, 204, 206, 208, 209, 210, 211, 213, 215, 217, 219, 222, 224, 225, 227, 228, 230, 231, 233, 234, 236, 237, 241, 242, 244, 246, 250, 252, 255, 258, 259, 264, 265, 270, 271, 274, 275, 276, 277, 278, 283, 284, 288, 290, 292, 293, 295, 296, 298, 300, 301, 302, 304, 305, 307, 312, 316], "summary": {"covered_lines": 147, "num_statements": 154, "percent_covered": 95.45454545454545, "percent_covered_display": "95.45", "missing_lines": 7, "excluded_lines": 0}, "missing_lines": [82, 83, 84, 100, 101, 220, 253], "excluded_lines": [], "functions": {"TrendDataPoint.from_metrics": {"executed_lines": [34], "summary": {"covered_lines": 1, "num_statements": 1, "percent_covered": 100.0, "percent_covered_display": "100.00", "missing_lines": 0, "excluded_lines": 0}, "missing_lines": [], "excluded_lines": []}, "QualityTrendManager.__init__": {"executed_lines": [69, 70], "summary": {"covered_lines": 2, "num_statements": 2, "percent_covered": 100.0, "percent_covered_display": "100.00", "missing_lines": 0, "excluded_lines": 0}, "missing_lines": [], "excluded_lines": []}, "QualityTrendManager.load_trend_data": {"executed_lines": [74, 75, 77, 78, 79, 81], "summary": {"covered_lines": 6, "num_statements": 9, "percent_covered": 66.66666666666667, "percent_covered_display": "66.67", "missing_lines": 3, "excluded_lines": 0}, "missing_lines": [82, 83, 84], "excluded_lines": []}, "QualityTrendManager.save_trend_data": {"executed_lines": [88, 90, 91, 92, 99], "summary": {"covered_lines": 5, "num_statements": 7, "percent_covered": 71.42857142857143, "percent_covered_display": "71.43", "missing_lines": 2, "excluded_lines": 0}, "missing_lines": [100, 101], "excluded_lines": []}, "QualityTrendManager.add_data_point": {"executed_lines": [105, 106, 109, 110, 111, 112, 113, 115, 116, 118, 121, 122, 124], "summary": {"covered_lines": 13, "num_statements": 13, "percent_covered": 100.0, "percent_covered_display": "100.00", "missing_lines": 0, "excluded_lines": 0}, "missing_lines": [], "excluded_lines": []}, "QualityTrendManager.analyze_trend": {"executed_lines": [128, 130, 131, 147, 148, 155, 156, 159, 160, 162, 163, 164, 165, 168, 169, 172, 175, 179], "summary": {"covered_lines": 18, "num_statements": 18, "percent_covered": 100.0, "percent_covered_display": "100.00", "missing_lines": 0, "excluded_lines": 0}, "missing_lines": [], "excluded_lines": []}, "QualityTrendManager._analyze_trend_direction": {"executed_lines": [194, 195, 198, 199, 201, 202, 203, 204, 206, 208, 209, 210, 211, 213], "summary": {"covered_lines": 14, "num_statements": 14, "percent_covered": 100.0, "percent_covered_display": "100.00", "missing_lines": 0, "excluded_lines": 0}, "missing_lines": [], "excluded_lines": []}, "QualityTrendManager._identify_recent_issues": {"executed_lines": [217, 219, 222, 224, 225, 227, 228, 230, 231, 233, 234, 236, 237, 241, 242, 244], "summary": {"covered_lines": 16, "num_statements": 17, "percent_covered": 94.11764705882354, "percent_covered_display": "94.12", "missing_lines": 1, "excluded_lines": 0}, "missing_lines": [220], "excluded_lines": []}, "QualityTrendManager._generate_recommendations": {"executed_lines": [250, 252, 255, 258, 259, 264, 265, 270, 271, 274, 275, 276, 277, 278, 283, 284, 288], "summary": {"covered_lines": 17, "num_statements": 18, "percent_covered": 94.44444444444444, "percent_covered_display": "94.44", "missing_lines": 1, "excluded_lines": 0}, "missing_lines": [253], "excluded_lines": []}, "QualityTrendManager.generate_html_report": {"executed_lines": [292, 293, 295, 296, 298, 300, 301, 302, 304, 305], "summary": {"covered_lines": 10, "num_statements": 10, "percent_covered": 100.0, "percent_covered_display": "100.00", "missing_lines": 0, "excluded_lines": 0}, "missing_lines": [], "excluded_lines": []}, "QualityTrendManager._generate_html_content": {"executed_lines": [312, 316], "summary": {"covered_lines": 2, "num_statements": 2, "percent_covered": 100.0, "percent_covered_display": "100.00", "missing_lines": 0, "excluded_lines": 0}, "missing_lines": [], "excluded_lines": []}, "": {"executed_lines": [1, 7, 8, 9, 10, 11, 13, 14, 17, 18, 19, 21, 22, 23, 24, 25, 26, 27, 28, 29, 31, 32, 47, 48, 49, 51, 52, 53, 54, 55, 56, 57, 58, 59, 60, 63, 64, 66, 72, 86, 103, 126, 192, 215, 246, 290, 307], "summary": {"covered_lines": 43, "num_statements": 43, "percent_covered": 100.0, "percent_covered_display": "100.00", "missing_lines": 0, "excluded_lines": 0}, "missing_lines": [], "excluded_lines": []}}, "classes": {"TrendDataPoint": {"executed_lines": [34], "summary": {"covered_lines": 1, "num_statements": 1, "percent_covered": 100.0, "percent_covered_display": "100.00", "missing_lines": 0, "excluded_lines": 0}, "missing_lines": [], "excluded_lines": []}, "TrendAnalysis": {"executed_lines": [], "summary": {"covered_lines": 0, "num_statements": 0, "percent_covered": 100.0, "percent_covered_display": "100.00", "missing_lines": 0, "excluded_lines": 0}, "missing_lines": [], "excluded_lines": []}, "QualityTrendManager": {"executed_lines": [69, 70, 74, 75, 77, 78, 79, 81, 88, 90, 91, 92, 99, 105, 106, 109, 110, 111, 112, 113, 115, 116, 118, 121, 122, 124, 128, 130, 131, 147, 148, 155, 156, 159, 160, 162, 163, 164, 165, 168, 169, 172, 175, 179, 194, 195, 198, 199, 201, 202, 203, 204, 206, 208, 209, 210, 211, 213, 217, 219, 222, 224, 225, 227, 228, 230, 231, 233, 234, 236, 237, 241, 242, 244, 250, 252, 255, 258, 259, 264, 265, 270, 271, 274, 275, 276, 277, 278, 283, 284, 288, 292, 293, 295, 296, 298, 300, 301, 302, 304, 305, 312, 316], "summary": {"covered_lines": 103, "num_statements": 110, "percent_covered": 93.63636363636364, "percent_covered_display": "93.64", "missing_lines": 7, "excluded_lines": 0}, "missing_lines": [82, 83, 84, 100, 101, 220, 253], "excluded_lines": []}, "": {"executed_lines": [1, 7, 8, 9, 10, 11, 13, 14, 17, 18, 19, 21, 22, 23, 24, 25, 26, 27, 28, 29, 31, 32, 47, 48, 49, 51, 52, 53, 54, 55, 56, 57, 58, 59, 60, 63, 64, 66, 72, 86, 103, 126, 192, 215, 246, 290, 307], "summary": {"covered_lines": 43, "num_statements": 43, "percent_covered": 100.0, "percent_covered_display": "100.00", "missing_lines": 0, "excluded_lines": 0}, "missing_lines": [], "excluded_lines": []}}}, "src/setup_repo/safety_check.py": {"executed_lines": [2, 4, 5, 8, 10, 13, 15, 17, 48, 49, 51, 54, 72], "summary": {"covered_lines": 12, "num_statements": 43, "percent_covered": 27.906976744186046, "percent_covered_display": "27.91", "missing_lines": 31, "excluded_lines": 0}, "missing_lines": [11, 24, 25, 28, 34, 35, 38, 45, 46, 56, 57, 58, 60, 61, 62, 63, 65, 66, 67, 68, 69, 74, 75, 76, 78, 80, 81, 82, 83, 84, 85], "excluded_lines": [], "functions": {"check_unpushed_changes": {"executed_lines": [10, 13, 15, 17, 48, 49, 51], "summary": {"covered_lines": 7, "num_statements": 16, "percent_covered": 43.75, "percent_covered_display": "43.75", "missing_lines": 9, "excluded_lines": 0}, "missing_lines": [11, 24, 25, 28, 34, 35, 38, 45, 46], "excluded_lines": []}, "prompt_user_action": {"executed_lines": [], "summary": {"covered_lines": 0, "num_statements": 12, "percent_covered": 0.0, "percent_covered_display": "0.00", "missing_lines": 12, "excluded_lines": 0}, "missing_lines": [56, 57, 58, 60, 61, 62, 63, 65, 66, 67, 68, 69], "excluded_lines": []}, "create_emergency_backup": {"executed_lines": [], "summary": {"covered_lines": 0, "num_statements": 10, "percent_covered": 0.0, "percent_covered_display": "0.00", "missing_lines": 10, "excluded_lines": 0}, "missing_lines": [74, 75, 76, 78, 80, 81, 82, 83, 84, 85], "excluded_lines": []}, "": {"executed_lines": [2, 4, 5, 8, 54, 72], "summary": {"covered_lines": 5, "num_statements": 5, "percent_covered": 100.0, "percent_covered_display": "100.00", "missing_lines": 0, "excluded_lines": 0}, "missing_lines": [], "excluded_lines": []}}, "classes": {"": {"executed_lines": [2, 4, 5, 8, 10, 13, 15, 17, 48, 49, 51, 54, 72], "summary": {"covered_lines": 12, "num_statements": 43, "percent_covered": 27.906976744186046, "percent_covered_display": "27.91", "missing_lines": 31, "excluded_lines": 0}, "missing_lines": [11, 24, 25, 28, 34, 35, 38, 45, 46, 56, 57, 58, 60, 61, 62, 63, 65, 66, 67, 68, 69, 74, 75, 76, 78, 80, 81, 82, 83, 84, 85], "excluded_lines": []}}}, "src/setup_repo/setup.py": {"executed_lines": [1, 3, 4, 5, 7, 8, 9, 10, 13, 19, 32, 38, 43, 45, 46, 47, 48, 55, 56, 57, 58, 60, 67, 69, 70, 71, 74, 77, 78, 81, 83, 84, 85, 87, 89, 90, 91, 92, 94], "summary": {"covered_lines": 38, "num_statements": 50, "percent_covered": 76.0, "percent_covered_display": "76.00", "missing_lines": 12, "excluded_lines": 0}, "missing_lines": [15, 16, 21, 23, 24, 25, 28, 29, 34, 35, 50, 52], "excluded_lines": [], "functions": {"setup_dependencies": {"executed_lines": [], "summary": {"covered_lines": 0, "num_statements": 2, "percent_covered": 0.0, "percent_covered_display": "0.00", "missing_lines": 2, "excluded_lines": 0}, "missing_lines": [15, 16], "excluded_lines": []}, "create_personal_config": {"executed_lines": [], "summary": {"covered_lines": 0, "num_statements": 6, "percent_covered": 0.0, "percent_covered_display": "0.00", "missing_lines": 6, "excluded_lines": 0}, "missing_lines": [21, 23, 24, 25, 28, 29], "excluded_lines": []}, "run_interactive_setup": {"executed_lines": [], "summary": {"covered_lines": 0, "num_statements": 2, "percent_covered": 0.0, "percent_covered_display": "0.00", "missing_lines": 2, "excluded_lines": 0}, "missing_lines": [34, 35], "excluded_lines": []}, "setup_repository_environment": {"executed_lines": [43, 45, 46, 47, 48, 55, 56, 57, 58, 60, 67, 69, 70, 71, 74, 77, 78, 81, 83, 84, 85, 87, 89, 90, 91, 92, 94], "summary": {"covered_lines": 27, "num_statements": 29, "percent_covered": 93.10344827586206, "percent_covered_display": "93.10", "missing_lines": 2, "excluded_lines": 0}, "missing_lines": [50, 52], "excluded_lines": []}, "": {"executed_lines": [1, 3, 4, 5, 7, 8, 9, 10, 13, 19, 32, 38], "summary": {"covered_lines": 11, "num_statements": 11, "percent_covered": 100.0, "percent_covered_display": "100.00", "missing_lines": 0, "excluded_lines": 0}, "missing_lines": [], "excluded_lines": []}}, "classes": {"": {"executed_lines": [1, 3, 4, 5, 7, 8, 9, 10, 13, 19, 32, 38, 43, 45, 46, 47, 48, 55, 56, 57, 58, 60, 67, 69, 70, 71, 74, 77, 78, 81, 83, 84, 85, 87, 89, 90, 91, 92, 94], "summary": {"covered_lines": 38, "num_statements": 50, "percent_covered": 76.0, "percent_covered_display": "76.00", "missing_lines": 12, "excluded_lines": 0}, "missing_lines": [15, 16, 21, 23, 24, 25, 28, 29, 34, 35, 50, 52], "excluded_lines": []}}}, "src/setup_repo/sync.py": {"executed_lines": [1, 3, 4, 5, 6, 7, 9, 10, 11, 12, 13, 18, 19, 20, 23, 24, 25, 27, 28, 29, 30, 32, 33, 34, 37, 39, 40, 41, 42, 43, 44, 46, 49, 50, 51, 52, 53, 56, 58, 59, 60, 61, 62, 63, 64, 65, 68, 69, 71, 72, 73, 74, 75, 76, 79, 81, 84, 85, 88, 89, 90, 91, 92, 93, 94, 96, 97, 98, 99, 100, 102, 105, 106, 107, 110, 111, 112, 115, 116, 118, 119, 120, 123, 124, 125, 137, 138, 140, 141, 142, 143, 144, 145, 148, 149, 152, 155, 160, 161, 164], "summary": {"covered_lines": 98, "num_statements": 110, "percent_covered": 89.0909090909091, "percent_covered_display": "89.09", "missing_lines": 12, "excluded_lines": 0}, "missing_lines": [126, 127, 128, 129, 130, 131, 132, 133, 134, 156, 157, 158], "excluded_lines": [], "functions": {"SyncResult.__post_init__": {"executed_lines": [33, 34], "summary": {"covered_lines": 2, "num_statements": 2, "percent_covered": 100.0, "percent_covered_display": "100.00", "missing_lines": 0, "excluded_lines": 0}, "missing_lines": [], "excluded_lines": []}, "sync_repositories": {"executed_lines": [39, 40, 41, 42, 43, 44, 46, 49, 50, 51, 52, 53, 56, 58, 59, 60, 61, 62, 63, 64, 65, 68, 69, 71, 72, 73, 74, 75, 76, 79, 81, 84, 85, 88, 89, 90, 91, 92, 93, 94, 96, 97, 98, 99, 100, 102, 105, 106, 107, 110, 111, 112, 115, 116, 118, 119, 120, 123, 124, 125, 137, 138, 140, 141, 142, 143, 144, 145, 148, 149, 152, 155, 160, 161, 164], "summary": {"covered_lines": 75, "num_statements": 87, "percent_covered": 86.20689655172414, "percent_covered_display": "86.21", "missing_lines": 12, "excluded_lines": 0}, "missing_lines": [126, 127, 128, 129, 130, 131, 132, 133, 134, 156, 157, 158], "excluded_lines": []}, "": {"executed_lines": [1, 3, 4, 5, 6, 7, 9, 10, 11, 12, 13, 18, 19, 20, 23, 24, 25, 27, 28, 29, 30, 32, 37], "summary": {"covered_lines": 21, "num_statements": 21, "percent_covered": 100.0, "percent_covered_display": "100.00", "missing_lines": 0, "excluded_lines": 0}, "missing_lines": [], "excluded_lines": []}}, "classes": {"SyncResult": {"executed_lines": [33, 34], "summary": {"covered_lines": 2, "num_statements": 2, "percent_covered": 100.0, "percent_covered_display": "100.00", "missing_lines": 0, "excluded_lines": 0}, "missing_lines": [], "excluded_lines": []}, "": {"executed_lines": [1, 3, 4, 5, 6, 7, 9, 10, 11, 12, 13, 18, 19, 20, 23, 24, 25, 27, 28, 29, 30, 32, 37, 39, 40, 41, 42, 43, 44, 46, 49, 50, 51, 52, 53, 56, 58, 59, 60, 61, 62, 63, 64, 65, 68, 69, 71, 72, 73, 74, 75, 76, 79, 81, 84, 85, 88, 89, 90, 91, 92, 93, 94, 96, 97, 98, 99, 100, 102, 105, 106, 107, 110, 111, 112, 115, 116, 118, 119, 120, 123, 124, 125, 137, 138, 140, 141, 142, 143, 144, 145, 148, 149, 152, 155, 160, 161, 164], "summary": {"covered_lines": 96, "num_statements": 108, "percent_covered": 88.88888888888889, "percent_covered_display": "88.89", "missing_lines": 12, "excluded_lines": 0}, "missing_lines": [126, 127, 128, 129, 130, 131, 132, 133, 134, 156, 157, 158], "excluded_lines": []}}}, "src/setup_repo/utils.py": {"executed_lines": [2, 4, 5, 6, 7, 8, 9, 10, 13, 14, 16, 17, 18, 20, 22, 23, 24, 27, 29, 30, 32, 33, 34, 35, 36, 38, 40, 41, 42, 44, 45, 47, 49, 50, 51, 56, 57, 59, 60, 61, 62, 63, 64, 65, 67, 68, 70, 72, 73, 75, 77, 78, 79, 80, 82, 83, 84, 85, 86, 88, 89, 90, 93, 94, 96, 97, 99, 100, 101, 103, 105, 107, 108, 110, 111, 112, 115, 117, 119, 120, 121, 122, 123, 124, 125, 126], "summary": {"covered_lines": 83, "num_statements": 87, "percent_covered": 95.40229885057471, "percent_covered_display": "95.40", "missing_lines": 4, "excluded_lines": 0}, "missing_lines": [52, 53, 91, 102], "excluded_lines": [], "functions": {"ProcessLock.__init__": {"executed_lines": [17, 18], "summary": {"covered_lines": 2, "num_statements": 2, "percent_covered": 100.0, "percent_covered_display": "100.00", "missing_lines": 0, "excluded_lines": 0}, "missing_lines": [], "excluded_lines": []}, "ProcessLock.acquire": {"executed_lines": [22, 23, 24, 27, 29, 30, 32, 33, 34, 35, 36], "summary": {"covered_lines": 11, "num_statements": 11, "percent_covered": 100.0, "percent_covered_display": "100.00", "missing_lines": 0, "excluded_lines": 0}, "missing_lines": [], "excluded_lines": []}, "ProcessLock.release": {"executed_lines": [40, 41, 42, 44, 45, 47, 49, 50, 51], "summary": {"covered_lines": 9, "num_statements": 11, "percent_covered": 81.81818181818181, "percent_covered_display": "81.82", "missing_lines": 2, "excluded_lines": 0}, "missing_lines": [52, 53], "excluded_lines": []}, "TeeLogger.__init__": {"executed_lines": [60, 61, 62, 63, 64, 65, 67, 68], "summary": {"covered_lines": 8, "num_statements": 8, "percent_covered": 100.0, "percent_covered_display": "100.00", "missing_lines": 0, "excluded_lines": 0}, "missing_lines": [], "excluded_lines": []}, "TeeLogger._setup_tee": {"executed_lines": [72, 73, 75, 77, 78, 82, 88, 93, 94, 96, 97, 99, 100, 101, 103], "summary": {"covered_lines": 15, "num_statements": 16, "percent_covered": 93.75, "percent_covered_display": "93.75", "missing_lines": 1, "excluded_lines": 0}, "missing_lines": [102], "excluded_lines": []}, "TeeLogger._setup_tee.TeeWriter.__init__": {"executed_lines": [79, 80], "summary": {"covered_lines": 2, "num_statements": 2, "percent_covered": 100.0, "percent_covered_display": "100.00", "missing_lines": 0, "excluded_lines": 0}, "missing_lines": [], "excluded_lines": []}, "TeeLogger._setup_tee.TeeWriter.write": {"executed_lines": [83, 84, 85, 86], "summary": {"covered_lines": 4, "num_statements": 4, "percent_covered": 100.0, "percent_covered_display": "100.00", "missing_lines": 0, "excluded_lines": 0}, "missing_lines": [], "excluded_lines": []}, "TeeLogger._setup_tee.TeeWriter.flush": {"executed_lines": [89, 90], "summary": {"covered_lines": 2, "num_statements": 3, "percent_covered": 66.66666666666667, "percent_covered_display": "66.67", "missing_lines": 1, "excluded_lines": 0}, "missing_lines": [91], "excluded_lines": []}, "TeeLogger.close": {"executed_lines": [107, 108, 110, 111, 112], "summary": {"covered_lines": 5, "num_statements": 5, "percent_covered": 100.0, "percent_covered_display": "100.00", "missing_lines": 0, "excluded_lines": 0}, "missing_lines": [], "excluded_lines": []}, "detect_platform": {"executed_lines": [117, 119, 120, 121, 122, 123, 124, 125, 126], "summary": {"covered_lines": 9, "num_statements": 9, "percent_covered": 100.0, "percent_covered_display": "100.00", "missing_lines": 0, "excluded_lines": 0}, "missing_lines": [], "excluded_lines": []}, "": {"executed_lines": [2, 4, 5, 6, 7, 8, 9, 10, 13, 14, 16, 20, 38, 56, 57, 59, 70, 105, 115], "summary": {"covered_lines": 16, "num_statements": 16, "percent_covered": 100.0, "percent_covered_display": "100.00", "missing_lines": 0, "excluded_lines": 0}, "missing_lines": [], "excluded_lines": []}}, "classes": {"ProcessLock": {"executed_lines": [17, 18, 22, 23, 24, 27, 29, 30, 32, 33, 34, 35, 36, 40, 41, 42, 44, 45, 47, 49, 50, 51], "summary": {"covered_lines": 22, "num_statements": 24, "percent_covered": 91.66666666666667, "percent_covered_display": "91.67", "missing_lines": 2, "excluded_lines": 0}, "missing_lines": [52, 53], "excluded_lines": []}, "TeeLogger": {"executed_lines": [60, 61, 62, 63, 64, 65, 67, 68, 72, 73, 75, 77, 78, 82, 88, 93, 94, 96, 97, 99, 100, 101, 103, 107, 108, 110, 111, 112], "summary": {"covered_lines": 28, "num_statements": 29, "percent_covered": 96.55172413793103, "percent_covered_display": "96.55", "missing_lines": 1, "excluded_lines": 0}, "missing_lines": [102], "excluded_lines": []}, "TeeLogger._setup_tee.TeeWriter": {"executed_lines": [79, 80, 83, 84, 85, 86, 89, 90], "summary": {"covered_lines": 8, "num_statements": 9, "percent_covered": 88.88888888888889, "percent_covered_display": "88.89", "missing_lines": 1, "excluded_lines": 0}, "missing_lines": [91], "excluded_lines": []}, "": {"executed_lines": [2, 4, 5, 6, 7, 8, 9, 10, 13, 14, 16, 20, 38, 56, 57, 59, 70, 105, 115, 117, 119, 120, 121, 122, 123, 124, 125, 126], "summary": {"covered_lines": 25, "num_statements": 25, "percent_covered": 100.0, "percent_covered_display": "100.00", "missing_lines": 0, "excluded_lines": 0}, "missing_lines": [], "excluded_lines": []}}}, "src/setup_repo/uv_installer.py": {"executed_lines": [2, 4, 5, 8, 10, 11, 12], "summary": {"covered_lines": 6, "num_statements": 25, "percent_covered": 24.0, "percent_covered_display": "24.00", "missing_lines": 19, "excluded_lines": 0}, "missing_lines": [14, 17, 18, 19, 20, 21, 22, 23, 26, 27, 28, 29, 34, 35, 36, 37, 38, 40, 41], "excluded_lines": [], "functions": {"ensure_uv": {"executed_lines": [10, 11, 12], "summary": {"covered_lines": 3, "num_statements": 22, "percent_covered": 13.636363636363637, "percent_covered_display": "13.64", "missing_lines": 19, "excluded_lines": 0}, "missing_lines": [14, 17, 18, 19, 20, 21, 22, 23, 26, 27, 28, 29, 34, 35, 36, 37, 38, 40, 41], "excluded_lines": []}, "": {"executed_lines": [2, 4, 5, 8], "summary": {"covered_lines": 3, "num_statements": 3, "percent_covered": 100.0, "percent_covered_display": "100.00", "missing_lines": 0, "excluded_lines": 0}, "missing_lines": [], "excluded_lines": []}}, "classes": {"": {"executed_lines": [2, 4, 5, 8, 10, 11, 12], "summary": {"covered_lines": 6, "num_statements": 25, "percent_covered": 24.0, "percent_covered_display": "24.00", "missing_lines": 19, "excluded_lines": 0}, "missing_lines": [14, 17, 18, 19, 20, 21, 22, 23, 26, 27, 28, 29, 34, 35, 36, 37, 38, 40, 41], "excluded_lines": []}}}, "src/setup_repo/vscode_setup.py": {"executed_lines": [2, 4, 5, 6, 9, 13, 14, 15, 18, 19, 20, 22, 23], "summary": {"covered_lines": 12, "num_statements": 28, "percent_covered": 42.857142857142854, "percent_covered_display": "42.86", "missing_lines": 16, "excluded_lines": 0}, "missing_lines": [25, 27, 29, 30, 31, 33, 35, 36, 37, 38, 41, 42, 43, 45, 46, 47], "excluded_lines": [], "functions": {"apply_vscode_template": {"executed_lines": [13, 14, 15, 18, 19, 20, 22, 23], "summary": {"covered_lines": 8, "num_statements": 24, "percent_covered": 33.333333333333336, "percent_covered_display": "33.33", "missing_lines": 16, "excluded_lines": 0}, "missing_lines": [25, 27, 29, 30, 31, 33, 35, 36, 37, 38, 41, 42, 43, 45, 46, 47], "excluded_lines": []}, "": {"executed_lines": [2, 4, 5, 6, 9], "summary": {"covered_lines": 4, "num_statements": 4, "percent_covered": 100.0, "percent_covered_display": "100.00", "missing_lines": 0, "excluded_lines": 0}, "missing_lines": [], "excluded_lines": []}}, "classes": {"": {"executed_lines": [2, 4, 5, 6, 9, 13, 14, 15, 18, 19, 20, 22, 23], "summary": {"covered_lines": 12, "num_statements": 28, "percent_covered": 42.857142857142854, "percent_covered_display": "42.86", "missing_lines": 16, "excluded_lines": 0}, "missing_lines": [25, 27, 29, 30, 31, 33, 35, 36, 37, 38, 41, 42, 43, 45, 46, 47], "excluded_lines": []}}}}, "totals": {"covered_lines": 1321, "num_statements": 1996, "percent_covered": 66.18236472945891, "percent_covered_display": "66.18", "missing_lines": 675, "excluded_lines": 0}}