<?xml version="1.0" encoding="utf-8"?><testsuites name="pytest tests"><testsuite name="pytest" errors="0" failures="0" skipped="35" tests="784" time="54.857" timestamp="2025-09-17T15:34:43.464175+09:00" hostname="SUGAWARA-PC2"><testcase classname="tests.unit.test_basic" name="test_platform_detection" time="0.002" /><testcase classname="tests.unit.test_init_module.TestInitModule" name="test_compatibility_import_success" time="0.004" /><testcase classname="tests.unit.test_quality_trends_comprehensive.TestQualityTrendManager" name="test_analyze_trend_direction_stable" time="0.005" /><testcase classname="tests.unit.test_project_detector.TestProjectDetector" name="test_analyze_project_comprehensive" time="0.079" /><testcase classname="tests.unit.test_quality_trends_comprehensive.TestQualityTrendManager" name="test_analyze_trend_direction_insufficient_data" time="0.002" /><testcase classname="tests.unit.test_basic" name="test_basic_import" time="0.001" /><testcase classname="tests.unit.test_basic" name="test_platform_modules" time="0.001" /><testcase classname="tests.unit.test_init_module.TestInitModule" name="test_compatibility_import_failure" time="0.002" /><testcase classname="tests.unit.test_init_module.TestInitModule" name="test_package_structure" time="0.007" /><testcase classname="tests.unit.test_ci_environment.TestCIEnvironment" name="test_github_actions_detection" time="0.002" /><testcase classname="tests.unit.test_quality_trends_comprehensive.TestQualityTrendManager" name="test_identify_recent_issues_no_issues" time="0.006" /><testcase classname="tests.unit.test_quality_trends_comprehensive.TestQualityTrendManager" name="test_identify_recent_issues_with_problems" time="0.003" /><testcase classname="tests.unit.test_init_module.TestInitModule" name="test_module_attributes" time="0.002" /><testcase classname="tests.unit.test_ci_environment.TestCIEnvironment" name="test_jenkins_detection" time="0.002" /><testcase classname="tests.unit.test_ci_environment.TestCIEnvironment" name="test_gitlab_ci_detection" time="0.001" /><testcase classname="tests.unit.test_init_module.TestInitModule" name="test_version_format_validation" time="0.001" /><testcase classname="tests.unit.test_quality_trends_comprehensive.TestQualityTrendManager" name="test_identify_recent_issues_empty_data" time="0.002" /><testcase classname="tests.unit.test_init_module.TestInitModule" name="test_import_error_handling" time="0.001" /><testcase classname="tests.unit.test_ci_environment.TestCIEnvironment" name="test_azure_devops_detection" time="0.002" /><testcase classname="tests.unit.test_quality_trends_comprehensive.TestQualityTrendManager" name="test_generate_recommendations_good_quality" time="0.002" /><testcase classname="tests.unit.test_init_module.TestInitModule" name="test_stacklevel_warning" time="0.002" /><testcase classname="tests.unit.test_ci_environment.TestCIEnvironment" name="test_travis_ci_detection" time="0.001" /><testcase classname="tests.unit.test_quality_trends_comprehensive.TestQualityTrendManager" name="test_generate_recommendations_low_quality" time="0.001" /><testcase classname="tests.unit.test_ci_environment.TestCIEnvironment" name="test_circleci_detection" time="0.001" /><testcase classname="tests.unit.test_interactive_setup.TestInteractiveSetup" name="test_init" time="0.001" /><testcase classname="tests.unit.test_ci_environment.TestCIEnvironment" name="test_local_environment_detection" time="0.004" /><testcase classname="tests.unit.test_quality_trends_comprehensive.TestQualityTrendManager" name="test_generate_recommendations_declining_trend" time="0.001" /><testcase classname="tests.unit.test_quality_trends_comprehensive.TestQualityTrendManager" name="test_generate_recommendations_empty_data" time="0.010" /><testcase classname="tests.unit.test_ci_environment.TestCIEnvironment" name="test_ci_capabilities_detection" time="0.002" /><testcase classname="tests.unit.test_interactive_setup.TestInteractiveSetup" name="test_run_setup_basic" time="0.013" /><testcase classname="tests.unit.test_ci_environment.TestCIEnvironment" name="test_unix_ci_environment" time="0.001"><skipped type="pytest.skip" message="Unix固有のCI環境">C:\Users\jojob\workspace\Setup-Repository\tests\unit\test_ci_environment.py:287: Unix固有のCI環境</skipped></testcase><testcase classname="tests.unit.test_ci_environment.TestCIEnvironment" name="test_windows_ci_environment" time="0.001" /><testcase classname="tests.unit.test_quality_trends_comprehensive.TestQualityTrendManager" name="test_generate_html_report" time="0.023" /><testcase classname="tests.unit.test_ci_environment.TestCIEnvironment" name="test_ci_resource_limits" time="0.001" /><testcase classname="tests.unit.test_interactive_setup.TestInteractiveSetup" name="test_run_setup_missing_token" time="0.002" /><testcase classname="tests.unit.test_ci_environment.TestCIEnvironment" name="test_ci_environment_variables_validation" time="0.001" /><testcase classname="tests.unit.test_interactive_setup.TestInteractiveSetup" name="test_run_setup_missing_username" time="0.001" /><testcase classname="tests.unit.test_ci_environment.TestCIEnvironment" name="test_ci_build_status_detection" time="0.001" /><testcase classname="tests.unit.test_ci_error_handler.TestCIErrorHandler" name="test_ci_error_handler_initialization" time="0.312" /><testcase classname="tests.unit.test_interactive_setup.TestInteractiveSetup" name="test_run_setup_default_values" time="0.004" /><testcase classname="tests.unit.test_interactive_setup.TestSetupWizard" name="test_init" time="0.001" /><testcase classname="tests.unit.test_interactive_setup.TestSetupWizard" name="test_welcome_message" time="0.001" /><testcase classname="tests.unit.test_interactive_setup.TestSetupWizard" name="test_check_prerequisites_success" time="0.001" /><testcase classname="tests.unit.test_interactive_setup.TestSetupWizard" name="test_check_prerequisites_failure" time="0.001" /><testcase classname="tests.unit.test_interactive_setup.TestSetupWizard" name="test_setup_package_managers_success" time="0.001" /><testcase classname="tests.unit.test_project_detector.TestProjectDetector" name="test_check_project_type_logic" time="0.007" /><testcase classname="tests.unit.test_interactive_setup.TestSetupWizard" name="test_setup_package_managers_none_available" time="0.001" /><testcase classname="tests.unit.test_quality_trends_comprehensive.TestQualityTrendManager" name="test_generate_html_report_default_path" time="0.008" /><testcase classname="tests.unit.test_interactive_setup.TestSetupWizard" name="test_check_tool_success" time="0.003" /><testcase classname="tests.unit.test_interactive_setup.TestSetupWizard" name="test_check_tool_failure" time="0.004" /><testcase classname="tests.unit.test_project_detector.TestProjectDetector" name="test_detection_rules_completeness" time="0.003" /><testcase classname="tests.unit.test_quality_trends_comprehensive.TestQualityTrendManager" name="test_generate_html_content_with_issues" time="0.002" /><testcase classname="tests.unit.test_project_detector.TestProjectDetector" name="test_tool_detection_completeness" time="0.003" /><testcase classname="tests.unit.test_interactive_setup.TestSetupWizard" name="test_install_tools_uv_missing" time="0.002" /><testcase classname="tests.unit.test_quality_trends_comprehensive.TestQualityTrendManager" name="test_generate_html_content_no_issues" time="0.002" /><testcase classname="tests.unit.test_interactive_setup.TestSetupWizard" name="test_install_uv_success" time="0.001" /><testcase classname="tests.unit.test_project_detector.TestProjectDetector" name="test_edge_cases" time="0.003" /><testcase classname="tests.unit.test_quality_trends_comprehensive.TestQualityTrendManager" name="test_analyze_trend_with_recent_data_only" time="0.007" /><testcase classname="tests.unit.test_interactive_setup.TestSetupWizard" name="test_install_uv_fallback_pip" time="0.001" /><testcase classname="tests.unit.test_interactive_setup.TestSetupWizard" name="test_configure_github_existing_credentials" time="0.001" /><testcase classname="tests.unit.test_python_env.TestHasPythonProject" name="test_has_python_project_false" time="0.002" /><testcase classname="tests.unit.test_interactive_setup.TestSetupWizard" name="test_configure_github_missing_username" time="0.002" /><testcase classname="tests.unit.test_python_env.TestHasPythonProject" name="test_has_python_project_pyproject_toml" time="0.004" /><testcase classname="tests.unit.test_quality_trends_comprehensive.TestQualityTrendManager" name="test_analyze_trend_fallback_to_latest_10" time="0.008" /><testcase classname="tests.unit.test_interactive_setup.TestSetupWizard" name="test_configure_workspace_default" time="0.001" /><testcase classname="tests.unit.test_interactive_setup.TestSetupWizard" name="test_configure_workspace_custom" time="0.001" /><testcase classname="tests.unit.test_interactive_setup.TestSetupWizard" name="test_save_config_success" time="0.002" /><testcase classname="tests.unit.test_python_env.TestHasPythonProject" name="test_has_python_project_requirements_txt" time="0.003" /><testcase classname="tests.unit.test_interactive_setup.TestSetupWizard" name="test_save_config_failure" time="0.001" /><testcase classname="tests.unit.test_interactive_setup.TestSetupWizard" name="test_show_next_steps" time="0.001" /><testcase classname="tests.unit.test_python_env.TestHasPythonProject" name="test_has_python_project_setup_py" time="0.004" /><testcase classname="tests.unit.test_interactive_setup.TestSetupWizard" name="test_show_next_steps_token_warning" time="0.001" /><testcase classname="tests.unit.test_safety_check.TestCheckUnpushedChanges" name="test_check_unpushed_changes_no_git" time="0.004" /><testcase classname="tests.unit.test_interactive_setup.TestSetupWizard" name="test_run_success" time="0.005" /><testcase classname="tests.unit.test_python_env.TestHasPythonProject" name="test_has_python_project_pipfile" time="0.015" /><testcase classname="tests.unit.test_interactive_setup.TestSetupWizard" name="test_run_prerequisites_failure" time="0.003" /><testcase classname="tests.unit.test_safety_check.TestCheckUnpushedChanges" name="test_check_unpushed_changes_clean_repo" time="0.020" /><testcase classname="tests.unit.test_interactive_setup.TestSetupWizard" name="test_run_keyboard_interrupt" time="0.002" /><testcase classname="tests.unit.test_python_env.TestHasPythonProject" name="test_has_python_project_setup_cfg" time="0.006" /><testcase classname="tests.unit.test_interactive_setup.TestSetupWizard" name="test_run_unexpected_error" time="0.001" /><testcase classname="tests.unit.test_safety_check.TestCheckUnpushedChanges" name="test_check_unpushed_changes_uncommitted_changes" time="0.004" /><testcase classname="tests.unit.test_logging_config.TestLoggingConfig" name="test_get_log_level_from_env_default" time="0.002" /><testcase classname="tests.unit.test_logging_config.TestLoggingConfig" name="test_get_log_level_from_env_debug" time="0.001" /><testcase classname="tests.unit.test_python_env.TestHasPythonProject" name="test_has_python_project_poetry_lock" time="0.010" /><testcase classname="tests.unit.test_safety_check.TestCheckUnpushedChanges" name="test_check_unpushed_changes_unpushed_commits" time="0.012" /><testcase classname="tests.unit.test_logging_config.TestLoggingConfig" name="test_get_log_level_from_env_invalid" time="0.011" /><testcase classname="tests.unit.test_logging_config.TestLoggingConfig" name="test_is_debug_mode_false" time="0.003" /><testcase classname="tests.unit.test_python_env.TestHasPythonProject" name="test_has_python_project_multiple_files" time="0.009" /><testcase classname="tests.unit.test_safety_check.TestCheckUnpushedChanges" name="test_check_unpushed_changes_stash_exists" time="0.006" /><testcase classname="tests.unit.test_logging_config.TestLoggingConfig" name="test_is_debug_mode_true_debug_env" time="0.002" /><testcase classname="tests.unit.test_logging_config.TestLoggingConfig" name="test_is_debug_mode_true_log_level" time="0.002" /><testcase classname="tests.unit.test_safety_check.TestCheckUnpushedChanges" name="test_check_unpushed_changes_multiple_issues" time="0.004" /><testcase classname="tests.unit.test_logging_config.TestLoggingConfig" name="test_is_debug_mode_true_ci_debug" time="0.001" /><testcase classname="tests.unit.test_logging_config.TestLoggingConfig" name="test_is_ci_environment_false" time="0.001" /><testcase classname="tests.unit.test_python_env.TestSetupPythonEnvironment" name="test_setup_python_environment_not_python_project" time="0.004" /><testcase classname="tests.unit.test_safety_check.TestCheckUnpushedChanges" name="test_check_unpushed_changes_git_error" time="0.004" /><testcase classname="tests.unit.test_logging_config.TestLoggingConfig" name="test_is_ci_environment_true_ci" time="0.001" /><testcase classname="tests.unit.test_logging_config.TestLoggingConfig" name="test_is_ci_environment_true_github_actions" time="0.001" /><testcase classname="tests.unit.test_safety_check.TestPromptUserAction" name="test_prompt_user_action_skip" time="0.001" /><testcase classname="tests.unit.test_python_env.TestSetupPythonEnvironment" name="test_setup_python_environment_dry_run" time="0.004" /><testcase classname="tests.unit.test_logging_config.TestLoggingConfig" name="test_should_use_json_format_false" time="0.001" /><testcase classname="tests.unit.test_safety_check.TestPromptUserAction" name="test_prompt_user_action_continue" time="0.001" /><testcase classname="tests.unit.test_safety_check.TestPromptUserAction" name="test_prompt_user_action_quit" time="0.001" /><testcase classname="tests.unit.test_logging_config.TestLoggingConfig" name="test_should_use_json_format_true" time="0.001" /><testcase classname="tests.unit.test_safety_check.TestPromptUserAction" name="test_prompt_user_action_invalid_then_valid" time="0.001" /><testcase classname="tests.unit.test_logging_config.TestLoggingConfig" name="test_get_log_file_path_default" time="0.001" /><testcase classname="tests.unit.test_safety_check.TestPromptUserAction" name="test_prompt_user_action_case_insensitive" time="0.001" /><testcase classname="tests.unit.test_logging_config.TestLoggingConfig" name="test_get_log_file_path_custom_name" time="0.001" /><testcase classname="tests.unit.test_python_env.TestSetupPythonEnvironment" name="test_setup_python_environment_with_uv" time="0.008" /><testcase classname="tests.unit.test_safety_check.TestPromptUserAction" name="test_prompt_user_action_multiple_issues" time="0.001" /><testcase classname="tests.unit.test_logging_config.TestLoggingConfig" name="test_get_log_file_path_custom_dir" time="0.002" /><testcase classname="tests.unit.test_logging_config.TestLoggingConfig" name="test_get_log_file_path_ci_environment" time="0.001" /><testcase classname="tests.unit.test_logging_config.TestLoggingConfig" name="test_get_log_file_path_ci_with_explicit_file" time="0.001" /><testcase classname="tests.unit.test_safety_check.TestCreateEmergencyBackup" name="test_create_emergency_backup_success" time="0.011" /><testcase classname="tests.unit.test_logging_config.TestLoggingConfig" name="test_get_log_file_path_error_handling" time="0.001" /><testcase classname="tests.unit.test_python_env.TestSetupPythonEnvironment" name="test_setup_python_environment_with_venv" time="0.007" /><testcase classname="tests.unit.test_logging_config.TestLoggingConfig" name="test_configure_for_environment_default" time="0.002" /><testcase classname="tests.unit.test_logging_config.TestLoggingConfig" name="test_configure_for_environment_debug" time="1.343" /><testcase classname="tests.unit.test_python_env.TestSetupWithUv" name="test_setup_with_uv_pyproject_toml_success" time="0.013" /><testcase classname="tests.unit.test_safety_check.TestCreateEmergencyBackup" name="test_create_emergency_backup_failure" time="0.006" /><testcase classname="tests.unit.test_safety_check.TestCreateEmergencyBackup" name="test_create_emergency_backup_nonexistent_repo" time="0.002" /><testcase classname="tests.unit.test_safety_check.TestCreateEmergencyBackup" name="test_create_emergency_backup_unique_names" time="0.016" /><testcase classname="tests.unit.test_python_env.TestSetupWithUv" name="test_setup_with_uv_pyproject_toml_with_existing_lock" time="0.010" /><testcase classname="tests.unit.test_python_env.TestSetupWithUv" name="test_setup_with_uv_requirements_txt" time="0.011" /><testcase classname="tests.unit.test_safety_check.TestSafetyCheckIntegration" name="test_full_safety_workflow" time="0.017" /><testcase classname="tests.unit.test_python_env.TestSetupWithUv" name="test_setup_with_uv_failure_fallback" time="0.012" /><testcase classname="tests.unit.test_safety_check.TestSafetyCheckIntegration" name="test_error_handling_robustness" time="0.006" /><testcase classname="tests.unit.test_security_utils.TestSecurityUtils" name="test_password_validation" time="0.001" /><testcase classname="tests.unit.test_security_utils.TestSecurityUtils" name="test_hash_generation" time="0.001" /><testcase classname="tests.unit.test_security_utils.TestSecurityUtils" name="test_secure_random_generation" time="0.001" /><testcase classname="tests.unit.test_python_env.TestSetupWithVenv" name="test_setup_with_venv_success_unix" time="0.004"><skipped type="pytest.skip" message="Unix用テストのWindowsでのスキップ">C:\Users\jojob\workspace\Setup-Repository\tests\unit\test_python_env.py:315: Unix用テストのWindowsでのスキップ</skipped></testcase><testcase classname="tests.unit.test_security_utils.TestSecurityUtils" name="test_input_sanitization" time="0.001" /><testcase classname="tests.unit.test_security_utils.TestSecurityUtils" name="test_path_traversal_prevention" time="0.001" /><testcase classname="tests.unit.test_security_utils.TestSecurityUtils" name="test_sql_injection_prevention" time="0.010" /><testcase classname="tests.unit.test_python_env.TestSetupWithVenv" name="test_setup_with_venv_success_windows" time="4.910" /><testcase classname="tests.unit.test_security_utils.TestSecurityUtils" name="test_csrf_token_generation" time="0.001" /><testcase classname="tests.unit.test_security_utils.TestSecurityUtils" name="test_rate_limiting" time="0.001" /><testcase classname="tests.unit.test_security_utils.TestSecurityUtils" name="test_encryption_decryption" time="0.001" /><testcase classname="tests.unit.test_security_utils.TestSecurityUtils" name="test_unix_file_permissions" time="0.001"><skipped type="pytest.skip" message="Unix固有のセキュリティ機能">C:\Users\jojob\workspace\Setup-Repository\tests\unit\test_security_utils.py:262: Unix固有のセキュリティ機能</skipped></testcase><testcase classname="tests.unit.test_security_utils.TestSecurityUtils" name="test_windows_security_features" time="0.001" /><testcase classname="tests.unit.test_security_utils.TestSecurityUtils" name="test_security_headers" time="0.001" /><testcase classname="tests.unit.test_security_utils.TestSecurityUtils" name="test_vulnerability_scanning" time="0.010" /><testcase classname="tests.unit.test_security_utils.TestSecurityUtils" name="test_scan_for_secrets_api_keys" time="0.006" /><testcase classname="tests.unit.test_security_utils.TestSecurityUtils" name="test_scan_for_secrets_passwords" time="0.001" /><testcase classname="tests.unit.test_security_utils.TestSecurityUtils" name="test_scan_for_secrets_private_keys" time="0.001" /><testcase classname="tests.unit.test_security_utils.TestSecurityUtils" name="test_scan_for_secrets_clean_content" time="0.001" /><testcase classname="tests.unit.test_security_utils.TestSecurityUtils" name="test_validate_input_general" time="0.001" /><testcase classname="tests.unit.test_security_utils.TestSecurityUtils" name="test_validate_input_dangerous_patterns" time="0.001" /><testcase classname="tests.unit.test_security_utils.TestSecurityUtils" name="test_validate_input_path_type" time="0.002" /><testcase classname="tests.unit.test_security_utils.TestSecurityUtils" name="test_validate_input_url_type" time="0.001" /><testcase classname="tests.unit.test_security_utils.TestSecurityUtils" name="test_validate_input_email_type" time="0.001" /><testcase classname="tests.unit.test_security_utils.TestSecurityUtils" name="test_validate_input_with_secrets" time="0.001" /><testcase classname="tests.unit.test_security_utils.TestSecurityUtils" name="test_validate_input_length_limit" time="0.001" /><testcase classname="tests.unit.test_security_utils.TestSecurityUtils" name="test_validate_input_non_string" time="0.001" /><testcase classname="tests.unit.test_security_utils_comprehensive.TestSecurityValidator" name="test_validate_path_safe" time="0.001" /><testcase classname="tests.unit.test_security_utils_comprehensive.TestSecurityValidator" name="test_validate_path_traversal_attack" time="0.001" /><testcase classname="tests.unit.test_security_utils_comprehensive.TestSecurityValidator" name="test_validate_command_args_safe" time="0.001" /><testcase classname="tests.unit.test_security_utils_comprehensive.TestSecurityValidator" name="test_validate_command_args_injection" time="0.001" /><testcase classname="tests.unit.test_security_utils_comprehensive.TestSecurityValidator" name="test_sanitize_html_content_safe" time="0.001" /><testcase classname="tests.unit.test_security_utils_comprehensive.TestSecurityValidator" name="test_sanitize_html_content_malicious" time="0.001" /><testcase classname="tests.unit.test_security_utils_comprehensive.TestSecurePathHandler" name="test_safe_join_normal_path" time="0.002" /><testcase classname="tests.unit.test_security_utils_comprehensive.TestSecurePathHandler" name="test_safe_join_traversal_attack" time="0.002" /><testcase classname="tests.unit.test_security_utils_comprehensive.TestSecurePathHandler" name="test_safe_join_absolute_path" time="0.001" /><testcase classname="tests.unit.test_security_utils_comprehensive.TestSecurePathHandler" name="test_validate_config_path_valid" time="0.002" /><testcase classname="tests.unit.test_security_utils_comprehensive.TestSecurePathHandler" name="test_validate_config_path_invalid" time="0.001" /><testcase classname="tests.unit.test_security_utils_comprehensive.TestSecureCommandRunner" name="test_init" time="0.001" /><testcase classname="tests.unit.test_security_utils_comprehensive.TestSecureCommandRunner" name="test_verify_command_safe" time="0.001" /><testcase classname="tests.unit.test_security_utils_comprehensive.TestSecureCommandRunner" name="test_verify_command_dangerous" time="0.004" /><testcase classname="tests.unit.test_ci_error_handler.TestCIErrorHandler" name="test_handle_stage_error" time="1.200" /><testcase classname="tests.unit.test_security_utils_comprehensive.TestSecureCommandRunner" name="test_run_secure_command_success" time="0.001" /><testcase classname="tests.unit.test_security_utils_comprehensive.TestSecureCommandRunner" name="test_run_secure_command_unsafe" time="0.001" /><testcase classname="tests.unit.test_security_utils_comprehensive.TestSecureHtmlRender" name="test_secure_html_render_safe_content" time="0.001" /><testcase classname="tests.unit.test_security_utils_comprehensive.TestSecureHtmlRender" name="test_secure_html_render_malicious_content" time="0.001" /><testcase classname="tests.unit.test_security_utils_comprehensive.TestSecureHtmlRender" name="test_secure_html_render_template_injection" time="0.001" /><testcase classname="tests.unit.test_security_utils_comprehensive.TestScanForSecrets" name="test_scan_for_secrets_no_secrets" time="0.001" /><testcase classname="tests.unit.test_security_utils_comprehensive.TestScanForSecrets" name="test_scan_for_secrets_with_secrets" time="0.001" /><testcase classname="tests.unit.test_security_utils_comprehensive.TestScanForSecrets" name="test_scan_for_secrets_multiple_files" time="0.001" /><testcase classname="tests.unit.test_security_utils_comprehensive.TestScanForSecrets" name="test_scan_for_secrets_excluded_files" time="0.001" /><testcase classname="tests.unit.test_security_utils_comprehensive.TestScanForSecrets" name="test_scan_for_secrets_file_not_found" time="0.001" /><testcase classname="tests.unit.test_security_utils_comprehensive.TestValidateInput" name="test_validate_input_safe_string" time="0.001" /><testcase classname="tests.unit.test_security_utils_comprehensive.TestValidateInput" name="test_validate_input_malicious_string" time="0.001" /><testcase classname="tests.unit.test_security_utils_comprehensive.TestValidateInput" name="test_validate_input_safe_email" time="0.001" /><testcase classname="tests.unit.test_security_utils_comprehensive.TestValidateInput" name="test_validate_input_invalid_email" time="0.001" /><testcase classname="tests.unit.test_security_utils_comprehensive.TestValidateInput" name="test_validate_input_safe_url" time="0.001" /><testcase classname="tests.unit.test_security_utils_comprehensive.TestValidateInput" name="test_validate_input_malicious_url" time="0.001" /><testcase classname="tests.unit.test_security_utils_comprehensive.TestValidateInput" name="test_validate_input_safe_path" time="0.001" /><testcase classname="tests.unit.test_security_utils_comprehensive.TestValidateInput" name="test_validate_input_malicious_path" time="0.001" /><testcase classname="tests.unit.test_security_utils_comprehensive.TestValidateInput" name="test_validate_input_unknown_type" time="0.001" /><testcase classname="tests.unit.test_security_utils_comprehensive.TestValidateInput" name="test_validate_input_empty_string" time="0.001" /><testcase classname="tests.unit.test_security_utils_comprehensive.TestValidateInput" name="test_validate_input_none_value" time="0.000" /><testcase classname="tests.unit.test_security_utils_comprehensive.TestValidateInput" name="test_validate_input_max_length_exceeded" time="0.001" /><testcase classname="tests.unit.test_setup.TestSetupDependencies" name="test_setup_dependencies_success" time="0.001" /><testcase classname="tests.unit.test_setup.TestSetupDependencies" name="test_setup_dependencies_failure" time="0.001" /><testcase classname="tests.unit.test_setup.TestCreatePersonalConfig" name="test_create_personal_config_already_exists" time="0.009" /><testcase classname="tests.unit.test_setup.TestCreatePersonalConfig" name="test_create_personal_config_new_file" time="0.004" /><testcase classname="tests.unit.test_setup.TestRunInteractiveSetup" name="test_run_interactive_setup_success" time="0.001" /><testcase classname="tests.unit.test_setup.TestRunInteractiveSetup" name="test_run_interactive_setup_failure" time="0.001" /><testcase classname="tests.unit.test_setup.TestSetupRepositoryEnvironment" name="test_setup_repository_environment_success" time="0.016" /><testcase classname="tests.unit.test_setup.TestSetupRepositoryEnvironment" name="test_setup_repository_environment_custom_config" time="0.012" /><testcase classname="tests.unit.test_setup.TestSetupRepositoryEnvironment" name="test_setup_repository_environment_config_file_not_found" time="0.003" /><testcase classname="tests.unit.test_setup.TestSetupRepositoryEnvironment" name="test_setup_repository_environment_missing_required_field" time="0.009" /><testcase classname="tests.unit.test_setup.TestSetupRepositoryEnvironment" name="test_setup_repository_environment_dry_run" time="0.009" /><testcase classname="tests.unit.test_setup.TestSetupRepositoryEnvironment" name="test_setup_repository_environment_create_directory" time="0.010" /><testcase classname="tests.unit.test_setup.TestSetupRepositoryEnvironment" name="test_setup_repository_environment_platform_error" time="0.010" /><testcase classname="tests.unit.test_setup.TestSetupRepositoryEnvironment" name="test_setup_repository_environment_github_error" time="0.010" /><testcase classname="tests.unit.test_setup.TestSetupRepositoryEnvironment" name="test_setup_repository_environment_invalid_json" time="0.009" /><testcase classname="tests.unit.test_setup.TestSetupIntegration" name="test_full_setup_workflow" time="0.002" /><testcase classname="tests.unit.test_setup.TestSetupIntegration" name="test_error_handling_robustness" time="0.001" /><testcase classname="tests.unit.test_setup.TestSetupIntegration" name="test_config_file_handling" time="0.009" /><testcase classname="tests.unit.test_setup_validators.TestSetupValidators" name="test_setup_validator_init" time="0.001" /><testcase classname="tests.unit.test_setup_validators.TestSetupValidators" name="test_validate_github_credentials" time="0.001" /><testcase classname="tests.unit.test_setup_validators.TestSetupValidators" name="test_validate_directory_path_valid" time="0.007" /><testcase classname="tests.unit.test_setup_validators.TestSetupValidators" name="test_validate_directory_path_invalid" time="0.001" /><testcase classname="tests.unit.test_setup_validators.TestSetupValidators" name="test_validate_setup_prerequisites" time="0.006" /><testcase classname="tests.unit.test_setup_validators.TestSetupValidators" name="test_check_system_requirements" time="0.040" /><testcase classname="tests.unit.test_setup_validators.TestSetupValidators" name="test_validate_user_input_string" time="0.010" /><testcase classname="tests.unit.test_setup_validators.TestSetupValidators" name="test_validate_user_input_boolean" time="0.002" /><testcase classname="tests.unit.test_setup_validators.TestSetupValidators" name="test_validate_user_input_path" time="0.010" /><testcase classname="tests.unit.test_setup_validators.TestSetupValidators" name="test_setup_validator_error_handling" time="0.010" /><testcase classname="tests.unit.test_setup_validators.TestSetupValidators" name="test_setup_validators_integration" time="0.009" /><testcase classname="tests.unit.test_setup_validators.TestSetupValidators" name="test_validation_performance" time="0.067" /><testcase classname="tests.unit.test_setup_validators.TestSetupValidators" name="test_validate_config_valid" time="0.001" /><testcase classname="tests.unit.test_setup_validators.TestSetupValidators" name="test_validate_config_missing_required" time="0.001" /><testcase classname="tests.unit.test_setup_validators.TestSetupValidators" name="test_validate_config_invalid_username" time="0.001" /><testcase classname="tests.unit.test_setup_validators.TestSetupValidators" name="test_validate_config_short_token" time="0.001" /><testcase classname="tests.unit.test_setup_validators.TestSetupValidators" name="test_validate_environment_basic" time="0.074" /><testcase classname="tests.unit.test_setup_validators.TestSetupValidators" name="test_validate_environment_network_check" time="0.001" /><testcase classname="tests.unit.test_setup_validators.TestSetupValidators" name="test_validate_environment_network_failure" time="0.001" /><testcase classname="tests.unit.test_sync.TestSyncResult" name="test_sync_result_init_with_timestamp" time="0.001" /><testcase classname="tests.unit.test_sync.TestSyncResult" name="test_sync_result_init_auto_timestamp" time="0.001" /><testcase classname="tests.unit.test_sync.TestSyncRepositories" name="test_sync_repositories_missing_owner" time="0.001" /><testcase classname="tests.unit.test_sync.TestSyncRepositories" name="test_sync_repositories_get_repos_error" time="0.007" /><testcase classname="tests.unit.test_sync.TestSyncRepositories" name="test_sync_repositories_no_repos_found" time="0.007" /><testcase classname="tests.unit.test_sync.TestSyncRepositories" name="test_sync_repositories_dry_run_success" time="5.023" /><testcase classname="tests.unit.test_logging_config.TestLoggingConfig" name="test_get_debug_context" time="1.072" /><testcase classname="tests.unit.test_ci_error_handler.TestCIErrorHandler" name="test_handle_quality_check_error" time="0.335" /><testcase classname="tests.unit.test_ci_error_handler.TestCIErrorHandler" name="test_github_actions_detection" time="0.178" /><testcase classname="tests.unit.test_ci_error_handler.TestCIErrorHandler" name="test_github_annotation_output" time="0.002" /><testcase classname="tests.unit.test_ci_error_handler.TestCIErrorHandler" name="test_comprehensive_error_report" time="0.186" /><testcase classname="tests.unit.test_ci_error_handler.TestCIErrorHandler" name="test_save_error_report" time="0.194" /><testcase classname="tests.unit.test_ci_error_handler.TestCIErrorHandler" name="test_failure_summary_generation" time="0.183" /><testcase classname="tests.unit.test_logging_config.TestLoggingConfig" name="test_setup_project_logging" time="0.001" /><testcase classname="tests.unit.test_logging_config.TestLoggingConfig" name="test_setup_ci_logging" time="0.001" /><testcase classname="tests.unit.test_logging_config.TestLoggingConfig" name="test_setup_development_logging" time="0.001" /><testcase classname="tests.unit.test_logging_config.TestLoggingConfig" name="test_setup_testing_logging" time="0.001" /><testcase classname="tests.unit.test_logging_config.TestLoggingConfig" name="test_create_platform_specific_error_message_windows_fcntl" time="0.001" /><testcase classname="tests.unit.test_logging_config.TestLoggingConfig" name="test_create_platform_specific_error_message_macos_command_not_found" time="0.001" /><testcase classname="tests.unit.test_logging_config.TestLoggingConfig" name="test_create_platform_specific_error_message_linux_permission" time="0.001" /><testcase classname="tests.unit.test_logging_config.TestLoggingConfig" name="test_create_platform_specific_error_message_wsl_path" time="0.001" /><testcase classname="tests.unit.test_logging_config.TestLoggingConfig" name="test_create_platform_specific_error_message_ci_environment" time="0.002" /><testcase classname="tests.unit.test_logging_config.TestLoggingConfig" name="test_get_platform_debug_info" time="0.001" /><testcase classname="tests.unit.test_logging_config.TestLoggingConfig" name="test_log_level_mapping_completeness" time="0.001" /><testcase classname="tests.unit.test_logging_config.TestLoggingConfig" name="test_get_log_file_path_platform_specific_fallback" time="0.002"><skipped type="pytest.skip" message="未対応のプラットフォーム: &lt;MagicMock name='system()' id='2189710734544'&gt;">c:\Users\jojob\workspace\Setup-Repository\tests\multiplatform\helpers.py:29: 未対応のプラットフォーム: &lt;MagicMock name='system()' id='2189710734544'&gt;</skipped></testcase><testcase classname="tests.unit.test_logging_config.TestLoggingConfig" name="test_environment_variable_combinations" time="0.002" /><testcase classname="tests.unit.test_logging_handlers.TestTeeHandler" name="test_init" time="0.002" /><testcase classname="tests.unit.test_logging_handlers.TestTeeHandler" name="test_emit" time="0.002" /><testcase classname="tests.unit.test_logging_handlers.TestTeeHandler" name="test_set_level" time="0.002" /><testcase classname="tests.unit.test_logging_handlers.TestTeeHandler" name="test_set_formatter" time="0.002" /><testcase classname="tests.unit.test_logging_handlers.TestRotatingFileHandler" name="test_init_creates_directory" time="0.008" /><testcase classname="tests.unit.test_ci_error_handler.TestCIErrorHandler" name="test_quality_check_details_handling" time="0.192" /><testcase classname="tests.unit.test_logging_handlers.TestRotatingFileHandler" name="test_init_with_custom_params" time="0.004" /><testcase classname="tests.unit.test_logging_handlers.TestColoredConsoleHandler" name="test_init_default_stream" time="0.001" /><testcase classname="tests.unit.test_logging_handlers.TestColoredConsoleHandler" name="test_init_custom_stream" time="0.001" /><testcase classname="tests.unit.test_logging_handlers.TestColoredConsoleHandler" name="test_init_with_platform_info" time="0.001" /><testcase classname="tests.unit.test_logging_handlers.TestCreateFileHandler" name="test_create_file_handler_default" time="0.004" /><testcase classname="tests.unit.test_logging_handlers.TestCreateFileHandler" name="test_create_file_handler_json_format" time="0.003" /><testcase classname="tests.unit.test_logging_handlers.TestCreateFileHandler" name="test_create_file_handler_custom_params" time="0.004" /><testcase classname="tests.unit.test_logging_handlers.TestCreateConsoleHandler" name="test_create_console_handler_default" time="0.001" /><testcase classname="tests.unit.test_logging_handlers.TestCreateConsoleHandler" name="test_create_console_handler_json_format" time="0.001" /><testcase classname="tests.unit.test_logging_handlers.TestCreateConsoleHandler" name="test_create_console_handler_no_colors" time="0.001" /><testcase classname="tests.unit.test_logging_handlers.TestCreateConsoleHandler" name="test_create_console_handler_custom_stream" time="0.001" /><testcase classname="tests.unit.test_logging_handlers.TestCreateConsoleHandler" name="test_create_console_handler_with_platform_info" time="0.001" /><testcase classname="tests.unit.test_logging_handlers.TestCreateTeeHandler" name="test_create_tee_handler" time="0.001" /><testcase classname="tests.unit.test_logging_handlers.TestCreateCiHandler" name="test_create_ci_handler_default" time="0.001" /><testcase classname="tests.unit.test_logging_handlers.TestCreateCiHandler" name="test_create_ci_handler_no_json" time="0.001" /><testcase classname="tests.unit.test_logging_handlers.TestCreateDevelopmentHandler" name="test_create_development_handler_console_only" time="0.001" /><testcase classname="tests.unit.test_logging_handlers.TestCreateDevelopmentHandler" name="test_create_development_handler_with_file" time="0.004" /><testcase classname="tests.unit.test_logging_handlers.TestCreateTestingHandler" name="test_create_testing_handler" time="0.001" /><testcase classname="tests.unit.test_logging_handlers.TestHandlerIntegration" name="test_handler_logging_flow" time="0.005" /><testcase classname="tests.unit.test_logging_handlers.TestHandlerIntegration" name="test_handler_level_filtering" time="0.006" /><testcase classname="tests.unit.test_logging_handlers.TestHandlerIntegration" name="test_rotating_file_handler_rotation" time="0.004" /><testcase classname="tests.unit.test_logging_handlers.TestHandlerIntegration" name="test_handler_exception_handling" time="0.003" /><testcase classname="tests.unit.test_main_entry.TestMainEntry" name="test_main_entry_setup_command" time="1.824" /><testcase classname="tests.unit.test_ci_error_handler.TestCIErrorHandler" name="test_create_ci_error_handler_function" time="0.212" /><testcase classname="tests.unit.test_ci_error_handler_comprehensive.TestCIErrorHandler" name="test_init_default_values" time="0.372" /><testcase classname="tests.unit.test_ci_error_handler_comprehensive.TestCIErrorHandler" name="test_init_with_values" time="0.198" /><testcase classname="tests.unit.test_ci_error_handler_comprehensive.TestCIErrorHandler" name="test_handle_stage_error_quality_check_error" time="1.266" /><testcase classname="tests.unit.test_main_entry.TestMainEntry" name="test_main_entry_sync_command" time="8.186" /><testcase classname="tests.unit.test_ci_error_handler_comprehensive.TestCIErrorHandler" name="test_handle_stage_error_generic_exception" time="1.284" /><testcase classname="tests.unit.test_python_env.TestSetupWithVenv" name="test_setup_with_venv_no_requirements" time="4.584" /><testcase classname="tests.unit.test_sync.TestSyncRepositories" name="test_sync_repositories_full_success" time="5.113" /><testcase classname="tests.unit.test_ci_error_handler_comprehensive.TestCIErrorHandler" name="test_handle_stage_error_with_context" time="1.224" /><testcase classname="tests.unit.test_ci_error_handler_comprehensive.TestCIErrorHandler" name="test_handle_quality_check_error_ruff_error" time="1.263" /><testcase classname="tests.unit.test_ci_error_handler_comprehensive.TestCIErrorHandler" name="test_handle_quality_check_error_mypy_error" time="1.225" /><testcase classname="tests.unit.test_python_env.TestSetupWithVenv" name="test_setup_with_venv_failure" time="4.538" /><testcase classname="tests.unit.test_ci_error_handler_comprehensive.TestCIErrorHandler" name="test_handle_quality_check_error_with_details" time="1.222" /><testcase classname="tests.unit.test_sync.TestSyncRepositories" name="test_sync_repositories_safety_check_skip" time="5.047" /><testcase classname="tests.unit.test_ci_error_handler_comprehensive.TestCIErrorHandler" name="test_handle_quality_check_details_ruff" time="0.160" /><testcase classname="tests.unit.test_ci_error_handler_comprehensive.TestCIErrorHandler" name="test_handle_quality_check_details_mypy" time="0.163" /><testcase classname="tests.unit.test_ci_error_handler_comprehensive.TestCIErrorHandler" name="test_handle_quality_check_details_pytest" time="0.165" /><testcase classname="tests.unit.test_ci_error_handler_comprehensive.TestCIErrorHandler" name="test_handle_quality_check_details_security" time="0.167" /><testcase classname="tests.unit.test_ci_error_handler_comprehensive.TestCIErrorHandler" name="test_handle_quality_check_details_unknown_tool" time="0.163" /><testcase classname="tests.unit.test_ci_error_handler_comprehensive.TestCIErrorHandler" name="test_create_comprehensive_error_report" time="3.316" /><testcase classname="tests.unit.test_main_entry.TestMainEntry" name="test_cli_module_import" time="0.001" /><testcase classname="tests.unit.test_main_entry.TestMainEntry" name="test_package_version" time="0.001" /><testcase classname="tests.unit.test_main_entry.TestMainEntry" name="test_compatibility_module" time="0.000" /><testcase classname="tests.unit.test_platform_detector_comprehensive.TestPlatformDetection" name="test_detect_platform_windows" time="0.001" /><testcase classname="tests.unit.test_platform_detector_comprehensive.TestPlatformDetection" name="test_detect_platform_linux" time="0.000"><skipped type="pytest.skip" message="Linux環境でのみ実行">C:\Users\jojob\workspace\Setup-Repository\tests\unit\test_platform_detector_comprehensive.py:33: Linux環境でのみ実行</skipped></testcase><testcase classname="tests.unit.test_platform_detector_comprehensive.TestPlatformDetection" name="test_detect_platform_macos" time="0.000"><skipped type="pytest.skip" message="macOS環境でのみ実行">C:\Users\jojob\workspace\Setup-Repository\tests\unit\test_platform_detector_comprehensive.py:44: macOS環境でのみ実行</skipped></testcase><testcase classname="tests.unit.test_platform_detector_comprehensive.TestPlatformDetection" name="test_detect_platform_current" time="0.001" /><testcase classname="tests.unit.test_platform_detector_comprehensive.TestPlatformDetection" name="test_detect_windows_platform_details" time="0.000" /><testcase classname="tests.unit.test_platform_detector_comprehensive.TestPlatformDetection" name="test_detect_linux_platform_details" time="0.000"><skipped type="pytest.skip" message="Linux環境でのみ実行">C:\Users\jojob\workspace\Setup-Repository\tests\unit\test_platform_detector_comprehensive.py:87: Linux環境でのみ実行</skipped></testcase><testcase classname="tests.unit.test_platform_detector_comprehensive.TestPlatformDetection" name="test_detect_macos_platform_details" time="0.000"><skipped type="pytest.skip" message="macOS環境でのみ実行">C:\Users\jojob\workspace\Setup-Repository\tests\unit\test_platform_detector_comprehensive.py:102: macOS環境でのみ実行</skipped></testcase><testcase classname="tests.unit.test_platform_detector_comprehensive.TestPlatformDetection" name="test_check_wsl_environment" time="0.000"><skipped type="pytest.skip" message="WSLはLinux環境でのみ検出可能">C:\Users\jojob\workspace\Setup-Repository\tests\unit\test_platform_detector_comprehensive.py:117: WSLはLinux環境でのみ検出可能</skipped></testcase><testcase classname="tests.unit.test_platform_detector_comprehensive.TestPlatformDetection" name="test_check_package_manager_python" time="0.037" /><testcase classname="tests.unit.test_platform_detector_comprehensive.TestPlatformDetection" name="test_check_package_manager_nonexistent" time="0.004" /><testcase classname="tests.unit.test_platform_detector_comprehensive.TestPlatformDetection" name="test_check_module_availability_standard_library" time="0.001" /><testcase classname="tests.unit.test_platform_detector_comprehensive.TestPlatformDetection" name="test_check_module_availability_nonexistent" time="0.001" /><testcase classname="tests.unit.test_platform_detector_comprehensive.TestPlatformDetection" name="test_is_ci_environment_current" time="0.000" /><testcase classname="tests.unit.test_platform_detector_comprehensive.TestPlatformDetection" name="test_is_precommit_environment_current" time="0.000" /><testcase classname="tests.unit.test_platform_detector_comprehensive.TestPackageManagerDetection" name="test_get_available_package_managers_current_platform" time="1.062" /><testcase classname="tests.unit.test_platform_detector_comprehensive.TestPackageManagerDetection" name="test_get_install_commands_current_platform" time="0.001" /><testcase classname="tests.unit.test_platform_detector_comprehensive.TestCIEnvironmentInfo" name="test_get_ci_environment_info_current" time="0.001" /><testcase classname="tests.unit.test_platform_detector_comprehensive.TestPlatformDiagnostics" name="test_diagnose_platform_issues_current_environment" time="1.083" /><testcase classname="tests.unit.test_python_env.TestPythonEnvIntegration" name="test_python_file_detection_comprehensive" time="0.011" /><testcase classname="tests.unit.test_python_env.TestPythonEnvIntegration" name="test_environment_setup_workflow" time="0.010" /><testcase classname="tests.unit.test_python_env.TestPythonEnvIntegration" name="test_edge_cases" time="0.005" /><testcase classname="tests.unit.test_quality_collectors.TestQualityToolCollector" name="test_init_default" time="0.001" /><testcase classname="tests.unit.test_quality_collectors.TestQualityToolCollector" name="test_init_custom" time="0.003" /><testcase classname="tests.unit.test_quality_collectors.TestCollectRuffMetrics" name="test_collect_ruff_metrics_success" time="0.006" /><testcase classname="tests.unit.test_quality_collectors.TestCollectRuffMetrics" name="test_collect_ruff_metrics_with_issues" time="0.009" /><testcase classname="tests.unit.test_quality_collectors.TestCollectRuffMetrics" name="test_collect_ruff_metrics_no_output" time="0.006" /><testcase classname="tests.unit.test_quality_collectors.TestCollectRuffMetrics" name="test_collect_ruff_metrics_subprocess_error" time="0.008" /><testcase classname="tests.unit.test_quality_collectors.TestCollectRuffMetrics" name="test_collect_ruff_metrics_json_decode_error" time="0.007" /><testcase classname="tests.unit.test_quality_collectors.TestCollectMypyMetrics" name="test_collect_mypy_metrics_success" time="0.005" /><testcase classname="tests.unit.test_quality_collectors.TestCollectMypyMetrics" name="test_collect_mypy_metrics_with_errors" time="0.006" /><testcase classname="tests.unit.test_quality_collectors.TestCollectMypyMetrics" name="test_collect_mypy_metrics_subprocess_error" time="0.006" /><testcase classname="tests.unit.test_quality_collectors.TestCollectPytestMetrics" name="test_collect_pytest_metrics_success" time="0.012" /><testcase classname="tests.unit.test_quality_collectors.TestCollectPytestMetrics" name="test_collect_pytest_metrics_coverage_failure" time="0.010" /><testcase classname="tests.unit.test_quality_collectors.TestCollectPytestMetrics" name="test_collect_pytest_metrics_test_failure" time="0.010" /><testcase classname="tests.unit.test_quality_collectors.TestCollectPytestMetrics" name="test_collect_pytest_metrics_ci_environment" time="0.007" /><testcase classname="tests.unit.test_quality_collectors.TestCollectPytestMetrics" name="test_collect_pytest_metrics_subprocess_error" time="0.006" /><testcase classname="tests.unit.test_quality_collectors.TestCollectCoverageMetrics" name="test_collect_coverage_metrics_success" time="0.005" /><testcase classname="tests.unit.test_quality_collectors.TestCollectCoverageMetrics" name="test_collect_coverage_metrics_file_not_found" time="0.004" /><testcase classname="tests.unit.test_quality_collectors.TestCollectCoverageMetrics" name="test_collect_coverage_metrics_json_error" time="0.005" /><testcase classname="tests.unit.test_quality_collectors.TestParseToolOutput" name="test_parse_tool_output_json_format" time="0.001" /><testcase classname="tests.unit.test_quality_collectors.TestParseToolOutput" name="test_parse_tool_output_json_invalid" time="0.001" /><testcase classname="tests.unit.test_quality_collectors.TestParseToolOutput" name="test_parse_tool_output_ruff_text" time="0.001" /><testcase classname="tests.unit.test_quality_collectors.TestParseToolOutput" name="test_parse_tool_output_mypy_text" time="0.001" /><testcase classname="tests.unit.test_quality_collectors.TestParseToolOutput" name="test_parse_tool_output_generic_text" time="0.001" /><testcase classname="tests.unit.test_quality_collectors.TestParseToolOutput" name="test_parse_tool_output_empty_text" time="0.000" /><testcase classname="tests.unit.test_quality_collectors.TestQualityCollectorsIntegration" name="test_all_collectors_error_handling" time="0.013" /><testcase classname="tests.unit.test_quality_collectors.TestQualityCollectorsIntegration" name="test_path_security_validation" time="0.004" /><testcase classname="tests.unit.test_quality_errors.TestQualityErrorClasses" name="test_quality_check_error_initialization" time="0.001" /><testcase classname="tests.unit.test_quality_errors.TestQualityErrorClasses" name="test_quality_check_error_defaults" time="0.001" /><testcase classname="tests.unit.test_quality_errors.TestQualityErrorClasses" name="test_ruff_error_specific_functionality" time="0.001" /><testcase classname="tests.unit.test_quality_errors.TestQualityErrorClasses" name="test_mypy_error_specific_functionality" time="0.001" /><testcase classname="tests.unit.test_quality_errors.TestQualityErrorClasses" name="test_test_failure_error_with_coverage" time="0.001" /><testcase classname="tests.unit.test_quality_errors.TestQualityErrorClasses" name="test_coverage_error_threshold_validation" time="0.001" /><testcase classname="tests.unit.test_quality_errors.TestQualityErrorClasses" name="test_security_scan_error_vulnerabilities" time="0.001" /><testcase classname="tests.unit.test_quality_errors.TestQualityErrorClasses" name="test_ci_error_inheritance" time="0.000" /><testcase classname="tests.unit.test_quality_errors.TestQualityErrorClasses" name="test_release_error_stage_tracking" time="0.001" /><testcase classname="tests.unit.test_quality_errors.TestErrorReporter" name="test_error_reporter_initialization" time="0.003" /><testcase classname="tests.unit.test_quality_errors.TestErrorReporter" name="test_create_error_report_comprehensive" time="0.002" /><testcase classname="tests.unit.test_quality_errors.TestErrorReporter" name="test_save_report_file_creation" time="0.008" /><testcase classname="tests.unit.test_quality_errors.TestErrorReporter" name="test_format_error_message_quality_errors" time="0.001" /><testcase classname="tests.unit.test_quality_errors.TestErrorReporter" name="test_log_exception_with_traceback" time="0.001" /><testcase classname="tests.unit.test_quality_errors.TestErrorReporter" name="test_get_report_path_functionality" time="0.003" /><testcase classname="tests.unit.test_quality_errors.TestQualityErrorHandling" name="test_lint_error_handling" time="0.001" /><testcase classname="tests.unit.test_quality_errors.TestQualityErrorHandling" name="test_type_check_error_handling" time="0.001" /><testcase classname="tests.unit.test_quality_errors.TestQualityErrorHandling" name="test_test_failure_error_handling" time="0.001" /><testcase classname="tests.unit.test_quality_errors.TestQualityErrorHandling" name="test_security_error_handling" time="0.001" /><testcase classname="tests.unit.test_quality_errors.TestQualityErrorHandling" name="test_coverage_error_handling" time="0.001" /><testcase classname="tests.unit.test_quality_errors.TestQualityErrorHandling" name="test_dependency_error_handling" time="0.001" /><testcase classname="tests.unit.test_quality_errors.TestQualityErrorHandling" name="test_unix_specific_error_handling" time="0.000"><skipped type="pytest.skip" message="Unix固有のエラー処理">C:\Users\jojob\workspace\Setup-Repository\tests\unit\test_quality_errors.py:363: Unix固有のエラー処理</skipped></testcase><testcase classname="tests.unit.test_quality_errors.TestQualityErrorHandling" name="test_windows_specific_error_handling" time="0.001" /><testcase classname="tests.unit.test_quality_errors.TestQualityErrorHandling" name="test_error_aggregation" time="0.001" /><testcase classname="tests.unit.test_quality_errors.TestQualityErrorHandling" name="test_error_reporting_format" time="0.001" /><testcase classname="tests.unit.test_quality_errors.TestQualityErrorHandling" name="test_error_threshold_checking" time="0.001" /><testcase classname="tests.unit.test_quality_errors.TestQualityErrorHandling" name="test_error_integration_with_reporter" time="0.009" /><testcase classname="tests.unit.test_quality_formatters.TestQualityFormatters" name="test_colored_formatter_basic" time="0.001" /><testcase classname="tests.unit.test_quality_formatters.TestQualityFormatters" name="test_colored_formatter_with_platform_info" time="0.001" /><testcase classname="tests.unit.test_quality_formatters.TestQualityFormatters" name="test_json_formatter_basic" time="0.001" /><testcase classname="tests.unit.test_quality_formatters.TestQualityFormatters" name="test_json_formatter_with_platform_info" time="0.001" /><testcase classname="tests.unit.test_quality_formatters.TestQualityFormatters" name="test_format_log_message" time="0.001" /><testcase classname="tests.unit.test_quality_formatters.TestQualityFormatters" name="test_add_color_codes" time="0.001" /><testcase classname="tests.unit.test_quality_formatters.TestQualityFormatters" name="test_strip_color_codes" time="0.001" /><testcase classname="tests.unit.test_quality_formatters.TestQualityFormatters" name="test_format_metrics_summary" time="0.001" /><testcase classname="tests.unit.test_quality_formatters.TestQualityFormatters" name="test_format_quality_check_result_success" time="0.001" /><testcase classname="tests.unit.test_quality_formatters.TestQualityFormatters" name="test_format_quality_check_result_failure" time="0.001" /><testcase classname="tests.unit.test_quality_formatters.TestQualityFormatters" name="test_format_quality_check_result_xss_protection" time="0.000" /><testcase classname="tests.unit.test_quality_formatters.TestQualityFormatters" name="test_json_formatter_with_exception" time="0.002" /><testcase classname="tests.unit.test_quality_formatters.TestQualityFormatters" name="test_format_quality_report_json" time="0.001" /><testcase classname="tests.unit.test_quality_formatters.TestQualityFormatters" name="test_format_quality_report_html" time="0.001" /><testcase classname="tests.unit.test_quality_formatters.TestQualityFormatters" name="test_format_quality_report_text" time="0.001" /><testcase classname="tests.unit.test_quality_formatters.TestQualityFormatters" name="test_format_quality_report_invalid_format" time="0.001" /><testcase classname="tests.unit.test_quality_logger.TestQualityLogger" name="test_quality_logger_initialization" time="0.002" /><testcase classname="tests.unit.test_quality_logger.TestQualityLogger" name="test_lint_result_logging" time="0.002" /><testcase classname="tests.unit.test_quality_logger.TestQualityLogger" name="test_test_result_logging" time="0.003" /><testcase classname="tests.unit.test_quality_logger.TestQualityLogger" name="test_security_scan_logging" time="0.002" /><testcase classname="tests.unit.test_quality_logger.TestQualityLogger" name="test_quality_metrics_logging" time="0.002" /><testcase classname="tests.unit.test_quality_logger.TestQualityLogger" name="test_error_logging" time="0.003" /><testcase classname="tests.unit.test_quality_logger.TestQualityLogger" name="test_performance_logging" time="0.004" /><testcase classname="tests.unit.test_quality_logger.TestQualityLogger" name="test_structured_logging" time="0.003" /><testcase classname="tests.unit.test_quality_logger.TestQualityLogger" name="test_log_rotation" time="0.003" /><testcase classname="tests.unit.test_quality_logger.TestQualityLogger" name="test_log_filtering" time="0.002" /><testcase classname="tests.unit.test_quality_logger.TestQualityLogger" name="test_unix_specific_logging" time="0.000"><skipped type="pytest.skip" message="Unix固有のログ機能">c:\Users\jojob\workspace\Setup-Repository\tests\unit\test_quality_logger.py:241: Unix固有のログ機能</skipped></testcase><testcase classname="tests.unit.test_quality_logger.TestQualityLogger" name="test_windows_specific_logging" time="0.002" /><testcase classname="tests.unit.test_quality_logger.TestQualityLogger" name="test_quality_logger_real_functionality" time="0.008" /><testcase classname="tests.unit.test_quality_logger.TestQualityLogger" name="test_quality_check_logging_methods" time="0.008" /><testcase classname="tests.unit.test_quality_logger.TestQualityLogger" name="test_ci_stage_logging_methods" time="0.006" /><testcase classname="tests.unit.test_quality_logger.TestQualityLogger" name="test_error_reporting_methods" time="0.011" /><testcase classname="tests.unit.test_quality_logger.TestQualityLogger" name="test_metrics_logging_methods" time="0.007" /><testcase classname="tests.unit.test_quality_logger.TestQualityLogger" name="test_json_formatter_functionality" time="0.007" /><testcase classname="tests.unit.test_quality_logger.TestQualityLogger" name="test_global_logger_functions" time="0.304" /><testcase classname="tests.unit.test_platform_detector_comprehensive.TestPlatformDetectorClass" name="test_init" time="0.001" /><testcase classname="tests.unit.test_platform_detector_comprehensive.TestPlatformDetectorClass" name="test_detect_platform_method" time="0.001" /><testcase classname="tests.unit.test_platform_detector_comprehensive.TestPlatformDetectorClass" name="test_is_wsl_method" time="0.001" /><testcase classname="tests.unit.test_platform_detector_comprehensive.TestPlatformDetectorClass" name="test_is_ci_environment_method" time="0.001" /><testcase classname="tests.unit.test_platform_detector_comprehensive.TestPlatformDetectorClass" name="test_is_precommit_environment_method" time="0.001" /><testcase classname="tests.unit.test_platform_detector_comprehensive.TestPlatformDetectorClass" name="test_is_github_actions_method" time="0.001" /><testcase classname="tests.unit.test_platform_detector_comprehensive.TestPlatformDetectorClass" name="test_get_package_manager_method" time="1.079" /><testcase classname="tests.unit.test_quality_logger.TestQualityLogger" name="test_dataclass_metrics_handling" time="0.011" /><testcase classname="tests.unit.test_quality_logger.TestQualityLogger" name="test_invalid_metrics_handling" time="0.008" /><testcase classname="tests.unit.test_quality_logger.TestQualityLogger" name="test_log_aggregation" time="0.003" /><testcase classname="tests.unit.test_quality_metrics.TestQualityMetrics" name="test_code_quality_metrics" time="0.001" /><testcase classname="tests.unit.test_quality_metrics.TestQualityMetrics" name="test_test_coverage_metrics" time="0.001" /><testcase classname="tests.unit.test_quality_metrics.TestQualityMetrics" name="test_security_metrics" time="0.001" /><testcase classname="tests.unit.test_quality_metrics.TestQualityMetrics" name="test_performance_metrics" time="0.001" /><testcase classname="tests.unit.test_quality_metrics.TestQualityMetrics" name="test_maintainability_metrics" time="0.001" /><testcase classname="tests.unit.test_quality_metrics.TestQualityMetrics" name="test_trend_analysis" time="0.001" /><testcase classname="tests.unit.test_quality_metrics.TestQualityMetrics" name="test_composite_score_calculation" time="0.001" /><testcase classname="tests.unit.test_quality_metrics.TestQualityMetrics" name="test_threshold_validation" time="0.001" /><testcase classname="tests.unit.test_quality_metrics.TestQualityMetrics" name="test_metrics_export" time="0.001" /><testcase classname="tests.unit.test_quality_metrics.TestQualityMetrics" name="test_unix_specific_metrics" time="0.000"><skipped type="pytest.skip" message="Unix固有のメトリクス">c:\Users\jojob\workspace\Setup-Repository\tests\unit\test_quality_metrics.py:251: Unix固有のメトリクス</skipped></testcase><testcase classname="tests.unit.test_quality_metrics.TestQualityMetrics" name="test_windows_specific_metrics" time="0.001" /><testcase classname="tests.unit.test_quality_metrics.TestQualityMetrics" name="test_quality_metrics_creation" time="0.039" /><testcase classname="tests.unit.test_quality_metrics.TestQualityMetrics" name="test_quality_score_calculation" time="0.040" /><testcase classname="tests.unit.test_quality_metrics.TestQualityMetrics" name="test_is_passing_check" time="0.081" /><testcase classname="tests.unit.test_quality_metrics_comprehensive.TestQualityCheckStatus" name="test_enum_values" time="0.001" /><testcase classname="tests.unit.test_quality_metrics_comprehensive.TestQualityMetrics" name="test_init_default_values" time="0.042" /><testcase classname="tests.unit.test_quality_metrics_comprehensive.TestQualityMetrics" name="test_init_with_values" time="0.001" /><testcase classname="tests.unit.test_quality_metrics_comprehensive.TestQualityMetrics" name="test_get_current_commit_hash_success" time="0.001" /><testcase classname="tests.unit.test_quality_metrics_comprehensive.TestQualityMetrics" name="test_get_current_commit_hash_error" time="0.001" /><testcase classname="tests.unit.test_quality_metrics_comprehensive.TestQualityMetrics" name="test_is_passing_all_good" time="0.061" /><testcase classname="tests.unit.test_quality_metrics_comprehensive.TestQualityMetrics" name="test_is_passing_with_issues" time="0.199" /><testcase classname="tests.unit.test_ci_error_handler_comprehensive.TestCIErrorHandler" name="test_create_comprehensive_error_report_no_errors" time="1.242" /><testcase classname="tests.unit.test_quality_metrics_comprehensive.TestQualityMetrics" name="test_is_passing_custom_coverage" time="0.038" /><testcase classname="tests.unit.test_quality_metrics_comprehensive.TestQualityMetrics" name="test_get_quality_score_perfect" time="0.041" /><testcase classname="tests.unit.test_quality_metrics_comprehensive.TestQualityMetrics" name="test_get_quality_score_with_issues" time="0.041" /><testcase classname="tests.unit.test_quality_metrics_comprehensive.TestQualityMetrics" name="test_get_quality_score_maximum_deductions" time="0.033" /><testcase classname="tests.unit.test_quality_metrics_comprehensive.TestQualityMetrics" name="test_items_method" time="0.042" /><testcase classname="tests.unit.test_quality_metrics_comprehensive.TestQualityMetrics" name="test_to_dict_method" time="0.039" /><testcase classname="tests.unit.test_quality_metrics_comprehensive.TestBuildResult" name="test_init" time="0.043" /><testcase classname="tests.unit.test_quality_metrics_comprehensive.TestBuildResult" name="test_to_dict" time="0.042" /><testcase classname="tests.unit.test_quality_metrics_comprehensive.TestQualityMetricsCollector" name="test_init_default_values" time="0.002" /><testcase classname="tests.unit.test_quality_metrics_comprehensive.TestQualityMetricsCollector" name="test_collect_ruff_metrics" time="0.002" /><testcase classname="tests.unit.test_quality_metrics_comprehensive.TestQualityMetricsCollector" name="test_collect_mypy_metrics" time="0.003" /><testcase classname="tests.unit.test_quality_metrics_comprehensive.TestQualityMetricsCollector" name="test_collect_test_metrics" time="0.001" /><testcase classname="tests.unit.test_quality_metrics_comprehensive.TestQualityMetricsCollector" name="test_collect_test_metrics_with_params" time="0.001" /><testcase classname="tests.unit.test_quality_metrics_security.TestQualityMetricsCollectorSecurity" name="test_collect_security_metrics_no_tools" time="0.003" /><testcase classname="tests.unit.test_quality_metrics_security.TestQualityMetricsCollectorSecurity" name="test_collect_security_metrics_ci_environment" time="0.003" /><testcase classname="tests.unit.test_quality_metrics_security.TestQualityMetricsCollectorSecurity" name="test_collect_security_metrics_bandit_success" time="0.003" /><testcase classname="tests.unit.test_quality_metrics_security.TestQualityMetricsCollectorSecurity" name="test_collect_security_metrics_bandit_vulnerabilities" time="0.003" /><testcase classname="tests.unit.test_quality_metrics_security.TestQualityMetricsCollectorSecurity" name="test_collect_security_metrics_safety_success" time="0.003" /><testcase classname="tests.unit.test_quality_metrics_security.TestQualityMetricsCollectorSecurity" name="test_collect_security_metrics_safety_vulnerabilities" time="0.003" /><testcase classname="tests.unit.test_quality_metrics_security.TestQualityMetricsCollectorSecurity" name="test_collect_security_metrics_json_parse_error" time="0.003" /><testcase classname="tests.unit.test_quality_metrics_security.TestQualityMetricsCollectorSecurity" name="test_collect_security_metrics_subprocess_error" time="0.003" /><testcase classname="tests.unit.test_quality_metrics_security.TestQualityMetricsCollectorSecurity" name="test_collect_security_metrics_ci_with_vulnerabilities" time="0.002" /><testcase classname="tests.unit.test_quality_metrics_security.TestQualityMetricsCollectorSecurity" name="test_collect_security_metrics_warning_logging" time="0.003" /><testcase classname="tests.unit.test_quality_metrics_security.TestQualityMetricsCollectorSecurity" name="test_collect_security_metrics_ci_warning_logging" time="0.002" /><testcase classname="tests.unit.test_quality_metrics_security.TestQualityMetricsCollectorSecurity" name="test_collect_all_metrics" time="0.039" /><testcase classname="tests.unit.test_quality_metrics_security.TestQualityMetricsCollectorSecurity" name="test_save_metrics_report" time="0.043" /><testcase classname="tests.unit.test_quality_metrics_security.TestQualityMetricsCollectorSecurity" name="test_save_metrics_report_invalid_path" time="0.059" /><testcase classname="tests.unit.test_sync.TestSyncRepositories" name="test_sync_repositories_safety_check_quit" time="30.169" /><testcase classname="tests.unit.test_platform_detector_comprehensive.TestPlatformDetectorClass" name="test_get_platform_info_method" time="0.001" /><testcase classname="tests.unit.test_platform_detector_comprehensive.TestPlatformDetectorClass" name="test_diagnose_issues_method" time="1.050" /><testcase classname="tests.unit.test_quality_metrics_security.TestQualityMetricsCollectorSecurity" name="test_save_metrics_report_default_path" time="0.044" /><testcase classname="tests.unit.test_quality_trends.TestQualityTrends" name="test_trend_calculation" time="0.001" /><testcase classname="tests.unit.test_quality_trends.TestQualityTrends" name="test_moving_average_calculation" time="0.001" /><testcase classname="tests.unit.test_quality_trends.TestQualityTrends" name="test_trend_direction_detection" time="0.001" /><testcase classname="tests.unit.test_quality_trends.TestQualityTrends" name="test_volatility_analysis" time="0.001" /><testcase classname="tests.unit.test_quality_trends.TestQualityTrends" name="test_seasonal_pattern_detection" time="0.001" /><testcase classname="tests.unit.test_quality_trends.TestQualityTrends" name="test_anomaly_detection" time="0.001" /><testcase classname="tests.unit.test_quality_trends.TestQualityTrends" name="test_forecast_calculation" time="0.001" /><testcase classname="tests.unit.test_quality_trends.TestQualityTrends" name="test_correlation_analysis" time="0.001" /><testcase classname="tests.unit.test_quality_trends.TestQualityTrends" name="test_trend_confidence_calculation" time="0.001" /><testcase classname="tests.unit.test_quality_trends.TestQualityTrends" name="test_unix_specific_trend_analysis" time="0.000"><skipped type="pytest.skip" message="Unix固有のトレンド分析">C:\Users\jojob\workspace\Setup-Repository\tests\unit\test_quality_trends.py:241: Unix固有のトレンド分析</skipped></testcase><testcase classname="tests.unit.test_quality_trends.TestQualityTrends" name="test_windows_specific_trend_analysis" time="0.001" /><testcase classname="tests.unit.test_quality_trends.TestQualityTrends" name="test_trend_data_point_creation" time="0.039" /><testcase classname="tests.unit.test_quality_trends.TestQualityTrends" name="test_trend_analysis_creation" time="0.001" /><testcase classname="tests.unit.test_quality_trends_comprehensive.TestTrendDataPoint" name="test_from_metrics" time="0.001" /><testcase classname="tests.unit.test_quality_trends_comprehensive.TestQualityTrendManager" name="test_init_default_values" time="0.002" /><testcase classname="tests.unit.test_quality_trends_comprehensive.TestQualityTrendManager" name="test_load_trend_data_empty_file" time="0.001" /><testcase classname="tests.unit.test_quality_trends_comprehensive.TestQualityTrendManager" name="test_load_trend_data_valid_file" time="0.007" /><testcase classname="tests.unit.test_quality_trends_comprehensive.TestQualityTrendManager" name="test_load_trend_data_invalid_json" time="0.006" /><testcase classname="tests.unit.test_quality_trends_comprehensive.TestQualityTrendManager" name="test_load_trend_data_invalid_structure" time="0.006" /><testcase classname="tests.unit.test_quality_trends_comprehensive.TestQualityTrendManager" name="test_save_trend_data" time="0.005" /><testcase classname="tests.unit.test_quality_trends_comprehensive.TestQualityTrendManager" name="test_save_trend_data_error" time="0.002" /><testcase classname="tests.unit.test_quality_trends_comprehensive.TestQualityTrendManager" name="test_add_data_point_new" time="0.005" /><testcase classname="tests.unit.test_quality_trends_comprehensive.TestQualityTrendManager" name="test_add_data_point_update_existing" time="0.007" /><testcase classname="tests.unit.test_quality_trends_comprehensive.TestQualityTrendManager" name="test_add_data_point_max_points_limit" time="0.013" /><testcase classname="tests.unit.test_quality_trends_comprehensive.TestQualityTrendManager" name="test_analyze_trend_no_data" time="0.002" /><testcase classname="tests.unit.test_quality_trends_comprehensive.TestQualityTrendManager" name="test_analyze_trend_with_data" time="0.005" /><testcase classname="tests.unit.test_quality_trends_comprehensive.TestQualityTrendManager" name="test_analyze_trend_direction_improving" time="0.001" /><testcase classname="tests.unit.test_quality_trends_comprehensive.TestQualityTrendManager" name="test_analyze_trend_direction_declining" time="0.001" /><testcase classname="tests.unit.test_edge_cases_coverage.TestEdgeCasesCoverage" name="test_sync_with_malformed_config" time="0.003" /><testcase classname="tests.unit.test_edge_cases_coverage.TestEdgeCasesCoverage" name="test_sync_with_unicode_repository_names" time="5.025" /><testcase classname="tests.unit.test_ci_error_handler_comprehensive.TestCIErrorHandler" name="test_save_error_report_success" time="2.207" /><testcase classname="tests.unit.test_platform_detector_comprehensive.TestPlatformDetectorClass" name="test_get_ci_info_method" time="0.001" /><testcase classname="tests.unit.test_platform_detector_edge_cases.TestPlatformDetectorEdgeCases" name="test_wsl_detection_real_environment" time="0.000"><skipped type="pytest.skip" message="WSLはLinux環境でのみ検出可能">C:\Users\jojob\workspace\Setup-Repository\tests\unit\test_platform_detector_edge_cases.py:22: WSLはLinux環境でのみ検出可能</skipped></testcase><testcase classname="tests.unit.test_platform_detector_edge_cases.TestPlatformDetectorEdgeCases" name="test_package_manager_check_nonexistent" time="0.003" /><testcase classname="tests.unit.test_platform_detector_edge_cases.TestPlatformDetectorEdgeCases" name="test_module_availability_platform_specific" time="0.001" /><testcase classname="tests.unit.test_platform_detector_edge_cases.TestPlatformDetectorEdgeCases" name="test_module_availability_standard_library" time="0.000" /><testcase classname="tests.unit.test_platform_detector_edge_cases.TestPlatformDetectorEdgeCases" name="test_ci_environment_detection_current" time="0.000" /><testcase classname="tests.unit.test_platform_detector_edge_cases.TestPlatformDetectorEdgeCases" name="test_precommit_environment_detection_current" time="0.000" /><testcase classname="tests.unit.test_platform_detector_edge_cases.TestPlatformDetectorEdgeCases" name="test_get_available_package_managers_current_platform" time="0.938" /><testcase classname="tests.unit.test_platform_detector_edge_cases.TestPlatformDetectorEdgeCases" name="test_ci_environment_info_collection_current" time="0.001" /><testcase classname="tests.unit.test_platform_detector_edge_cases.TestPlatformDetectorEdgeCases" name="test_diagnose_platform_issues_current_environment" time="1.069" /><testcase classname="tests.unit.test_ci_error_handler_comprehensive.TestCIErrorHandler" name="test_save_error_report_default_path" time="1.294" /><testcase classname="tests.unit.test_platform_detector_edge_cases.TestPlatformDetectorEdgeCases" name="test_platform_detector_class_consistency" time="0.001" /><testcase classname="tests.unit.test_platform_detector_edge_cases.TestPlatformDetectorEdgeCases" name="test_platform_detector_environment_checks_current" time="0.000" /><testcase classname="tests.unit.test_platform_detector_edge_cases.TestPlatformDetectorEdgeCases" name="test_platform_detector_package_manager_selection_current" time="1.077" /><testcase classname="tests.unit.test_ci_error_handler_comprehensive.TestCIErrorHandler" name="test_save_error_report_io_error" time="1.248" /><testcase classname="tests.unit.test_platform_detector_external.TestPlatformDetectorExternal" name="test_package_manager_check_with_subprocess_mock" time="0.008" /><testcase classname="tests.unit.test_platform_detector_external.TestPlatformDetectorExternal" name="test_git_operations_with_subprocess_mock" time="0.001"><skipped type="pytest.skip" message="git_operationsが利用できません">C:\Users\jojob\workspace\Setup-Repository\tests\unit\test_platform_detector_external.py:49: git_operationsが利用できません</skipped></testcase><testcase classname="tests.unit.test_platform_detector_external.TestPlatformDetectorExternal" name="test_github_api_with_requests_mock" time="0.001"><skipped type="pytest.skip" message="github_apiが利用できません">C:\Users\jojob\workspace\Setup-Repository\tests\unit\test_platform_detector_external.py:69: github_apiが利用できません</skipped></testcase><testcase classname="tests.unit.test_platform_detector_external.TestPlatformDetectorExternal" name="test_command_availability_with_shutil_mock" time="0.001" /><testcase classname="tests.unit.test_platform_detector_external.TestPlatformDetectorExternal" name="test_file_existence_check_with_pathlib_mock" time="0.001"><skipped type="pytest.skip" message="configが利用できません">C:\Users\jojob\workspace\Setup-Repository\tests\unit\test_platform_detector_external.py:124: configが利用できません</skipped></testcase><testcase classname="tests.unit.test_platform_detector_external.TestPlatformDetectorExternal" name="test_network_access_with_urllib_mock" time="0.001"><skipped type="pytest.skip" message="network connectivity checkが利用できません">C:\Users\jojob\workspace\Setup-Repository\tests\unit\test_platform_detector_external.py:152: network connectivity checkが利用できません</skipped></testcase><testcase classname="tests.unit.test_platform_detector_external.TestPlatformDetectorExternal" name="test_timeout_operations_with_time_mock" time="0.001"><skipped type="pytest.skip" message="timeout機能が利用できません">C:\Users\jojob\workspace\Setup-Repository\tests\unit\test_platform_detector_external.py:174: timeout機能が利用できません</skipped></testcase><testcase classname="tests.unit.test_platform_detector_external.TestPlatformDetectorExternal" name="test_no_environment_mocking" time="0.000" /><testcase classname="tests.unit.test_platform_detector_external.TestPlatformDetectorExternal" name="test_external_dependency_isolation" time="0.001" /><testcase classname="tests.unit.test_platform_detector_real.TestPlatformDetectorReal" name="test_real_platform_detection" time="0.007" /><testcase classname="tests.unit.test_platform_detector_real.TestPlatformDetectorReal" name="test_real_package_manager_detection" time="1.010" /><testcase classname="tests.unit.test_platform_detector_real.TestPlatformDetectorReal" name="test_real_environment_variables" time="0.001" /><testcase classname="tests.unit.test_platform_detector_real.TestPlatformDetectorReal" name="test_real_python_executable" time="0.001" /><testcase classname="tests.unit.test_platform_detector_real.TestPlatformDetectorReal" name="test_real_module_availability" time="0.001" /><testcase classname="tests.unit.test_platform_detector_real.TestPlatformDetectorReal" name="test_real_ci_environment_detection" time="0.001" /><testcase classname="tests.unit.test_platform_detector_real.TestPlatformDetectorReal" name="test_real_git_availability" time="0.036" /><testcase classname="tests.unit.test_edge_cases_coverage.TestEdgeCasesCoverage" name="test_sync_with_very_long_paths" time="5.015" /><testcase classname="tests.unit.test_platform_detector_real.TestPlatformDetectorReal" name="test_real_file_system_behavior" time="0.009" /><testcase classname="tests.unit.test_platform_detector_real.TestPlatformDetectorReal" name="test_real_path_separator" time="0.001" /><testcase classname="tests.unit.test_platform_detector_real.TestPlatformDetectorReal" name="test_real_platform_diagnosis" time="1.055" /><testcase classname="tests.unit.test_ci_error_handler_comprehensive.TestCIErrorHandler" name="test_generate_failure_summary_with_errors" time="3.970" /><testcase classname="tests.unit.test_platform_integration.TestPlatformIntegration" name="test_platform_detector_integration" time="0.001" /><testcase classname="tests.unit.test_platform_integration.TestPlatformIntegration" name="test_git_operations_platform_specific" time="5.014" /><testcase classname="tests.unit.test_ci_error_handler_comprehensive.TestCIErrorHandler" name="test_generate_failure_summary_no_errors" time="0.151" /><testcase classname="tests.unit.test_ci_error_handler_comprehensive.TestCIErrorHandler" name="test_output_github_step_summary_in_actions" time="4.789" /><testcase classname="tests.unit.test_edge_cases_coverage.TestEdgeCasesCoverage" name="test_sync_with_special_characters_in_config" time="5.015" /><testcase classname="tests.unit.test_platform_integration.TestPlatformIntegration" name="test_python_environment_setup" time="0.003" /><testcase classname="tests.unit.test_platform_integration.TestPlatformIntegration" name="test_vscode_template_application" time="0.003" /><testcase classname="tests.unit.test_platform_integration.TestPlatformIntegration" name="test_gitignore_manager_integration" time="0.015" /><testcase classname="tests.unit.test_platform_integration.TestPlatformIntegration" name="test_uv_installer_platform_detection" time="0.002" /><testcase classname="tests.unit.test_platform_integration.TestPlatformIntegration" name="test_safety_check_platform_specific" time="0.058" /><testcase classname="tests.unit.test_platform_integration.TestPlatformIntegration" name="test_process_lock_platform_specific" time="0.004" /><testcase classname="tests.unit.test_platform_integration.TestPlatformIntegration" name="test_tee_logger_platform_specific" time="0.005" /><testcase classname="tests.unit.test_platform_integration.TestPlatformIntegration" name="test_config_loading_platform_paths" time="0.042" /><testcase classname="tests.unit.test_platform_integration.TestPlatformIntegration" name="test_interactive_setup_platform_specific" time="0.001"><skipped type="pytest.skip" message="インタラクティブセットアップはユーザー入力が必要なためスキップ">C:\Users\jojob\workspace\Setup-Repository\tests\unit\test_platform_integration.py:254: インタラクティブセットアップはユーザー入力が必要なためスキップ</skipped></testcase><testcase classname="tests.unit.test_project_detector.TestProjectDetector" name="test_init" time="0.003" /><testcase classname="tests.unit.test_project_detector.TestProjectDetector" name="test_detect_project_types_empty" time="0.011" /><testcase classname="tests.unit.test_project_detector.TestProjectDetector" name="test_detect_project_types_python_pyproject" time="0.014" /><testcase classname="tests.unit.test_project_detector.TestProjectDetector" name="test_detect_project_types_python_setup_py" time="0.027" /><testcase classname="tests.unit.test_project_detector.TestProjectDetector" name="test_detect_project_types_python_by_extension" time="0.013" /><testcase classname="tests.unit.test_project_detector.TestProjectDetector" name="test_detect_project_types_
[...]
g.TestConfig" name="test_load_config_default" time="0.039" /><testcase classname="tests.unit.test_config.TestConfig" name="test_get_github_token_from_env" time="0.001" /><testcase classname="tests.unit.test_config.TestConfig" name="test_get_github_token_no_env" time="0.002" /><testcase classname="tests.unit.test_config.TestConfig" name="test_get_github_user_from_env" time="0.001" /><testcase classname="tests.unit.test_config.TestConfig" name="test_get_github_user_from_git_config" time="0.002" /><testcase classname="tests.unit.test_config.TestConfig" name="test_get_github_user_no_config" time="0.003" /><testcase classname="tests.unit.test_config.TestConfig" name="test_config_platform_integration" time="0.037" /><testcase classname="tests.unit.test_config.TestConfig" name="test_config_environment_override" time="0.035" /><testcase classname="tests.unit.test_config_missing_coverage.TestConfigMissingCoverage" name="test_get_github_token_gh_cli_failure" time="0.002" /><testcase classname="tests.unit.test_config_missing_coverage.TestConfigMissingCoverage" name="test_load_config_direct_file_path" time="0.042" /><testcase classname="tests.unit.test_config_missing_coverage.TestConfigMissingCoverage" name="test_load_config_mismatched_file_path" time="0.040" /><testcase classname="tests.unit.test_edge_cases_coverage.TestEdgeCasesCoverage" name="test_sync_result_edge_cases" time="0.001" /><testcase classname="tests.unit.test_edge_cases_coverage.TestEdgeCasesCoverage" name="test_sync_with_empty_repository_list" time="0.007" /><testcase classname="tests.unit.test_utils_core_functions.TestUtilsCoreFunctions" name="test_file_operations_error_handling" time="0.002"><skipped type="pytest.skip" message="safe_file_operationが利用できません">C:\Users\jojob\workspace\Setup-Repository\tests\unit\test_utils_core_functions.py:111: safe_file_operationが利用できません</skipped></testcase><testcase classname="tests.unit.test_utils_core_functions.TestUtilsCoreFunctions" name="test_path_validation_functions" time="0.001"><skipped type="pytest.skip" message="パス検証関数が利用できません">C:\Users\jojob\workspace\Setup-Repository\tests\unit\test_utils_core_functions.py:135: パス検証関数が利用できません</skipped></testcase><testcase classname="tests.unit.test_utils_core_functions.TestUtilsCoreFunctions" name="test_retry_mechanism" time="0.001"><skipped type="pytest.skip" message="retry_operationが利用できません">C:\Users\jojob\workspace\Setup-Repository\tests\unit\test_utils_core_functions.py:168: retry_operationが利用できません</skipped></testcase><testcase classname="tests.unit.test_utils_core_functions.TestUtilsCoreFunctions" name="test_system_info_collection" time="0.001"><skipped type="pytest.skip" message="get_system_infoが利用できません">C:\Users\jojob\workspace\Setup-Repository\tests\unit\test_utils_core_functions.py:199: get_system_infoが利用できません</skipped></testcase><testcase classname="tests.unit.test_utils_core_functions.TestUtilsCoreFunctions" name="test_configuration_merging" time="0.001"><skipped type="pytest.skip" message="merge_configsが利用できません">C:\Users\jojob\workspace\Setup-Repository\tests\unit\test_utils_core_functions.py:218: merge_configsが利用できません</skipped></testcase><testcase classname="tests.unit.test_utils_core_functions.TestUtilsCoreFunctions" name="test_string_utilities" time="0.001"><skipped type="pytest.skip" message="文字列ユーティリティが利用できません">C:\Users\jojob\workspace\Setup-Repository\tests\unit\test_utils_core_functions.py:246: 文字列ユーティリティが利用できません</skipped></testcase><testcase classname="tests.unit.test_utils_core_functions.TestUtilsCoreFunctions" name="test_environment_detection" time="0.001"><skipped type="pytest.skip" message="環境検出機能が利用できません">C:\Users\jojob\workspace\Setup-Repository\tests\unit\test_utils_core_functions.py:270: 環境検出機能が利用できません</skipped></testcase><testcase classname="tests.unit.test_utils_coverage.TestUtilsCoverage" name="test_tee_logger_initialization" time="0.006" /><testcase classname="tests.unit.test_utils_coverage.TestUtilsCoverage" name="test_process_lock_edge_cases" time="0.005" /><testcase classname="tests.unit.test_utils_coverage.TestUtilsCoverage" name="test_file_operations_utilities" time="0.002"><skipped type="pytest.skip" message="ファイル操作ユーティリティが利用できません">C:\Users\jojob\workspace\Setup-Repository\tests\unit\test_utils_coverage.py:74: ファイル操作ユーティリティが利用できません</skipped></testcase><testcase classname="tests.unit.test_utils_coverage.TestUtilsCoverage" name="test_path_utilities" time="0.001"><skipped type="pytest.skip" message="パスユーティリティが利用できません">C:\Users\jojob\workspace\Setup-Repository\tests\unit\test_utils_coverage.py:101: パスユーティリティが利用できません</skipped></testcase><testcase classname="tests.unit.test_utils_coverage.TestUtilsCoverage" name="test_string_utilities" time="0.001"><skipped type="pytest.skip" message="文字列ユーティリティが利用できません">C:\Users\jojob\workspace\Setup-Repository\tests\unit\test_utils_coverage.py:132: 文字列ユーティリティが利用できません</skipped></testcase><testcase classname="tests.unit.test_utils_coverage.TestUtilsCoverage" name="test_system_utilities" time="0.001"><skipped type="pytest.skip" message="システムユーティリティが利用できません">C:\Users\jojob\workspace\Setup-Repository\tests\unit\test_utils_coverage.py:158: システムユーティリティが利用できません</skipped></testcase><testcase classname="tests.unit.test_utils_coverage.TestUtilsCoverage" name="test_network_utilities" time="0.001"><skipped type="pytest.skip" message="ネットワークユーティリティが利用できません">C:\Users\jojob\workspace\Setup-Repository\tests\unit\test_utils_coverage.py:182: ネットワークユーティリティが利用できません</skipped></testcase><testcase classname="tests.unit.test_utils_coverage.TestUtilsCoverage" name="test_error_handling_utilities" time="0.001"><skipped type="pytest.skip" message="エラーハンドリングユーティリティが利用できません">C:\Users\jojob\workspace\Setup-Repository\tests\unit\test_utils_coverage.py:214: エラーハンドリングユーティリティが利用できません</skipped></testcase><testcase classname="tests.unit.test_utils_coverage.TestUtilsCoverage" name="test_configuration_utilities" time="0.001"><skipped type="pytest.skip" message="設定ユーティリティが利用できません">C:\Users\jojob\workspace\Setup-Repository\tests\unit\test_utils_coverage.py:250: 設定ユーティリティが利用できません</skipped></testcase><testcase classname="tests.unit.test_uv_installer.TestUvInstaller" name="test_ensure_uv_already_installed" time="0.001" /><testcase classname="tests.unit.test_uv_installer.TestUvInstaller" name="test_ensure_uv_install_with_pipx" time="0.001" /><testcase classname="tests.unit.test_uv_installer.TestUvInstaller" name="test_ensure_uv_install_with_pip" time="0.001" /><testcase classname="tests.unit.test_uv_installer.TestUvInstaller" name="test_ensure_uv_install_failure" time="0.001" /><testcase classname="tests.unit.test_uv_installer.TestUvInstaller" name="test_ensure_uv_pipx_failure_fallback_to_pip" time="0.001" /><testcase classname="tests.unit.test_uv_installer.TestUvInstaller" name="test_ensure_uv_integration" time="0.001" /><testcase classname="tests.unit.test_vscode_setup.TestVscodeSetup" name="test_apply_vscode_template_success" time="0.014" /><testcase classname="tests.unit.test_vscode_setup.TestVscodeSetup" name="test_apply_vscode_template_dry_run" time="0.003" /><testcase classname="tests.unit.test_vscode_setup.TestVscodeSetup" name="test_apply_vscode_template_no_template" time="0.002" /><testcase classname="tests.unit.test_vscode_setup.TestVscodeSetup" name="test_apply_vscode_template_with_backup" time="0.013" /><testcase classname="tests.unit.test_vscode_setup.TestVscodeSetup" name="test_apply_vscode_template_error_handling" time="0.005" /><testcase classname="tests.unit.test_vscode_setup.TestVscodeSetup" name="test_apply_vscode_template_integration" time="0.009" /><testcase classname="tests.unit.test_edge_cases_fixed.TestActualCodeIntegration" name="test_platform_detection_import" time="0.001" /><testcase classname="tests.unit.test_edge_cases_fixed.TestActualCodeIntegration" name="test_config_module_import" time="0.001" /><testcase classname="tests.unit.test_edge_cases_fixed.TestDataStructureValidation" name="test_repository_data_structure" time="0.001" /><testcase classname="tests.unit.test_edge_cases_fixed.TestDataStructureValidation" name="test_malformed_data_detection" time="0.001" /><testcase classname="tests.unit.test_error_handling.TestErrorHandling" name="test_sync_with_invalid_repository_data" time="5.027" /><testcase classname="tests.unit.test_ci_error_handler_comprehensive.TestCIErrorHandler" name="test_output_github_step_summary_not_in_actions" time="0.158" /><testcase classname="tests.unit.test_ci_error_handler_comprehensive.TestCIErrorHandler" name="test_is_github_actions_true" time="0.152" /><testcase classname="tests.unit.test_ci_error_handler_comprehensive.TestCIErrorHandler" name="test_is_github_actions_false" time="0.159" /><testcase classname="tests.unit.test_ci_error_handler_comprehensive.TestCIErrorHandler" name="test_output_github_annotation_error" time="0.169" /><testcase classname="tests.unit.test_ci_error_handler_comprehensive.TestCIErrorHandler" name="test_output_github_annotation_warning" time="0.159" /><testcase classname="tests.unit.test_ci_error_handler_comprehensive.TestCIErrorHandler" name="test_output_github_annotation_not_in_actions" time="0.157" /><testcase classname="tests.unit.test_edge_cases_coverage.TestEdgeCasesCoverage" name="test_sync_with_concurrent_access" time="1.226" /><testcase classname="tests.unit.test_ci_error_handler_comprehensive.TestCIErrorHandler" name="test_set_exit_code_higher_priority" time="0.181" /><testcase classname="tests.unit.test_ci_error_handler_comprehensive.TestCIErrorHandler" name="test_set_exit_code_lower_priority" time="0.159" /><testcase classname="tests.unit.test_ci_error_handler_comprehensive.TestCIErrorHandler" name="test_set_exit_code_same_priority" time="0.162" /><testcase classname="tests.unit.test_ci_error_handler_comprehensive.TestCreateCIErrorHandler" name="test_create_ci_error_handler_default" time="0.176" /><testcase classname="tests.unit.test_ci_error_handler_comprehensive.TestCreateCIErrorHandler" name="test_create_ci_error_handler_with_params" time="0.167" /><testcase classname="tests.unit.test_cli.TestCLI" name="test_setup_cli_success" time="0.001" /><testcase classname="tests.unit.test_cli.TestCLI" name="test_sync_cli_success" time="0.001" /><testcase classname="tests.unit.test_cli.TestCLI" name="test_quality_cli_success" time="0.001" /><testcase classname="tests.unit.test_cli.TestCLI" name="test_trend_cli_analyze" time="0.001" /><testcase classname="tests.unit.test_cli.TestCLI" name="test_quality_cli_with_project_root" time="0.001" /><testcase classname="tests.unit.test_cli.TestCLI" name="test_trend_cli_report_action" time="0.001" /><testcase classname="tests.unit.test_cli_edge_cases.TestCLIEdgeCases" name="test_sync_cli_with_all_options" time="0.002" /><testcase classname="tests.unit.test_cli_edge_cases.TestCLIEdgeCases" name="test_sync_cli_with_minimal_options" time="0.001" /><testcase classname="tests.unit.test_cli_edge_cases.TestCLIEdgeCases" name="test_quality_cli_with_relative_path" time="0.005" /><testcase classname="tests.unit.test_cli_edge_cases.TestCLIEdgeCases" name="test_quality_cli_with_absolute_path_security_check" time="0.004" /><testcase classname="tests.unit.test_cli_edge_cases.TestCLIEdgeCases" name="test_quality_cli_with_test_environment_bypass" time="0.004" /><testcase classname="tests.unit.test_cli_edge_cases.TestCLIEdgeCases" name="test_quality_cli_with_trend_saving" time="0.004" /><testcase classname="tests.unit.test_cli_edge_cases.TestCLIEdgeCases" name="test_trend_cli_analyze_action" time="0.004" /><testcase classname="tests.unit.test_cli_edge_cases.TestCLIEdgeCases" name="test_trend_cli_report_action" time="0.005" /><testcase classname="tests.unit.test_cli_edge_cases.TestCLIEdgeCases" name="test_trend_cli_clean_action_with_keep_days" time="0.004" /><testcase classname="tests.unit.test_cli_edge_cases.TestCLIEdgeCases" name="test_trend_cli_clean_action_without_keep_days" time="0.003" /><testcase classname="tests.unit.test_cli_edge_cases.TestCLIEdgeCases" name="test_trend_cli_with_custom_trend_file_security_check" time="0.004" /><testcase classname="tests.unit.test_cli_edge_cases.TestCLIEdgeCases" name="test_trend_cli_with_custom_output_file" time="0.005" /><testcase classname="tests.unit.test_compatibility.TestCompatibility" name="test_python_version_compatibility" time="0.001" /><testcase classname="tests.unit.test_compatibility.TestCompatibility" name="test_platform_compatibility" time="0.001" /><testcase classname="tests.unit.test_compatibility.TestCompatibility" name="test_dependency_compatibility" time="0.001" /><testcase classname="tests.unit.test_compatibility.TestCompatibility" name="test_architecture_compatibility" time="0.001" /><testcase classname="tests.unit.test_compatibility.TestCompatibility" name="test_feature_compatibility" time="0.001" /><testcase classname="tests.unit.test_compatibility.TestCompatibility" name="test_environment_compatibility" time="0.001" /><testcase classname="tests.unit.test_utils.TestUtils" name="test_process_lock_acquire_release" time="0.003" /><testcase classname="tests.unit.test_utils.TestUtils" name="test_tee_logger_init" time="0.003" /><testcase classname="tests.unit.test_utils.TestUtils" name="test_tee_logger_no_file" time="0.000" /><testcase classname="tests.unit.test_utils.TestUtils" name="test_lock_implementation_selection" time="0.001" /><testcase classname="tests.unit.test_utils.TestUtils" name="test_process_lock_error_handling" time="0.002" /><testcase classname="tests.unit.test_utils.TestUtils" name="test_tee_logger_write_operations" time="0.006" /><testcase classname="tests.unit.test_utils.TestUtils" name="test_platform_specific_recommendations" time="0.002" /><testcase classname="tests.unit.test_utils.TestUtils" name="test_wsl_detection" time="0.001" /><testcase classname="tests.unit.test_utils.TestUtils" name="test_lock_implementation_error_paths" time="0.001" /><testcase classname="tests.unit.test_utils.TestUtils" name="test_tee_logger_error_handling" time="0.001" /><testcase classname="tests.unit.test_utils.TestUtils" name="test_utils_integration" time="0.006" /><testcase classname="tests.unit.test_utils_core_functions.TestUtilsCoreFunctions" name="test_process_lock_acquire_release" time="0.026" /><testcase classname="tests.unit.test_utils_core_functions.TestUtilsCoreFunctions" name="test_process_lock_create_test_lock" time="0.003" /><testcase classname="tests.unit.test_utils_core_functions.TestUtilsCoreFunctions" name="test_tee_logger_file_and_console" time="0.005" /><testcase classname="tests.unit.test_edge_cases_fixed.TestSpecialCharacters" name="test_special_characters_sanitization" time="0.001" /><testcase classname="tests.unit.test_edge_cases_fixed.TestSpecialCharacters" name="test_unicode_characters" time="0.000" /><testcase classname="tests.unit.test_edge_cases_fixed.TestBoundaryValues" name="test_string_length_validation" time="0.000" /><testcase classname="tests.unit.test_edge_cases_fixed.TestBoundaryValues" name="test_string_truncation" time="0.000" /><testcase classname="tests.unit.test_edge_cases_fixed.TestBoundaryValues" name="test_extreme_values" time="0.001" /><testcase classname="tests.unit.test_edge_cases_fixed.TestConfigurationValidation" name="test_config_validation" time="0.001" /><testcase classname="tests.unit.test_edge_cases_fixed.TestConfigurationValidation" name="test_invalid_config_detection" time="0.000" /><testcase classname="tests.unit.test_edge_cases_fixed.TestConfigurationValidation" name="test_timeout_validation" time="0.000" /><testcase classname="tests.unit.test_edge_cases_fixed.TestActualCodeIntegration" name="test_github_api_initialization" time="0.001" /><testcase classname="tests.unit.test_error_handling.TestErrorHandling" name="test_user_input_validation" time="0.002" /><testcase classname="tests.unit.test_git_operations.TestGitOperations" name="test_git_operations_init" time="0.000" /><testcase classname="tests.unit.test_git_operations.TestGitOperations" name="test_is_git_repository" time="0.005" /><testcase classname="tests.unit.test_git_operations.TestGitOperations" name="test_clone_repository" time="0.005" /><testcase classname="tests.unit.test_git_operations.TestGitOperations" name="test_pull_repository" time="0.005" /><testcase classname="tests.unit.test_git_operations.TestGitOperations" name="test_choose_clone_url_https" time="0.001" /><testcase classname="tests.unit.test_git_operations.TestGitOperations" name="test_choose_clone_url_ssh" time="0.006" /><testcase classname="tests.unit.test_sync_missing_coverage.TestSyncMissingCoverage" name="test_sync_with_test_environment_lock" time="5.061" /><testcase classname="tests.unit.test_edge_cases_coverage.TestEdgeCasesCoverage" name="test_sync_with_disk_space_issues" time="5.022" /><testcase classname="tests.unit.test_error_handling.TestErrorHandling" name="test_sync_with_network_timeout" time="0.005" /><testcase classname="tests.unit.test_error_handling.TestErrorHandling" name="test_sync_with_permission_error" time="5.022" /><testcase classname="tests.unit.test_sync_missing_coverage.TestSyncMissingCoverage" name="test_sync_with_production_lock" time="5.052" /><testcase classname="tests.unit.test_edge_cases_coverage.TestEdgeCasesCoverage" name="test_sync_with_network_interruption" time="0.006" /><testcase classname="tests.unit.test_edge_cases_coverage.TestEdgeCasesCoverage" name="test_sync_result_serialization_edge_cases" time="0.001" /><testcase classname="tests.unit.test_edge_cases_coverage.TestEdgeCasesCoverage" name="test_platform_specific_path_handling" time="5.013" /><testcase classname="tests.unit.test_error_handling.TestErrorHandling" name="test_config_validation_errors" time="0.638" /><testcase classname="tests.unit.test_error_handling.TestErrorHandling" name="test_platform_specific_errors" time="0.006" /><testcase classname="tests.unit.test_error_handling.TestErrorHandling" name="test_git_operations_error_recovery" time="5.049" /><testcase classname="tests.unit.test_sync_missing_coverage.TestSyncMissingCoverage" name="test_sync_with_non_string_clone_url" time="0.004" /><testcase classname="tests.unit.test_utils.TestUtils" name="test_get_platform_lock_info" time="0.001" /><testcase classname="tests.unit.test_utils.TestUtils" name="test_log_platform_compatibility_warning" time="0.000" /><testcase classname="tests.unit.test_utils.TestUtils" name="test_process_lock_init" time="0.002" /><testcase classname="tests.unit.test_utils.TestUtils" name="test_process_lock_create_test_lock" time="0.001" /><testcase classname="tests.unit.test_sync.TestSyncRepositories" name="test_sync_repositories_sync_error" time="5.016" /><testcase classname="tests.unit.test_edge_cases_fixed.TestEmptyAndNullValues" name="test_empty_string_validation" time="0.001" /><testcase classname="tests.unit.test_edge_cases_fixed.TestEmptyAndNullValues" name="test_valid_values" time="0.000" /><testcase classname="tests.unit.test_edge_cases_fixed.TestEmptyAndNullValues" name="test_whitespace_validation" time="0.000" /><testcase classname="tests.unit.test_edge_cases_fixed.TestSpecialCharacters" name="test_special_characters_detection" time="0.001" /><testcase classname="tests.unit.test_sync.TestSyncRepositories" name="test_sync_repositories_lock_acquisition_failure" time="1.160" /><testcase classname="tests.unit.test_sync.TestSyncRepositories" name="test_sync_repositories_test_environment" time="0.006" /><testcase classname="tests.unit.test_sync.TestSyncIntegration" name="test_config_validation_edge_cases" time="0.407" /><testcase classname="tests.unit.test_error_handling.TestErrorHandling" name="test_emergency_backup_creation" time="0.005" /><testcase classname="tests.unit.test_error_handling.TestErrorHandling" name="test_lock_file_error_handling" time="1.266" /><testcase classname="tests.unit.test_sync.TestSyncRepositories" name="test_sync_repositories_invalid_repo_data" time="5.021" /><testcase classname="tests.unit.test_sync.TestSyncIntegration" name="test_sync_result_data_integrity" time="0.001" /></testsuite></testsuites>
