<?xml version="1.0" encoding="utf-8"?><testsuites name="pytest tests"><testsuite name="pytest" errors="0" failures="1" skipped="19" tests="816" time="6.584" timestamp="2025-09-12T16:45:56.959283+09:00" hostname="SUGAWARA-PC2"><testcase classname="tests.integration.test_ci_platform_specific.TestCIPlatformSpecific" name="test_ci_environment_detection" time="0.002" /><testcase classname="tests.unit.test_compatibility.TestMigrationGuide" name="test_show_migration_guide" time="0.004" /><testcase classname="tests.unit.test_ci_error_handler.TestCIErrorHandlerEdgeCases" name="test_is_github_actions_detection" time="0.186" /><testcase classname="tests.unit.test_github_api.TestGetRepositories" name="test_get_repositories_network_error" time="0.030" /><testcase classname="tests.unit.test_git_operations.TestChooseCloneUrl" name="test_choose_clone_url_no_ssh_keys" time="0.006" /><testcase classname="tests.unit.test_ci_environment.TestCIEnvironmentInfo" name="test_get_dependency_info_exception" time="0.017" /><testcase classname="tests.unit.test_interactive_setup.TestSetupWizard" name="test_configure_workspace_invalid_path" time="0.009" /><testcase classname="tests.integration.test_ci_platform_specific.TestCIPlatformSpecific" name="test_platform_consistency_with_runner_os" time="0.002"><skipped type="pytest.skip" message="RUNNER_OS環境変数が設定されていません">/home/hiro/workspace/Setup-Repository/tests/integration/test_ci_platform_specific.py:48: RUNNER_OS環境変数が設定されていません</skipped></testcase><testcase classname="tests.unit.test_platform_detector.TestDetectPlatform" name="test_detect_current_platform_consistency" time="0.003" /><testcase classname="tests.unit.test_project_detector.TestProjectDetector" name="test_get_recommended_templates_python" time="0.031" /><testcase classname="tests.unit.test_gitignore_manager.TestGitignoreManager" name="test_add_entries_empty_list" time="0.013" /><testcase classname="tests.unit.test_mock_strategy.TestMockStrategyConsistency" name="test_platform_mocker_consistency[wsl]" time="0.018" /><testcase classname="tests.unit.test_quality_trends.TestQualityTrendManager" name="test_analyze_trend_direction_improving" time="0.013" /><testcase classname="tests.unit.test_quality_collectors.TestParseToolOutput" name="test_parse_tool_output_json" time="0.005" /><testcase classname="tests.unit.test_interactive_setup.TestSetupWizard" name="test_save_config_success" time="0.010" /><testcase classname="tests.unit.test_mock_strategy.TestMockStrategyConsistency" name="test_platform_mocker_isolation" time="0.003" /><testcase classname="tests.unit.test_logging_config.TestLoggingSetupFunctions" name="test_setup_project_logging_cross_platform[linux]" time="0.025" /><testcase classname="tests.unit.test_quality_logger.TestQualityLogger" name="test_error_report_saving" time="0.022" /><testcase classname="tests.unit.test_quality_trends.TestQualityTrendManager" name="test_analyze_trend_direction_declining" time="0.001" /><testcase classname="tests.unit.test_quality_trends.TestQualityTrendManager" name="test_analyze_trend_direction_stable" time="0.001" /><testcase classname="tests.unit.test_gitignore_manager.TestGitignoreManager" name="test_add_entries_to_nonexistent_file" time="0.003" /><testcase classname="tests.unit.test_gitignore_manager.TestGitignoreManager" name="test_add_entries_dry_run_mode" time="0.003" /><testcase classname="tests.unit.test_ci_error_handler.TestCIEnvironmentInfo" name="test_get_github_actions_info" time="0.004" /><testcase classname="tests.unit.test_ci_error_handler.TestCIEnvironmentInfo" name="test_get_system_info" time="0.010" /><testcase classname="tests.integration.test_ci_platform_specific.TestCIPlatformSpecific" name="test_windows_specific_functionality" time="0.002"><skipped type="pytest.skip" message="Windows固有テスト">/home/hiro/workspace/Setup-Repository/tests/integration/test_ci_platform_specific.py:66: Windows固有テスト</skipped></testcase><testcase classname="tests.integration.test_ci_platform_specific.TestCIPlatformSpecific" name="test_linux_specific_functionality" time="0.002" /><testcase classname="tests.unit.test_mock_strategy.TestMockStrategyConsistency" name="test_module_availability_mocker_consistency" time="0.005" /><testcase classname="tests.unit.test_git_operations.TestChooseCloneUrl" name="test_choose_clone_url_ssh_failure_returncode" time="0.005" /><testcase classname="tests.unit.test_git_operations.TestChooseCloneUrl" name="test_choose_clone_url_no_ssh_url_in_repo" time="0.003" /><testcase classname="tests.unit.test_quality_trends.TestQualityTrendManager" name="test_identify_recent_issues" time="0.003" /><testcase classname="tests.unit.test_github_api.TestGetRepositories" name="test_get_repositories_https_url_validation" time="0.024" /><testcase classname="tests.unit.test_platform_detector.TestDetectPlatform" name="test_detect_platform_case_insensitive" time="0.009" /><testcase classname="tests.unit.test_platform_detector.TestDetectPlatform" name="test_detect_wsl_case_insensitive" time="0.001" /><testcase classname="tests.unit.test_platform_detector.TestCheckPackageManager" name="test_check_package_manager_available" time="0.006" /><testcase classname="tests.unit.test_platform_detector.TestCheckPackageManager" name="test_check_package_manager_not_available_called_process_error" time="0.002" /><testcase classname="tests.integration.test_ci_platform_specific.TestCIPlatformSpecific" name="test_macos_specific_functionality" time="0.001"><skipped type="pytest.skip" message="macOS固有テスト">/home/hiro/workspace/Setup-Repository/tests/integration/test_ci_platform_specific.py:115: macOS固有テスト</skipped></testcase><testcase classname="tests.integration.test_ci_platform_specific.TestCIPlatformSpecific" name="test_package_manager_availability_in_ci" time="0.341" /><testcase classname="tests.unit.test_setup.TestSetupRepositoryEnvironmentAdvanced" name="test_setup_repository_environment_partial_config" time="0.019" /><testcase classname="tests.unit.test_setup.TestSetupRepositoryEnvironmentAdvanced" name="test_setup_repository_environment_github_api_initialization_error" time="0.003" /><testcase classname="tests.unit.test_setup.TestSetupRepositoryEnvironmentAdvanced" name="test_setup_repository_environment_result_structure" time="0.007" /><testcase classname="tests.unit.test_utils.TestDetectPlatform" name="test_detect_platform_wsl_case_insensitive" time="0.008" /><testcase classname="tests.unit.test_utils.TestDetectPlatform" name="test_detect_platform_all_supported_platforms" time="0.029" /><testcase classname="tests.unit.test_utils.TestProcessLock" name="test_acquire_lock_os_error_handling" time="0.024" /><testcase classname="tests.unit.test_ci_error_handler.TestCIEnvironmentInfo" name="test_get_dependency_info" time="0.004" /><testcase classname="tests.unit.test_setup.TestSetupRepositoryEnvironmentAdvanced" name="test_setup_repository_environment_custom_config_json_error" time="0.006" /><testcase classname="tests.unit.test_compatibility.TestDeprecatedImportCheck" name="test_check_deprecated_imports_with_deprecated_module" time="0.002" /><testcase classname="tests.unit.test_platform_detector.TestCheckPackageManager" name="test_check_package_manager_not_available_file_not_found" time="0.003" /><testcase classname="tests.unit.test_platform_detector.TestCheckPackageManager" name="test_check_package_manager_different_managers" time="0.008" /><testcase classname="tests.unit.test_utils.TestProcessLock" name="test_acquire_lock_fcntl_error_handling" time="0.018" /><testcase classname="tests.unit.test_utils.TestProcessLock" name="test_release_lock_error_handling" time="0.007" /><testcase classname="tests.unit.test_interactive_setup.TestSetupWizard" name="test_save_config_failure" time="0.003" /><testcase classname="tests.unit.test_interactive_setup.TestSetupWizard" name="test_show_next_steps" time="0.004" /><testcase classname="tests.unit.test_interactive_setup.TestSetupWizard" name="test_show_next_steps_missing_token" time="0.003" /><testcase classname="tests.unit.test_quality_logger.TestQualityLoggerSingleton" name="test_get_quality_logger_singleton" time="0.001" /><testcase classname="tests.unit.test_quality_logger.TestQualityLoggerSingleton" name="test_get_quality_logger_with_params" time="0.003" /><testcase classname="tests.unit.test_quality_metrics.TestQualityMetrics" name="test_quality_metrics_initialization" time="0.025" /><testcase classname="tests.unit.test_quality_collectors.TestParseToolOutput" name="test_parse_tool_output_json_error" time="0.004" /><testcase classname="tests.unit.test_quality_collectors.TestParseToolOutput" name="test_parse_tool_output_ruff_text" time="0.001" /><testcase classname="tests.unit.test_quality_collectors.TestParseToolOutput" name="test_parse_tool_output_mypy_text" time="0.001" /><testcase classname="tests.unit.test_quality_collectors.TestParseToolOutput" name="test_parse_tool_output_generic" time="0.001" /><testcase classname="tests.unit.test_quality_errors.TestQualityCheckErrors" name="test_quality_check_error_creation" time="0.014" /><testcase classname="tests.unit.test_quality_errors.TestQualityCheckErrors" name="test_ruff_error_creation" time="0.002" /><testcase classname="tests.unit.test_quality_errors.TestQualityCheckErrors" name="test_mypy_error_creation" time="0.002" /><testcase classname="tests.unit.test_quality_errors.TestQualityCheckErrors" name="test_test_failure_error_creation" time="0.002" /><testcase classname="tests.unit.test_git_operations.TestSyncRepository" name="test_sync_repository_success" time="0.006" /><testcase classname="tests.unit.test_git_operations.TestSyncRepository" name="test_sync_repository_failure" time="0.003" /><testcase classname="tests.unit.test_git_operations.TestSyncRepositoryWithRetries" name="test_sync_repository_with_retries_success_first_try" time="0.003" /><testcase classname="tests.unit.test_git_operations.TestSyncRepositoryWithRetries" name="test_sync_repository_with_retries_success_second_try" time="0.005" /><testcase classname="tests.unit.test_mock_strategy.TestMockStrategyConsistency" name="test_cross_platform_helper_functionality" time="0.003" /><testcase classname="tests.unit.test_mock_strategy.TestMockStrategyConsistency" name="test_platform_specific_behavior_simulation[windows]" time="0.003"><skipped type="pytest.skip" message="Linux環境でwindowsプラットフォームのテストをスキップ">/home/hiro/workspace/Setup-Repository/tests/unit/test_mock_strategy.py:206: Linux環境でwindowsプラットフォームのテストをスキップ</skipped></testcase><testcase classname="tests.unit.test_mock_strategy.TestMockStrategyConsistency" name="test_platform_specific_behavior_simulation[linux]" time="0.002" /><testcase classname="tests.unit.test_mock_strategy.TestMockStrategyConsistency" name="test_platform_specific_behavior_simulation[macos]" time="0.002"><skipped type="pytest.skip" message="Linux環境でmacosプラットフォームのテストをスキップ">/home/hiro/workspace/Setup-Repository/tests/unit/test_mock_strategy.py:206: Linux環境でmacosプラットフォームのテストをスキップ</skipped></testcase><testcase classname="tests.unit.test_mock_strategy.TestMockStrategyConsistency" name="test_platform_specific_behavior_simulation[wsl]" time="0.002" /><testcase classname="tests.unit.test_mock_strategy.TestMockStrategyConsistency" name="test_mock_reproducibility" time="0.002" /><testcase classname="tests.unit.test_project_detector.TestProjectDetector" name="test_get_recommended_templates_node" time="0.028" /><testcase classname="tests.unit.test_project_detector.TestProjectDetector" name="test_analyze_project" time="0.016" /><testcase classname="tests.unit.test_compatibility.TestDeprecatedImportCheck" name="test_check_deprecated_imports_without_deprecated_module" time="0.002" /><testcase classname="tests.unit.test_compatibility.TestCompatibilityIntegration" name="test_full_compatibility_workflow" time="0.001" /><testcase classname="tests.unit.test_compatibility.TestCompatibilityIntegration" name="test_legacy_import_simulation" time="0.002" /><testcase classname="tests.unit.test_config.TestGetGithubToken" name="test_get_token_from_environment_variable" time="0.016" /><testcase classname="tests.unit.test_config.TestGetGithubToken" name="test_get_token_from_gh_cli" time="0.005" /><testcase classname="tests.unit.test_config.TestGetGithubToken" name="test_get_token_environment_variable_priority" time="0.003" /><testcase classname="tests.unit.test_config.TestGetGithubToken" name="test_get_token_gh_cli_failure" time="0.003" /><testcase classname="tests.unit.test_config.TestGetGithubToken" name="test_get_token_gh_cli_not_found" time="0.003" /><testcase classname="tests.unit.test_config.TestGetGithubToken" name="test_get_token_no_sources_available" time="0.003" /><testcase classname="tests.unit.test_utils.TestProcessLockCrossPlatform" name="test_lock_implementation_selection_by_platform[windows]" time="0.006" /><testcase classname="tests.unit.test_utils.TestProcessLockCrossPlatform" name="test_lock_implementation_selection_by_platform[linux]" time="0.005" /><testcase classname="tests.unit.test_git_operations.TestSyncRepositoryWithRetries" name="test_sync_repository_with_retries_all_fail" time="0.004" /><testcase classname="tests.unit.test_git_operations.TestSyncRepositoryWithRetries" name="test_sync_repository_with_retries_default_max_retries" time="1.003" /><testcase classname="tests.unit.test_quality_trends.TestQualityTrendManager" name="test_generate_recommendations" time="0.003" /><testcase classname="tests.unit.test_quality_trends.TestQualityTrendManager" name="test_generate_html_report" time="0.006" /><testcase classname="tests.unit.test_safety_check.TestCheckUnpushedChanges" name="test_check_unpushed_changes_not_git_repo" time="0.005" /><testcase classname="tests.unit.test_safety_check.TestCheckUnpushedChanges" name="test_check_unpushed_changes_no_issues" time="0.004" /><testcase classname="tests.unit.test_safety_check.TestCheckUnpushedChanges" name="test_check_unpushed_changes_uncommitted_changes" time="0.003" /><testcase classname="tests.unit.test_utils.TestProcessLockCrossPlatform" name="test_lock_implementation_selection_by_platform[macos]" time="0.004" /><testcase classname="tests.unit.test_setup.TestSetupRepositoryEnvironmentAdvanced" name="test_setup_repository_environment_custom_config_file_read_error" time="0.004" /><testcase classname="tests.unit.test_setup.TestSetupRepositoryEnvironmentAdvanced" name="test_setup_repository_environment_all_required_fields_validation" time="0.003" /><testcase classname="tests.unit.test_setup.TestSetupRepositoryEnvironmentAdvanced" name="test_setup_repository_environment_error_handling_with_result" time="0.003" /><testcase classname="tests.unit.test_setup.TestSetupRepositoryEnvironmentAdvanced" name="test_setup_repository_environment_clone_destination_creation_success" time="0.005" /><testcase classname="tests.unit.test_setup.TestSetupFunctionsEdgeCases" name="test_setup_dependencies_wizard_exception" time="0.003" /><testcase classname="tests.unit.test_config.TestGetGithubUser" name="test_get_user_from_environment_variable" time="0.003" /><testcase classname="tests.unit.test_interactive_setup.TestSetupWizard" name="test_run_success" time="0.005" /><testcase classname="tests.unit.test_interactive_setup.TestSetupWizard" name="test_run_prerequisites_fail" time="0.004" /><testcase classname="tests.unit.test_interactive_setup.TestSetupWizard" name="test_run_keyboard_interrupt" time="0.003" /><testcase classname="tests.unit.test_interactive_setup.TestSetupWizard" name="test_run_unexpected_error" time="0.003" /><testcase classname="tests.unit.test_interactive_setup.TestSetupWizardInstallTools" name="test_install_tools_all_present" time="0.004" /><testcase classname="tests.unit.test_interactive_setup.TestSetupWizardInstallTools" name="test_install_tools_uv_missing_gh_optional_yes" time="0.004" /><testcase classname="tests.unit.test_utils.TestDetectPlatform" name="test_detect_platform_edge_cases" time="0.003" /><testcase classname="tests.unit.test_utils.TestDetectPlatform" name="test_detect_platform_with_os_name_fallback" time="0.002" /><testcase classname="tests.unit.test_utils.TestUtilsIntegration" name="test_process_lock_with_tee_logger" time="0.005" /><testcase classname="tests.unit.test_utils.TestUtilsIntegration" name="test_multiple_process_locks_different_files" time="0.003" /><testcase classname="tests.unit.test_utils.TestUtilsIntegration" name="test_platform_detection_consistency" time="0.016" /><testcase classname="tests.unit.test_utils.TestUtilsIntegration" name="test_platform_detection_caching" time="0.003" /><testcase classname="tests.unit.test_utils.TestUtilsIntegration" name="test_platform_detection_valid_platforms_only" time="0.006" /><testcase classname="tests.unit.test_ci_error_handler.TestCIErrorHandler" name="test_error_handler_creation" time="0.115" /><testcase classname="tests.unit.test_mock_strategy.TestMockStrategyConsistency" name="test_nested_mock_contexts" time="0.004" /><testcase classname="tests.unit.test_mock_strategy.TestMockStrategyConsistency" name="test_error_condition_simulation" time="0.002" /><testcase classname="tests.unit.test_mock_strategy.TestMockStrategyConsistency" name="test_mock_cleanup_verification" time="0.015" /><testcase classname="tests.unit.test_mock_strategy.TestMockStrategyReproducibility" name="test_repeated_platform_detection" time="0.002" /><testcase classname="tests.unit.test_mock_strategy.TestMockStrategyReproducibility" name="test_concurrent_mock_usage" time="0.003" /><testcase classname="tests.unit.test_mock_strategy.TestMockStrategyReproducibility" name="test_mock_state_independence" time="0.002" /><testcase classname="tests.unit.test_mock_strategy.TestMockStrategyReproducibility" name="test_edge_case_handling" time="0.002" /><testcase classname="tests.unit.test_safety_check.TestCheckUnpushedChanges" name="test_check_unpushed_changes_unpushed_commits" time="0.020" /><testcase classname="tests.unit.test_safety_check.TestCheckUnpushedChanges" name="test_check_unpushed_changes_stash_exists" time="0.005" /><testcase classname="tests.unit.test_safety_check.TestCheckUnpushedChanges" name="test_check_unpushed_changes_multiple_issues" time="0.003" /><testcase classname="tests.unit.test_safety_check.TestCheckUnpushedChanges" name="test_check_unpushed_changes_git_command_error" time="0.003" /><testcase classname="tests.unit.test_gitignore_manager.TestGitignoreManager" name="test_add_entries_file_without_newline" time="0.002" /><testcase classname="tests.unit.test_gitignore_manager.TestGitignoreManager" name="test_add_entries_write_error" time="0.017" /><testcase classname="tests.unit.test_gitignore_manager.TestGitignoreManager" name="test_load_template_read_error" time="0.006" /><testcase classname="tests.unit.test_gitignore_manager.TestGitignoreManager" name="test_get_available_templates_no_directory" time="0.002" /><testcase classname="tests.unit.test_gitignore_manager.TestGitignoreManager" name="test_setup_gitignore_from_templates_no_valid_templates" time="0.002" /><testcase classname="tests.unit.test_gitignore_manager.TestGitignoreManager" name="test_create_new_gitignore_write_error" time="0.004" /><testcase classname="tests.unit.test_gitignore_manager.TestGitignoreManager" name="test_merge_with_existing_read_error" time="0.002" /><testcase classname="tests.unit.test_gitignore_manager.TestGitignoreManager" name="test_merge_with_existing_no_new_entries" time="0.004" /><testcase classname="tests.unit.test_gitignore_manager.TestGitignoreManager" name="test_setup_gitignore_with_project_detector" time="0.026" /><testcase classname="tests.unit.test_logging_config.TestLoggingSetupFunctions" name="test_setup_project_logging_cross_platform[macos]" time="0.001"><skipped type="pytest.skip" message="Linux環境でmacosプラットフォームのテストをスキップ">/home/hiro/workspace/Setup-Repository/tests/unit/test_logging_config.py:293: Linux環境でmacosプラットフォームのテストをスキップ</skipped></testcase><testcase classname="tests.unit.test_logging_config.TestLoggingSetupFunctions" name="test_setup_project_logging_cross_platform[wsl]" time="0.026" /><testcase classname="tests.unit.test_logging_config.TestLoggingSetupFunctions" name="test_setup_project_logging_cross_platform[windows]" time="0.002"><skipped type="pytest.skip" message="Linux環境でwindowsプラットフォームのテストをスキップ">/home/hiro/workspace/Setup-Repository/tests/unit/test_logging_config.py:293: Linux環境でwindowsプラットフォームのテストをスキップ</skipped></testcase><testcase classname="tests.unit.test_logging_config.TestLoggingSetupFunctions" name="test_setup_ci_logging" time="0.002" /><testcase classname="tests.unit.test_logging_config.TestLoggingSetupFunctions" name="test_setup_ci_logging_debug_mode" time="0.003" /><testcase classname="tests.unit.test_logging_config.TestLoggingSetupFunctions" name="test_setup_development_logging" time="0.002" /><testcase classname="tests.unit.test_logging_config.TestLoggingSetupFunctions" name="test_setup_testing_logging" time="0.001" /><testcase classname="tests.unit.test_logging_config.TestLoggingSetupFunctions" name="test_ci_environment_detection_cross_platform" time="0.031" /><testcase classname="tests.unit.test_logging_config.TestLoggingSetupFunctions" name="test_path_handling_with_environment_variables" time="0.003" /><testcase classname="tests.unit.test_logging_handlers.TestTeeHandler" name="test_tee_handler_creation" time="0.005" /><testcase classname="tests.unit.test_logging_handlers.TestTeeHandler" name="test_tee_handler_emit" time="0.004" /><testcase classname="tests.unit.test_logging_handlers.TestTeeHandler" name="test_tee_handler_set_level" time="0.006" /><testcase classname="tests.unit.test_safety_check.TestCheckUnpushedChanges" name="test_check_unpushed_changes_log_command_no_upstream" time="0.003" /><testcase classname="tests.unit.test_safety_check.TestPromptUserAction" name="test_prompt_user_action_skip" time="0.003" /><testcase classname="tests.unit.test_quality_metrics.TestQualityMetrics" name="test_quality_metrics_with_values" time="0.002" /><testcase classname="tests.unit.test_quality_metrics.TestQualityMetrics" name="test_is_passing_success" time="0.005" /><testcase classname="tests.unit.test_quality_metrics.TestQualityMetrics" name="test_is_passing_failure_coverage" time="0.006" /><testcase classname="tests.unit.test_quality_metrics.TestQualityMetrics" name="test_is_passing_failure_ruff_issues" time="0.004" /><testcase classname="tests.unit.test_quality_metrics.TestQualityMetrics" name="test_get_quality_score_perfect" time="0.007" /><testcase classname="tests.unit.test_quality_metrics.TestQualityMetrics" name="test_get_quality_score_with_issues" time="0.004" /><testcase classname="tests.unit.test_quality_metrics.TestBuildResult" name="test_build_result_to_dict" time="0.005" /><testcase classname="tests.unit.test_quality_metrics.TestQualityLogger" name="test_quality_logger_initialization" time="0.002" /><testcase classname="tests.unit.test_quality_metrics.TestQualityLogger" name="test_log_quality_check_start" time="0.002" /><testcase classname="tests.unit.test_quality_metrics.TestQualityLogger" name="test_log_quality_check_result_success" time="0.002" /><testcase classname="tests.unit.test_quality_metrics.TestQualityLogger" name="test_log_quality_check_result_failure" time="0.003" /><testcase classname="tests.unit.test_interactive_setup.TestSetupWizardInstallTools" name="test_install_tools_uv_missing_gh_optional_no" time="0.003" /><testcase classname="tests.unit.test_interactive_setup.TestSetupWizardInstallTools" name="test_install_tools_uv_install_fails" time="0.002" /><testcase classname="tests.unit.test_interactive_setup.TestSetupWizardPackageManagerHelp" name="test_show_package_manager_help_windows" time="0.002" /><testcase classname="tests.unit.test_interactive_setup.TestSetupWizardPackageManagerHelp" name="test_show_package_manager_help_linux" time="0.002" /><testcase classname="tests.unit.test_interactive_setup.TestSetupWizardPackageManagerHelp" name="test_show_package_manager_help_wsl" time="0.003" /><testcase classname="tests.unit.test_interactive_setup.TestSetupWizardPackageManagerHelp" name="test_show_package_manager_help_macos" time="0.002" /><testcase classname="tests.unit.test_logging_config.TestLoggingConfig" name="test_get_log_level_from_env_default" time="0.002" /><testcase classname="tests.unit.test_utils.TestProcessLockCrossPlatform" name="test_lock_implementation_selection_by_platform[wsl]" time="0.006" /><testcase classname="tests.unit.test_utils.TestProcessLockCrossPlatform" name="test_windows_lock_implementation_selection" time="0.003" /><testcase classname="tests.unit.test_utils.TestProcessLockCrossPlatform" name="test_unix_lock_implementation_selection" time="0.004" /><testcase classname="tests.unit.test_utils.TestProcessLockCrossPlatform" name="test_macos_lock_implementation_selection" time="0.004" /><testcase classname="tests.unit.test_utils.TestProcessLockCrossPlatform" name="test_wsl_lock_implementation_selection" time="0.004" /><testcase classname="tests.unit.test_utils.TestProcessLockCrossPlatform" name="test_fallback_lock_implementation_selection" time="0.004" /><testcase classname="tests.unit.test_quality_errors.TestQualityCheckErrors" name="test_coverage_error_creation" time="0.003" /><testcase classname="tests.unit.test_quality_errors.TestQualityCheckErrors" name="test_security_scan_error_creation" time="0.002" /><testcase classname="tests.unit.test_quality_errors.TestCIErrors" name="test_ci_error_creation" time="0.001" /><testcase classname="tests.unit.test_quality_errors.TestCIErrors" name="test_release_error_creation" time="0.001" /><testcase classname="tests.unit.test_quality_errors.TestErrorReporter" name="test_error_reporter_creation" time="0.005" /><testcase classname="tests.unit.test_quality_errors.TestErrorReporter" name="test_get_report_path" time="0.002" /><testcase classname="tests.unit.test_uv_installer.TestEnsureUv" name="test_ensure_uv_already_installed" time="0.003" /><testcase classname="tests.unit.test_uv_installer.TestEnsureUv" name="test_ensure_uv_install_with_pipx_success" time="0.003" /><testcase classname="tests.unit.test_uv_installer.TestEnsureUv" name="test_ensure_uv_install_with_pipx_failure_fallback_to_pip" time="0.003" /><testcase classname="tests.unit.test_uv_installer.TestEnsureUv" name="test_ensure_uv_install_with_pip_python_fallback" time="0.003" /><testcase classname="tests.unit.test_uv_installer.TestEnsureUv" name="test_ensure_uv_no_pipx_pip_success" time="0.003" /><testcase classname="tests.unit.test_quality_metrics.TestQualityLogger" name="test_log_metrics_summary" time="0.005" /><testcase classname="tests.unit.test_quality_metrics.TestQualityMetricsCollector" name="test_collector_initialization" time="0.003" /><testcase classname="tests.unit.test_quality_metrics.TestQualityMetricsCollector" name="test_collect_ruff_metrics_success" time="0.003" /><testcase classname="tests.unit.test_project_detector.TestProjectDetector" name="test_empty_project" time="0.035" /><testcase classname="tests.unit.test_project_detector.TestProjectDetector" name="test_rust_project_detection" time="0.009" /><testcase classname="tests.unit.test_project_detector.TestProjectDetector" name="test_go_project_detection" time="0.009" /><testcase classname="tests.unit.test_python_env.TestHasPythonProject" name="test_has_python_project_pyproject_toml" time="0.003" /><testcase classname="tests.unit.test_python_env.TestHasPythonProject" name="test_has_python_project_requirements_txt" time="0.002" /><testcase classname="tests.unit.test_python_env.TestHasPythonProject" name="test_has_python_project_setup_py" time="0.002" /><testcase classname="tests.unit.test_python_env.TestHasPythonProject" name="test_has_python_project_pipfile" time="0.005" /><testcase classname="tests.unit.test_python_env.TestHasPythonProject" name="test_has_python_project_setup_cfg" time="0.002" /><testcase classname="tests.unit.test_python_env.TestHasPythonProject" name="test_has_python_project_poetry_lock" time="0.003" /><testcase classname="tests.unit.test_logging_config.TestLoggingConfig" name="test_get_log_level_from_env_debug" time="0.004" /><testcase classname="tests.unit.test_logging_config.TestLoggingConfig" name="test_get_log_level_from_env_error" time="0.003" /><testcase classname="tests.unit.test_logging_config.TestLoggingConfig" name="test_get_log_level_from_env_invalid" time="0.003" /><testcase classname="tests.unit.test_quality_metrics.TestQualityMetricsCollector" name="test_collect_ruff_metrics_with_issues" time="0.003" /><testcase classname="tests.unit.test_platform_detector.TestGetAvailablePackageManagers" name="test_get_available_package_managers_all_available" time="0.003" /><testcase classname="tests.unit.test_platform_detector.TestGetAvailablePackageManagers" name="test_get_available_package_managers_partial_available" time="0.003" /><testcase classname="tests.unit.test_config.TestGetGithubUser" name="test_get_user_from_git_config" time="0.010" /><testcase classname="tests.unit.test_config.TestGetGithubUser" name="test_get_user_environment_variable_priority" time="0.003" /><testcase classname="tests.unit.test_config.TestGetGithubUser" name="test_get_user_git_config_failure" time="0.004" /><testcase classname="tests.unit.test_config.TestGetGithubUser" name="test_get_user_git_not_found" time="0.003" /><testcase classname="tests.unit.test_config.TestAutoDetectConfig" name="test_auto_detect_config_with_all_values" time="0.002" /><testcase classname="tests.unit.test_config.TestAutoDetectConfig" name="test_auto_detect_config_with_missing_values" time="0.003" /><testcase classname="tests.unit.test_config.TestAutoDetectConfig" name="test_auto_detect_config_default_paths" time="0.002" /><testcase classname="tests.unit.test_config.TestLoadConfig" name="test_load_config_with_local_config_file" time="0.004" /><testcase classname="tests.unit.test_config.TestLoadConfig" name="test_load_config_with_global_config_file" time="0.007" /><testcase classname="tests.unit.test_config.TestLoadConfig" name="test_load_config_local_priority_over_global" time="0.003" /><testcase classname="tests.unit.test_config.TestLoadConfig" name="test_load_config_no_config_files" time="0.002" /><testcase classname="tests.unit.test_gitignore_manager.TestGitignoreManager" name="test_merge_with_existing_write_error" time="0.003" /><testcase classname="tests.unit.test_gitignore_manager.TestGitignoreManager" name="test_get_current_entries_oserror_handling" time="0.002" /><testcase classname="tests.unit.test_gitignore_manager.TestGitignoreManager" name="test_add_entries_oserror_handling" time="0.002" /><testcase classname="tests.unit.test_interactive_setup.TestInteractiveSetup" name="test_init" time="0.001" /><testcase classname="tests.unit.test_interactive_setup.TestInteractiveSetup" name="test_run_setup_success" time="0.011" /><testcase classname="tests.unit.test_interactive_setup.TestInteractiveSetup" name="test_run_setup_empty_token" time="0.003" /><testcase classname="tests.unit.test_interactive_setup.TestInteractiveSetup" name="test_run_setup_empty_username" time="0.004" /><testcase classname="tests.unit.test_interactive_setup.TestInteractiveSetup" name="test_run_setup_default_destination" time="0.003" /><testcase classname="tests.unit.test_interactive_setup.TestInteractiveSetup" name="test_run_setup_no_save_config" time="0.006" /><testcase classname="tests.unit.test_python_env.TestHasPythonProject" name="test_has_python_project_no_python_files" time="0.002" /><testcase classname="tests.unit.test_python_env.TestHasPythonProject" name="test_has_python_project_multiple_files" time="0.003" /><testcase classname="tests.unit.test_python_env.TestSetupPythonEnvironment" name="test_setup_python_environment_not_python_project" time="0.004" /><testcase classname="tests.unit.test_platform_detector.TestGetAvailablePackageManagers" name="test_get_available_package_managers_none_available" time="0.002" /><testcase classname="tests.unit.test_platform_detector.TestGetAvailablePackageManagers" name="test_get_available_package_managers_empty_list" time="0.002" /><testcase classname="tests.unit.test_platform_detector.TestGetInstallCommands" name="test_get_install_commands_windows" time="0.012" /><testcase classname="tests.unit.test_platform_detector.TestGetInstallCommands" name="test_get_install_commands_wsl" time="0.002" /><testcase classname="tests.unit.test_platform_detector.TestGetInstallCommands" name="test_get_install_commands_linux" time="0.002" /><testcase classname="tests.unit.test_platform_detector.TestGetInstallCommands" name="test_get_install_commands_macos" time="0.002" /><testcase classname="tests.unit.test_platform_detector.TestGetInstallCommands" name="test_get_install_commands_unknown_platform" time="0.002" /><testcase classname="tests.unit.test_platform_detector.TestGetInstallCommands" name="test_get_install_commands_all_platforms_have_pip" time="0.001" /><testcase classname="tests.unit.test_platform_detector.TestPlatformDetectorIntegration" name="test_full_platform_detection_workflow_windows" time="0.001"><skipped type="pytest.skip" message="Windows環境でのみ実行">/home/hiro/workspace/Setup-Repository/tests/unit/test_platform_detector.py:533: Windows環境でのみ実行</skipped></testcase><testcase classname="tests.unit.test_platform_detector.TestPlatformDetectorIntegration" name="test_full_platform_detection_workflow_current_platform" time="0.245" /><testcase classname="tests.unit.test_uv_installer.TestEnsureUv" name="test_ensure_uv_all_install_methods_fail" time="0.004" /><testcase classname="tests.unit.test_uv_installer.TestEnsureUv" name="test_ensure_uv_no_python_available" time="0.003" /><testcase classname="tests.unit.test_uv_installer.TestEnsureUv" name="test_ensure_uv_pip_install_failure" time="0.003" /><testcase classname="tests.unit.test_uv_installer.TestEnsureUvEdgeCases" name="test_ensure_uv_pipx_exists_but_fails_no_python" time="0.004" /><testcase classname="tests.unit.test_uv_installer.TestEnsureUvEdgeCases" name="test_ensure_uv_multiple_which_calls" time="0.004" /><testcase classname="tests.unit.test_uv_installer.TestEnsureUvEdgeCases" name="test_ensure_uv_print_messages_order" time="0.002" /><testcase classname="tests.unit.test_config.TestLoadConfig" name="test_load_config_invalid_json_file" time="0.004" /><testcase classname="tests.unit.test_config.TestConfigIntegration" name="test_full_config_loading_workflow" time="0.006" /><testcase classname="tests.unit.test_config_basic" name="test_all_modules_import" time="0.003" /><testcase classname="tests.unit.test_config_basic" name="test_package_structure" time="0.001" /><testcase classname="tests.unit.test_ci_error_handler.TestCIErrorHandlerEdgeCases" name="test_output_github_annotation_message_only" time="0.096" /><testcase classname="tests.unit.test_platform_ci_integration.TestCIPlatformDetection" name="test_ci_environment_detection" time="0.001" /><testcase classname="tests.unit.test_platform_ci_integration.TestCIPlatformDetection" name="test_platform_detection_consistency_current_platform" time="0.001" /><testcase classname="tests.unit.test_platform_ci_integration.TestCIPlatformDetection" name="test_platform_detection_consistency_windows" time="0.001"><skipped type="pytest.skip" message="Windows環境でのみ実行">/home/hiro/workspace/Setup-Repository/tests/unit/test_platform_ci_integration.py:82: Windows環境でのみ実行</skipped></testcase><testcase classname="tests.unit.test_platform_ci_integration.TestCIPlatformDetection" name="test_platform_detection_consistency_macos" time="0.001"><skipped type="pytest.skip" message="macOS環境でのみ実行">/home/hiro/workspace/Setup-Repository/tests/unit/test_platform_ci_integration.py:95: macOS環境でのみ実行</skipped></testcase><testcase classname="tests.unit.test_platform_ci_integration.TestCIPlatformDetection" name="test_runner_os_platform_mismatch_detection" time="0.001"><skipped type="pytest.skip" message="RUNNER_OSとplatform.system()の不一致検出は現在の実装では正しく動作しない">/home/hiro/workspace/Setup-Repository/tests/unit/test_platform_ci_integration.py:106: RUNNER_OSとplatform.system()の不一致検出は現在の実装では正しく動作しない</skipped></testcase><testcase classname="tests.unit.test_platform_ci_integration.TestCIModuleAvailability" name="test_module_availability_check_fcntl" time="0.001" /><testcase classname="tests.unit.test_platform_ci_integration.TestCIModuleAvailability" name="test_module_availability_check_msvcrt" time="0.001" /><testcase classname="tests.unit.test_platform_ci_integration.TestCIModuleAvailability" name="test_module_availability_check_standard_modules" time="0.003" /><testcase classname="tests.unit.test_platform_ci_integration.TestCIPackageManagerDetection" name="test_package_manager_check_success" time="0.004" /><testcase classname="tests.unit.test_quality_metrics.TestQualityMetricsCollector" name="test_collect_mypy_metrics_success" time="0.002" /><testcase classname="tests.unit.test_quality_metrics.TestQualityMetricsCollector" name="test_collect_mypy_metrics_with_errors" time="0.005" /><testcase classname="tests.unit.test_quality_metrics.TestQualityMetricsCollector" name="test_collect_test_metrics_success" time="0.004" /><testcase classname="tests.unit.test_quality_metrics.TestQualityMetricsCollector" name="test_collect_security_metrics_success" time="0.002" /><testcase classname="tests.unit.test_quality_metrics.TestQualityMetricsCollector" name="test_save_metrics_report" time="0.002" /><testcase classname="tests.unit.test_ci_error_handler.TestCIErrorHandler" name="test_handle_stage_error" time="0.262" /><testcase classname="tests.unit.test_quality_errors.TestErrorReporter" name="test_create_error_report" time="0.002" /><testcase classname="tests.unit.test_quality_errors.TestErrorReporter" name="test_save_report" time="0.004" /><testcase classname="tests.unit.test_quality_errors.TestErrorReporter" name="test_format_error_message" time="0.002" /><testcase classname="tests.unit.test_quality_errors.TestErrorReporter" name="test_log_exception" time="0.002" /><testcase classname="tests.unit.test_quality_formatters.TestColoredFormatter" name="test_colored_formatter_creation" time="0.002" /><testcase classname="tests.unit.test_quality_formatters.TestColoredFormatter" name="test_colored_formatter_format" time="0.002" /><testcase classname="tests.unit.test_quality_formatters.TestColoredFormatter" name="test_different_log_levels_colors" time="0.001" /><testcase classname="tests.unit.test_quality_formatters.TestJSONFormatter" name="test_json_formatter_creation" time="0.001" /><testcase classname="tests.unit.test_quality_formatters.TestJSONFormatter" name="test_json_formatter_format" time="0.002" /><testcase classname="tests.unit.test_quality_formatters.TestJSONFormatter" name="test_json_formatter_with_exception" time="0.005" /><testcase classname="tests.unit.test_quality_formatters.TestFormatFunctions" name="test_format_log_message" time="0.002" /><testcase classname="tests.unit.test_safety_check.TestPromptUserAction" name="test_prompt_user_action_continue" time="0.003" /><testcase classname="tests.unit.test_safety_check.TestPromptUserAction" name="test_prompt_user_action_quit" time="0.003" /><testcase classname="tests.unit.test_safety_check.TestPromptUserAction" name="test_prompt_user_action_invalid_then_valid" time="0.005" /><testcase classname="tests.unit.test_safety_check.TestPromptUserAction" name="test_prompt_user_action_uppercase_input" time="0.003" /><testcase classname="tests.unit.test_safety_check.TestPromptUserAction" name="test_prompt_user_action_whitespace_input" time="0.003" /><testcase classname="tests.unit.test_safety_check.TestCreateEmergencyBackup" name="test_create_emergency_backup_success" time="0.004" /><testcase classname="tests.unit.test_safety_check.TestCreateEmergencyBackup" name="test_create_emergency_backup_failure" time="0.002" /><testcase classname="tests.unit.test_safety_check.TestCreateEmergencyBackup" name="test_create_emergency_backup_different_repo_names" time="0.004" /><testcase classname="tests.unit.test_safety_check.TestCreateEmergencyBackup" name="test_create_emergency_backup_exception_handling" time="0.003" /><testcase classname="tests.unit.test_safety_check.TestSafetyCheckEdgeCases" name="test_check_unpushed_changes_with_path_object" time="0.003" /><testcase classname="tests.unit.test_safety_check.TestSafetyCheckEdgeCases" name="test_prompt_user_action_empty_issues_list" time="0.003" /><testcase classname="tests.unit.test_safety_check.TestSafetyCheckEdgeCases" name="test_create_emergency_backup_time_import_in_function" time="0.004" /><testcase classname="tests.unit.test_setup.TestSetupDependencies" name="test_setup_dependencies_success" time="0.002" /><testcase classname="tests.unit.test_interactive_setup.TestSetupWizard" name="test_init" time="0.002" /><testcase classname="tests.unit.test_interactive_setup.TestSetupWizard" name="test_welcome_message" time="0.002" /><testcase classname="tests.unit.test_interactive_setup.TestSetupWizard" name="test_check_prerequisites_success" time="0.002" /><testcase classname="tests.unit.test_interactive_setup.TestSetupWizard" name="test_check_prerequisites_failure" time="0.002" /><testcase classname="tests.unit.test_interactive_setup.TestSetupWizard" name="test_setup_package_managers_success" time="0.003" /><testcase classname="tests.unit.test_interactive_setup.TestSetupWizard" name="test_setup_package_managers_none_available" time="0.003" /><testcase classname="tests.unit.test_config_basic" name="test_main_entry_point" time="0.003" /><testcase classname="tests.unit.test_git_operations.TestGitOperations" name="test_init_with_config" time="0.001" /><testcase classname="tests.unit.test_git_operations.TestGitOperations" name="test_init_without_config" time="0.002" /><testcase classname="tests.unit.test_git_operations.TestGitOperations" name="test_init_with_none_config" time="0.001" /><testcase classname="tests.unit.test_git_operations.TestGitOperations" name="test_is_git_repository_true" time="0.002" /><testcase classname="tests.unit.test_git_operations.TestGitOperations" name="test_is_git_repository_false" time="0.003" /><testcase classname="tests.unit.test_setup.TestSetupDependencies" name="test_setup_dependencies_failure" time="0.002" /><testcase classname="tests.unit.test_utils.TestProcessLockCrossPlatform" name="test_windows_lock_acquire_success" time="0.005" /><testcase classname="tests.unit.test_utils.TestProcessLockCrossPlatform" name="test_windows_lock_acquire_failure" time="0.010" /><testcase classname="tests.unit.test_utils.TestProcessLockCrossPlatform" name="test_unix_lock_acquire_success" time="0.005" /><testcase classname="tests.unit.test_utils.TestProcessLockCrossPlatform" name="test_unix_lock_acquire_failure" time="0.006" /><testcase classname="tests.unit.test_utils.TestProcessLockCrossPlatform" name="test_fallback_lock_acquire_always_succeeds" time="0.005" /><testcase classname="tests.unit.test_git_operations.TestGitOperations" name="test_is_git_repository_with_path_object" time="0.002" /><testcase classname="tests.unit.test_setup.TestCreatePersonalConfig" name="test_create_personal_config_existing_file" time="0.003" /><testcase classname="tests.unit.test_logging_handlers.TestTeeHandler" name="test_tee_handler_set_formatter" time="0.007" /><testcase classname="tests.unit.test_logging_handlers.TestRotatingFileHandler" name="test_rotating_file_handler_creation" time="0.004" /><testcase classname="tests.unit.test_logging_handlers.TestRotatingFileHandler" name="test_rotating_file_handler_directory_creation" time="0.004" /><testcase classname="tests.unit.test_logging_handlers.TestColoredConsoleHandler" name="test_colored_console_handler_creation" time="0.002" /><testcase classname="tests.unit.test_logging_handlers.TestColoredConsoleHandler" name="test_colored_console_handler_with_stream" time="0.002" /><testcase classname="tests.unit.test_quality_metrics.TestQualityMetricsCollector" name="test_save_metrics_report_custom_path" time="0.006" /><testcase classname="tests.unit.test_quality_metrics.TestQualityMetricsCollector" name="test_collect_security_metrics_with_vulnerabilities" time="0.003" /><testcase classname="tests.unit.test_quality_metrics.TestQualityMetricsCollector" name="test_collect_security_metrics_json_decode_error" time="0.004" /><testcase classname="tests.unit.test_quality_metrics.TestQualityMetricsCollector" name="test_collect_security_metrics_file_not_found_error" time="0.003" /><testcase classname="tests.unit.test_quality_metrics.TestQualityMetricsCollector" name="test_collect_all_metrics_integration" time="0.006" /><testcase classname="tests.unit.test_git_operations.TestGitOperations" name="test_clone_repository_success" time="0.001" /><testcase classname="tests.unit.test_git_operations.TestGitOperations" name="test_clone_repository_failure" time="0.001" /><testcase classname="tests.unit.test_git_operations.TestGitOperations" name="test_clone_repository_with_path_object" time="0.001" /><testcase classname="tests.unit.test_git_operations.TestGitOperations" name="test_pull_repository_success" time="0.003" /><testcase classname="tests.unit.test_git_operations.TestGitOperations" name="test_pull_repository_failure" time="0.002" /><testcase classname="tests.unit.test_git_operations.TestGitOperations" name="test_pull_repository_with_path_object" time="0.002" /><testcase classname="tests.unit.test_logging_config.TestLoggingConfig" name="test_is_debug_mode_false" time="0.003" /><testcase classname="tests.unit.test_logging_config.TestLoggingConfig" name="test_is_debug_mode_debug_true" time="0.002" /><testcase classname="tests.unit.test_logging_config.TestLoggingConfig" name="test_is_debug_mode_log_level_debug" time="0.003" /><testcase classname="tests.unit.test_logging_config.TestLoggingConfig" name="test_is_debug_mode_ci_debug" time="0.003" /><testcase classname="tests.unit.test_logging_config.TestLoggingConfig" name="test_is_ci_environment_false" time="0.002" /><testcase classname="tests.unit.test_logging_config.TestLoggingConfig" name="test_is_ci_environment_ci_true" time="0.002" /><testcase classname="tests.unit.test_quality_metrics.TestQualityMetricsCollector" name="test_quality_metrics_edge_cases" time="0.005" /><testcase classname="tests.unit.test_quality_metrics.TestQualityMetricsCollector" name="test_quality_metrics_items_method" time="0.006" /><testcase classname="tests.unit.test_setup.TestCreatePersonalConfig" name="test_create_personal_config_new_file" time="0.003" /><testcase classname="tests.unit.test_setup.TestRunInteractiveSetup" name="test_run_interactive_setup_success" time="0.002" /><testcase classname="tests.unit.test_setup.TestRunInteractiveSetup" name="test_run_interactive_setup_failure" time="0.002" /><testcase classname="tests.unit.test_setup.TestSetupRepositoryEnvironment" name="test_setup_repository_environment_success" time="0.004" /><testcase classname="tests.unit.test_setup.TestSetupRepositoryEnvironment" name="test_setup_repository_environment_missing_token" time="0.003" /><testcase classname="tests.unit.test_logging_handlers.TestHandlerCreationFunctions" name="test_create_file_handler" time="0.002" /><testcase classname="tests.unit.test_logging_handlers.TestHandlerCreationFunctions" name="test_create_file_handler_with_json" time="0.002" /><testcase classname="tests.unit.test_logging_handlers.TestHandlerCreationFunctions" name="test_create_console_handler" time="0.002" /><testcase classname="tests.unit.test_logging_handlers.TestHandlerCreationFunctions" name="test_create_console_handler_json" time="0.001" /><testcase classname="tests.unit.test_logging_handlers.TestHandlerCreationFunctions" name="test_create_console_handler_no_colors" time="0.001" /><testcase classname="tests.unit.test_logging_handlers.TestHandlerCreationFunctions" name="test_create_tee_handler" time="0.001" /><testcase classname="tests.unit.test_logging_handlers.TestHandlerCreationFunctions" name="test_create_ci_handler" time="0.001" /><testcase classname="tests.unit.test_logging_handlers.TestHandlerCreationFunctions" name="test_create_ci_handler_no_json" time="0.002" /><testcase classname="tests.unit.test_logging_handlers.TestHandlerCreationFunctions" name="test_create_development_handler_console_only" time="0.001" /><testcase classname="tests.unit.test_logging_handlers.TestHandlerCreationFunctions" name="test_create_development_handler_with_file" time="0.002" /><testcase classname="tests.unit.test_logging_handlers.TestHandlerCreationFunctions" name="test_create_testing_handler" time="0.001" /><testcase classname="tests.unit.test_migration_checkpoint.TestMigrationCheckpoint" name="test_create_checkpoint_success" time="0.004" /><testcase classname="tests.unit.test_migration_checkpoint.TestMigrationCheckpoint" name="test_create_checkpoint_without_src" time="0.002" /><testcase classname="tests.unit.test_migration_checkpoint.TestMigrationCheckpoint" name="test_rollback_to_checkpoint_success" time="0.004" /><testcase classname="tests.unit.test_migration_checkpoint.TestMigrationCheckpoint" name="test_rollback_to_nonexistent_checkpoint" time="0.002" /><testcase classname="tests.unit.test_migration_checkpoint.TestMigrationCheckpoint" name="test_list_checkpoints" time="0.014" /><testcase classname="tests.unit.test_migration_checkpoint.TestMigrationCheckpoint" name="test_cleanup_checkpoints" time="0.070" /><testcase classname="tests.unit.test_logging_config.TestLoggingConfig" name="test_is_ci_environment_github_actions" time="0.001" /><testcase classname="tests.unit.test_logging_config.TestLoggingConfig" name="test_is_ci_environment_continuous_integration" time="0.002" /><testcase classname="tests.unit.test_logging_config.TestLoggingConfig" name="test_should_use_json_format_false" time="0.002" /><testcase classname="tests.unit.test_logging_config.TestLoggingConfig" name="test_should_use_json_format_ci_json_logs" time="0.002" /><testcase classname="tests.unit.test_logging_config.TestLoggingConfig" name="test_should_use_json_format_json_logs" time="0.001" /><testcase classname="tests.unit.test_logging_config.TestLoggingConfig" name="test_get_log_file_path_default" time="0.002" /><testcase classname="tests.unit.test_logging_config.TestLoggingConfig" name="test_get_log_file_path_custom_dir_unix" time="0.003" /><testcase classname="tests.unit.test_logging_config.TestLoggingConfig" name="test_get_log_file_path_custom_dir_windows" time="0.003" /><testcase classname="tests.unit.test_logging_config.TestLoggingConfig" name="test_get_log_file_path_custom_dir_relative" time="0.002" /><testcase classname="tests.unit.test_logging_config.TestLoggingConfig" name="test_get_log_file_path_ci_environment" time="0.002" /><testcase classname="tests.unit.test_logging_config.TestLoggingConfig" name="test_get_log_file_path_ci_with_log_file" time="0.002" /><testcase classname="tests.unit.test_logging_config.TestLoggingConfig" name="test_configure_for_environment_default" time="0.002" /><testcase classname="tests.unit.test_logging_config.TestLoggingConfig" name="test_configure_for_environment_ci_debug" time="0.297" /><testcase classname="tests.unit.test_platform_ci_integration.TestCIPackageManagerDetection" name="test_package_manager_check_failure" time="0.002" /><testcase classname="tests.unit.test_platform_ci_integration.TestCIPackageManagerDetection" name="test_package_manager_timeout_in_ci" time="0.005" /><testcase classname="tests.unit.test_platform_ci_integration.TestCIErrorHandling" name="test_platform_specific_error_message_windows" time="0.002" /><testcase classname="tests.unit.test_platform_ci_integration.TestCIErrorHandling" name="test_platform_specific_error_message_macos" time="0.002" /><testcase classname="tests.unit.test_platform_ci_integration.TestCIErrorHandling" name="test_ci_environment_error_enhancement" time="0.002" /><testcase classname="tests.unit.test_platform_ci_integration.TestCIDiagnostics" name="test_diagnose_platform_issues_ci_environment" time="0.298" /><testcase classname="tests.unit.test_setup.TestSetupFunctionsEdgeCases" name="test_create_personal_config_wizard_exception" time="0.003" /><testcase classname="tests.unit.test_vscode_setup.TestApplyVscodeTemplate" name="test_dry_run_mode" time="0.002" /><testcase classname="tests.unit.test_setup.TestSetupRepositoryEnvironment" name="test_setup_repository_environment_missing_username" time="0.002" /><testcase classname="tests.unit.test_setup.TestSetupRepositoryEnvironment" name="test_setup_repository_environment_dry_run" time="0.002" /><testcase classname="tests.unit.test_setup.TestSetupRepositoryEnvironment" name="test_setup_repository_environment_custom_config_path" time="0.003" /><testcase classname="tests.unit.test_setup.TestSetupRepositoryEnvironment" name="test_setup_repository_environment_config_file_not_found" time="0.002" /><testcase classname="tests.unit.test_interactive_setup.TestSetupWizard" name="test_setup_package_managers_user_declines" time="0.004" /><testcase classname="tests.unit.test_interactive_setup.TestSetupWizard" name="test_show_prerequisite_help_windows" time="0.002" /><testcase classname="tests.unit.test_interactive_setup.TestSetupWizard" name="test_show_prerequisite_help_linux" time="0.002" /><testcase classname="tests.unit.test_interactive_setup.TestSetupWizard" name="test_show_prerequisite_help_macos" time="0.001" /><testcase classname="tests.unit.test_interactive_setup.TestSetupWizard" name="test_show_prerequisite_help_wsl" time="0.002" /><testcase classname="tests.unit.test_interactive_setup.TestSetupWizard" name="test_check_tool_success" time="0.002" /><testcase classname="tests.unit.test_interactive_setup.TestSetupWizard" name="test_check_tool_failure" time="0.001" /><testcase classname="tests.unit.test_interactive_setup.TestSetupWizard" name="test_check_tool_command_error" time="0.002" /><testcase classname="tests.unit.test_interactive_setup.TestSetupWizard" name="test_install_uv_success" time="0.003" /><testcase classname="tests.unit.test_interactive_setup.TestSetupWizard" name="test_install_uv_fallback_to_pip" time="0.003" /><testcase classname="tests.unit.test_interactive_setup.TestSetupWizard" name="test_install_uv_all_fail" time="0.002" /><testcase classname="tests.unit.test_interactive_setup.TestSetupWizard" name="test_install_gh_success" time="0.002" /><testcase classname="tests.unit.test_interactive_setup.TestSetupWizard" name="test_install_gh_failure" time="0.003" /><testcase classname="tests.unit.test_interactive_setup.TestSetupWizard" name="test_configure_github_existing_credentials" time="0.006" /><testcase classname="tests.unit.test_setup.TestSetupFunctionsEdgeCases" name="test_run_interactive_setup_wizard_exception" time="0.002" /><testcase classname="tests.unit.test_setup.TestSetupFunctionsEdgeCases" name="test_create_personal_config_path_operations" time="0.004" /><testcase classname="tests.unit.test_setup.TestSetupFunctionsEdgeCases" name="test_setup_repository_environment_custom_config_empty_file" time="0.004" /><testcase classname="tests.unit.test_setup.TestSetupFunctionsEdgeCases" name="test_setup_repository_environment_boolean_dry_run_validation" time="0.005" /><testcase classname="tests.unit.test_setup_validators.TestSetupValidator" name="test_validator_creation" time="0.002" /><testcase classname="tests.unit.test_setup_validators.TestSetupValidator" name="test_get_errors" time="0.002" /><testcase classname="tests.unit.test_python_env.TestSetupPythonEnvironment" name="test_setup_python_environment_dry_run" time="0.003" /><testcase classname="tests.unit.test_python_env.TestSetupPythonEnvironment" name="test_setup_python_environment_with_uv" time="0.003" /><testcase classname="tests.unit.test_python_env.TestSetupPythonEnvironment" name="test_setup_python_environment_with_venv" time="0.003" /><testcase classname="tests.unit.test_python_env.TestSetupWithUv" name="test_setup_with_uv_pyproject_toml_with_lock" time="0.004" /><testcase classname="tests.unit.test_python_env.TestSetupWithUv" name="test_setup_with_uv_pyproject_toml_without_lock" time="0.003" /><testcase classname="tests.unit.test_python_env.TestSetupWithUv" name="test_setup_with_uv_requirements_txt" time="0.004" /><testcase classname="tests.unit.test_python_env.TestSetupWithUv" name="test_setup_with_uv_failure_fallback_to_venv" time="0.003" /><testcase classname="tests.unit.test_python_env.TestSetupWithUv" name="test_setup_with_uv_no_python_files" time="0.003" /><testcase classname="tests.unit.test_python_env.TestSetupWithVenv" name="test_setup_with_venv_success_unix" time="0.004" /><testcase classname="tests.unit.test_python_env.TestSetupWithVenv" name="test_setup_with_venv_success_windows" time="0.005" /><testcase classname="tests.unit.test_python_env.TestSetupWithVenv" name="test_setup_with_venv_no_requirements" time="0.004" /><testcase classname="tests.unit.test_python_env.TestSetupWithVenv" name="test_setup_with_venv_failure" time="0.002" /><testcase classname="tests.unit.test_ci_error_handler.TestCIErrorHandlerEdgeCases" name="test_ci_environment_info_integration" time="0.070" /><testcase classname="tests.unit.test_vscode_setup.TestApplyVscodeTemplate" name="test_dry_run_mode_with_different_repo_names" time="0.002" /><testcase classname="tests.unit.test_utils.TestProcessLockCrossPlatform" name="test_windows_lock_release" time="0.005" /><testcase classname="tests.unit.test_github_api.TestGetAuthenticatedUser" name="test_get_authenticated_user_success" time="0.005" /><testcase classname="tests.unit.test_github_api.TestGetAuthenticatedUser" name="test_get_authenticated_user_http_error" time="0.004" /><testcase classname="tests.unit.test_github_api.TestGetAuthenticatedUser" name="test_get_authenticated_user_network_error" time="0.003" /><testcase classname="tests.unit.test_github_api.TestGetAuthenticatedUser" name="test_get_authenticated_user_invalid_json" time="0.003" /><testcase classname="tests.unit.test_github_api.TestGetAuthenticatedUser" name="test_get_authenticated_user_missing_login" time="0.018" /><testcase classname="tests.unit.test_github_api.TestEdgeCases" name="test_get_repositories_pagination" time="0.007" /><testcase classname="tests.unit.test_github_api.TestEdgeCases" name="test_github_api_headers_format" time="0.003" /><testcase classname="tests.unit.test_github_api.TestEdgeCases" name="test_get_user_repos_empty_response" time="0.002" /><testcase classname="tests.unit.test_github_api.TestEdgeCases" name="test_get_user_info_malformed_json" time="0.003" /><testcase classname="tests.unit.test_github_api.TestEdgeCases" name="test_get_user_repos_malformed_json" time="0.003" /><testcase classname="tests.unit.test_github_api.TestEdgeCases" name="test_get_user_repos_403_rate_limit" time="0.003" /><testcase classname="tests.unit.test_github_api.TestEdgeCases" name="test_get_user_info_500_server_error" time="0.003" /><testcase classname="tests.unit.test_github_api.TestEdgeCases" name="test_get_user_repos_timeout_error" time="0.004" /><testcase classname="tests.unit.test_github_api.TestEdgeCases" name="test_github_api_init_with_whitespace_token" time="0.003" /><testcase classname="tests.unit.test_github_api.TestEdgeCases" name="test_github_api_init_with_whitespace_username" time="0.002" /><testcase classname="tests.unit.test_github_api.TestEdgeCases" name="test_github_api_init_with_none_values" time="0.002" /><testcase classname="tests.unit.test_github_api.TestGetRepositoriesAdvanced" name="test_get_repositories_auth_user_none" time="0.005" /><testcase classname="tests.unit.test_python_env.TestEdgeCases" name="test_has_python_project_with_path_object" time="0.002" /><testcase classname="tests.unit.test_python_env.TestEdgeCases" name="test_setup_python_environment_with_path_object" time="0.002" /><testcase classname="tests.unit.test_quality_collectors.TestQualityToolCollector" name="test_collector_creation" time="0.001" /><testcase classname="tests.unit.test_quality_collectors.TestQualityToolCollector" name="test_collector_with_custom_params" time="0.002" /><testcase classname="tests.unit.test_quality_collectors.TestCollectRuffMetrics" name="test_collect_ruff_metrics_success" time="0.003" /><testcase classname="tests.unit.test_quality_collectors.TestCollectRuffMetrics" name="test_collect_ruff_metrics_with_issues" time="0.003" /><testcase classname="tests.unit.test_quality_collectors.TestCollectRuffMetrics" name="test_collect_ruff_metrics_subprocess_error" time="0.008" /><testcase classname="tests.unit.test_quality_collectors.TestCollectRuffMetrics" name="test_collect_ruff_metrics_json_error" time="0.004" /><testcase classname="tests.unit.test_github_api.TestGetRepositoriesAdvanced" name="test_get_repositories_case_insensitive_user_match" time="0.004" /><testcase classname="tests.unit.test_github_api.TestGetRepositoriesAdvanced" name="test_get_repositories_json_decode_error" time="0.009" /><testcase classname="tests.unit.test_github_api.TestGetRepositoriesAdvanced" name="test_get_repositories_second_page_error" time="0.003" /><testcase classname="tests.unit.test_setup_validators.TestSetupValidator" name="test_clear_errors" time="0.002" /><testcase classname="tests.unit.test_setup_validators.TestValidateGithubCredentials" name="test_validate_github_credentials_both_present" time="0.004" /><testcase classname="tests.unit.test_interactive_setup.TestSetupWizard" name="test_configure_github_missing_username" time="0.003" /><testcase classname="tests.unit.test_interactive_setup.TestSetupWizard" name="test_configure_github_missing_token_with_gh_auth" time="0.004" /><testcase classname="tests.unit.test_interactive_setup.TestSetupWizard" name="test_configure_workspace_default" time="0.002" /><testcase classname="tests.unit.test_git_operations.TestChooseCloneUrl" name="test_choose_clone_url_https_forced" time="0.001" /><testcase classname="tests.unit.test_git_operations.TestChooseCloneUrl" name="test_choose_clone_url_ssh_available" time="0.003" /><testcase classname="tests.unit.test_git_operations.TestChooseCloneUrl" name="test_choose_clone_url_ssh_connection_success" time="0.002" /><testcase classname="tests.unit.test_git_operations.TestChooseCloneUrl" name="test_choose_clone_url_ssh_timeout" time="0.003" /><testcase classname="tests.unit.test_github_api.TestGetRepositoriesAdvanced" name="test_get_repositories_url_validation" time="0.003" /><testcase classname="tests.unit.test_quality_collectors.TestCollectMypyMetrics" name="test_collect_mypy_metrics_success" time="0.002" /><testcase classname="tests.unit.test_utils.TestProcessLockCrossPlatform" name="test_unix_lock_release" time="0.007" /><testcase classname="tests.unit.test_setup_validators.TestValidateGithubCredentials" name="test_validate_github_credentials_missing" time="0.003" /><testcase classname="tests.unit.test_setup.TestSetupRepositoryEnvironment" name="test_setup_repository_environment_platform_error" time="0.002" /><testcase classname="tests.unit.test_setup_validators.TestValidateDirectoryPath" name="test_validate_directory_path_empty" time="0.002" /><testcase classname="tests.unit.test_setup_validators.TestValidateDirectoryPath" name="test_validate_directory_path_existing" time="0.003" /><testcase classname="tests.unit.test_setup_validators.TestValidateDirectoryPath" name="test_validate_directory_path_new" time="0.002" /><testcase classname="tests.unit.test_setup_validators.TestValidateDirectoryPath" name="test_validate_directory_path_invalid_parent" time="0.001" /><testcase classname="tests.unit.test_setup_validators.TestValidateDirectoryPath" name="test_validate_directory_path_file_exists" time="0.002" /><testcase classname="tests.unit.test_setup_validators.TestValidateSetupPrerequisites" name="test_validate_setup_prerequisites_all_good" time="0.002" /><testcase classname="tests.unit.test_setup_validators.TestValidateSetupPrerequisites" name="test_validate_setup_prerequisites_old_python" time="0.001" /><testcase classname="tests.unit.test_setup_validators.TestValidateSetupPrerequisites" name="test_validate_setup_prerequisites_no_git" time="0.001" /><testcase classname="tests.unit.test_setup_validators.TestValidateSetupPrerequisites" name="test_validate_setup_prerequisites_warnings_only" time="0.003" /><testcase classname="tests.unit.test_setup_validators.TestCheckSystemRequirements" name="test_check_system_requirements_basic" time="0.002" /><testcase classname="tests.unit.test_setup_validators.TestCheckSystemRequirements" name="test_check_system_requirements_disk_space" time="0.001" /><testcase classname="tests.unit.test_setup_validators.TestCheckSystemRequirements" name="test_check_system_requirements_low_disk_space" time="0.001" /><testcase classname="tests.unit.test_setup_validators.TestValidateUserInput" name="test_validate_user_input_string" time="0.002" /><testcase classname="tests.unit.test_setup_validators.TestValidateUserInput" name="test_validate_user_input_empty_required" time="0.002" /><testcase classname="tests.unit.test_setup_validators.TestValidateUserInput" name="test_validate_user_input_empty_with_default" time="0.001" /><testcase classname="tests.unit.test_setup_validators.TestValidateUserInput" name="test_validate_user_input_boolean_yes" time="0.002" /><testcase classname="tests.unit.test_setup_validators.TestValidateUserInput" name="test_validate_user_input_boolean_no" time="0.001" /><testcase classname="tests.unit.test_setup_validators.TestValidateUserInput" name="test_validate_user_input_boolean_invalid" time="0.001" /><testcase classname="tests.unit.test_setup_validators.TestValidateUserInput" name="test_validate_user_input_path" time="0.001" /><testcase classname="tests.unit.test_quality_formatters.TestFormatFunctions" name="test_add_color_codes" time="0.002" /><testcase classname="tests.unit.test_quality_collectors.TestCollectMypyMetrics" name="test_collect_mypy_metrics_with_errors" time="0.002" /><testcase classname="tests.unit.test_quality_collectors.TestCollectMypyMetrics" name="test_collect_mypy_metrics_subprocess_error" time="0.002" /><testcase classname="tests.unit.test_setup.TestSetupRepositoryEnvironment" name="test_setup_repository_environment_github_api_error" time="0.002" /><testcase classname="tests.unit.test_setup.TestSetupRepositoryEnvironment" name="test_setup_repository_environment_no_clone_destination" time="0.002" /><testcase classname="tests.unit.test_setup.TestEdgeCases" name="test_setup_repository_environment_invalid_json" time="0.003" /><testcase classname="tests.unit.test_setup.TestEdgeCases" name="test_setup_repository_environment_empty_config_values" time="0.002" /><testcase classname="tests.unit.test_setup.TestEdgeCases" name="test_setup_repository_environment_none_config_values" time="0.002" /><testcase classname="tests.unit.test_vscode_setup.TestApplyVscodeTemplate" name="test_no_template_exists" time="0.001" /><testcase classname="tests.unit.test_utils.TestProcessLockCrossPlatform" name="test_lock_implementation_availability_checks" time="0.002" /><testcase classname="tests.unit.test_github_api.TestGetAuthenticatedUserAdvanced" name="test_get_authenticated_user_empty_response" time="0.002" /><testcase classname="tests.unit.test_github_api.TestGetAuthenticatedUserAdvanced" name="test_get_authenticated_user_url_validation" time="0.003" /><testcase classname="tests.unit.test_github_api.TestGetAuthenticatedUserAdvanced" name="test_get_authenticated_user_headers_validation" time="0.002" /><testcase classname="tests.unit.test_vscode_setup.TestApplyVscodeTemplate" name="test_fallback_to_linux_template" time="0.002" /><testcase classname="tests.unit.test_vscode_setup.TestApplyVscodeTemplate" name="test_successful_template_application" time="0.002" /><testcase classname="tests.unit.test_vscode_setup.TestApplyVscodeTemplate" name="test_copytree_failure" time="0.002" /><testcase classname="tests.unit.test_vscode_setup.TestApplyVscodeTemplate" name="test_existing_vscode_directory_backup" time="0.002" /><testcase classname="tests.unit.test_vscode_setup.TestApplyVscodeTemplate" name="test_backup_move_failure" time="0.002" /><testcase classname="tests.unit.test_vscode_setup.TestApplyVscodeTemplate" name="test_different_platforms[windows]" time="0.002" /><testcase classname="tests.unit.test_vscode_setup.TestApplyVscodeTemplate" name="test_different_platforms[linux]" time="0.002" /><testcase classname="tests.unit.test_vscode_setup.TestApplyVscodeTemplate" name="test_different_platforms[wsl]" time="0.002" /><testcase classname="tests.unit.test_vscode_setup.TestApplyVscodeTemplate" name="test_various_exception_types[exception0]" time="0.002" /><testcase classname="tests.unit.test_vscode_setup.TestApplyVscodeTemplate" name="test_various_exception_types[exception1]" time="0.004" /><testcase classname="tests.unit.test_vscode_setup.TestApplyVscodeTemplate" name="test_various_exception_types[exception2]" time="0.003" /><testcase classname="tests.unit.test_vscode_setup.TestApplyVscodeTemplate" name="test_various_exception_types[exception3]" time="0.003" /><testcase classname="tests.unit.test_vscode_setup.TestApplyVscodeTemplate" name="test_various_exception_types[exception4]" time="0.003" /><testcase classname="tests.unit.test_vscode_setup.TestApplyVscodeTemplate" name="test_path_construction_and_repo_name_extraction" time="0.003" /><testcase classname="tests.unit.test_vscode_setup.TestApplyVscodeTemplate" name="test_template_path_resolution" time="0.002" /><testcase classname="tests.unit.test_vscode_setup.TestApplyVscodeTemplate" name="test_multiple_backup_scenarios" time="0.004" /><testcase classname="tests.unit.test_vscode_setup.TestApplyVscodeTemplate" name="test_edge_case_empty_repo_name" time="0.002" /><testcase classname="tests.unit.test_vscode_setup.TestApplyVscodeTemplate" name="test_script_directory_resolution" time="0.002" /><testcase classname="tests.unit.test_vscode_setup.TestApplyVscodeTemplate" name="test_console_output_formatting" time="0.002" /><testcase classname="tests.unit.test_quality_formatters.TestFormatFunctions" name="test_strip_color_codes" time="0.002" /><testcase classname="tests.unit.test_gitignore_manager.TestGitignoreManager" name="test_init_with_default_templates_dir" time="0.002" /><testcase classname="tests.unit.test_quality_collectors.TestCollectPytestMetrics" name="test_collect_pytest_metrics_success" time="0.002" /><testcase classname="tests.unit.test_quality_collectors.TestCollectPytestMetrics" name="test_collect_pytest_metrics_with_failures" time="0.002" /><testcase classname="tests.unit.test_quality_collectors.TestCollectPytestMetrics" name="test_collect_pytest_metrics_parallel" time="0.029" /><testcase classname="tests.unit.test_gitignore_manager.TestGitignoreManager" name="test_init_with_custom_templates_dir" time="0.001" /><testcase classname="tests.unit.test_setup_validators.TestValidateUserInput" name="test_validate_user_input_keyboard_interrupt" time="0.001" /><testcase classname="tests.unit.test_setup_validators.TestValidateUserInput" name="test_validate_user_input_unknown_type" time="0.001" /><testcase classname="tests.unit.test_utils.TestProcessLock" name="test_process_lock_initialization" time="0.002" /><testcase classname="tests.unit.test_utils.TestProcessLock" name="test_acquire_lock_success" time="0.002" /><testcase classname="tests.unit.test_utils.TestProcessLock" name="test_acquire_lock_creates_parent_directory" time="0.003" /><testcase classname="tests.unit.test_quality_formatters.TestFormatFunctions" name="test_format_metrics_summary" time="0.002" /><testcase classname="tests.unit.test_quality_formatters.TestFormatFunctions" name="test_format_quality_check_result_success" time="0.008" /><testcase classname="tests.unit.test_gitignore_manager.TestGitignoreManager" name="test_get_available_templates" time="0.004" /><testcase classname="tests.unit.test_migration_checkpoint.TestMigrationCheckpoint" name="test_get_checkpoint_info" time="0.002" /><testcase classname="tests.unit.test_migration_checkpoint.TestMigrationCheckpoint" name="test_get_nonexistent_checkpoint_info" time="0.003" /><testcase classname="tests.unit.test_migration_checkpoint.TestMigrationCheckpoint" name="test_create_checkpoint_error_handling" time="0.003" /><testcase classname="tests.unit.test_quality_formatters.TestFormatFunctions" name="test_format_quality_check_result_failure" time="0.001" /><testcase classname="tests.unit.test_quality_formatters.TestFormatFunctions" name="test_format_quality_check_result_no_errors" time="0.001" /><testcase classname="tests.unit.test_quality_logger.TestQualityCheckErrors" name="test_quality_check_error_creation" time="0.001" /><testcase classname="tests.unit.test_quality_logger.TestQualityCheckErrors" name="test_ruff_error_creation" time="0.002" /><testcase classname="tests.unit.test_quality_logger.TestQualityCheckErrors" name="test_mypy_error_creation" time="0.002" /><testcase classname="tests.unit.test_quality_logger.TestQualityCheckErrors" name="test_test_failure_error_creation" time="0.001" /><testcase classname="tests.unit.test_quality_logger.TestQualityCheckErrors" name="test_coverage_error_creation" time="0.001" /><testcase classname="tests.unit.test_quality_logger.TestQualityCheckErrors" name="test_security_scan_error_creation" time="0.001" /><testcase classname="tests.unit.test_quality_logger.TestQualityLogger" name="test_logger_creation" time="0.001" /><testcase classname="tests.unit.test_quality_logger.TestQualityLogger" name="test_logger_with_file_output" time="0.003" /><testcase classname="tests.unit.test_quality_logger.TestQualityLogger" name="test_json_format_logging" time="0.002" /><testcase classname="tests.unit.test_quality_logger.TestQualityLogger" name="test_quality_check_logging" time="0.002" /><testcase classname="tests.unit.test_quality_logger.TestQualityLogger" name="test_metrics_summary_logging" time="0.001" /><testcase classname="tests.unit.test_quality_logger.TestQualityLogger" name="test_ci_stage_logging" time="0.002" /><testcase classname="tests.unit.test_quality_logger.TestQualityLogger" name="test_error_with_context_logging" time="0.002" /><testcase classname="tests.unit.test_quality_metrics.TestQualityMetricsCollector" name="test_quality_metrics_to_dict_method" time="0.004" /><testcase classname="tests.unit.test_quality_metrics.TestQualityMetricsCollector" name="test_get_current_commit_hash_error" time="0.001" /><testcase classname="tests.unit.test_quality_metrics.TestQualityMetricsCollector" name="test_get_current_commit_hash_file_not_found" time="0.001" /><testcase classname="tests.unit.test_quality_metrics.TestQualityMetricsCollector" name="test_quality_metrics_custom_min_coverage" time="0.004" /><testcase classname="tests.unit.test_quality_metrics.TestQualityMetricsCollector" name="test_collect_test_metrics_with_parallel_workers" time="0.003" /><testcase classname="tests.unit.test_quality_trends.TestTrendDataPoint" name="test_trend_data_point_initialization" time="0.001" /><testcase classname="tests.unit.test_quality_trends.TestTrendDataPoint" name="test_from_metrics" time="0.001" /><testcase classname="tests.unit.test_quality_trends.TestQualityTrendManager" name="test_trend_manager_initialization" time="0.002" /><testcase classname="tests.unit.test_quality_trends.TestQualityTrendManager" name="test_load_trend_data_empty" time="0.002" /><testcase classname="tests.unit.test_quality_trends.TestQualityTrendManager" name="test_load_trend_data_with_data" time="0.002" /><testcase classname="tests.unit.test_quality_trends.TestQualityTrendManager" name="test_save_trend_data" time="0.002" /><testcase classname="tests.unit.test_quality_trends.TestQualityTrendManager" name="test_add_data_point_new" time="0.002" /><testcase classname="tests.unit.test_quality_trends.TestQualityTrendManager" name="test_add_data_point_update_existing" time="0.002" /><testcase classname="tests.unit.test_quality_trends.TestQualityTrendManager" name="test_analyze_trend_no_data" time="0.001" /><testcase classname="tests.unit.test_utils.TestProcessLockCrossPlatform" name="test_wsl_detection" time="0.010" /><testcase classname="tests.unit.test_migration_checkpoint.TestMigrationCheckpoint" name="test_metadata_file_corruption_handling" time="0.004" /><testcase classname="tests.unit.test_migration_checkpoint.TestMigrationErrorHandling" name="test_handle_migration_error_success" time="0.002" /><testcase classname="tests.unit.test_utils.TestProcessLockCrossPlatform" name="test_concurrent_lock_access_simulation" time="0.005" /><testcase classname="tests.unit.test_utils.TestProcessLockCrossPlatform" name="test_error_conditions_and_fallback_mechanisms" time="0.003" /><testcase classname="tests.unit.test_migration_checkpoint.TestMigrationErrorHandling" name="test_handle_migration_error_rollback_failure" time="0.002" /><testcase classname="tests.unit.test_gitignore_manager.TestGitignoreManager" name="test_load_template" time="0.002" /><testcase classname="tests.unit.test_gitignore_manager.TestGitignoreManager" name="test_load_nonexistent_template" time="0.002" /><testcase classname="tests.unit.test_gitignore_manager.TestGitignoreManager" name="test_setup_gitignore_from_templates" time="0.002" /><testcase classname="tests.unit.test_gitignore_manager.TestGitignoreManager" name="test_protection_mode_functionality" time="0.002" /><testcase classname="tests.unit.test_gitignore_manager.TestGitignoreManager" name="test_setup_gitignore_dry_run" time="0.002" /><testcase classname="tests.unit.test_vscode_setup.TestApplyVscodeTemplate" name="test_backup_console_output" time="0.004" /><testcase classname="tests.unit.test_vscode_setup.TestApplyVscodeTemplate" name="test_template_fallback_logic" time="0.002" /><testcase classname="tests.unit.test_vscode_setup.TestApplyVscodeTemplate" name="test_real_world_scenario_success" time="0.003" /><testcase classname="tests.unit.test_utils.TestProcessLock" name="test_acquire_lock_failure_already_locked" time="0.003" /><testcase classname="tests.unit.test_migration_checkpoint.TestMigrationCheckpointIntegration" name="test_full_migration_workflow" time="0.012" /><testcase classname="tests.unit.test_utils.TestProcessLock" name="test_release_lock" time="0.002" /><testcase classname="tests.unit.test_gitignore_manager.TestGitignoreManager" name="test_get_current_entries" time="0.001" /><testcase classname="tests.unit.test_ci_error_handler.TestCIErrorHandlerEdgeCases" name="test_error_reporter_integration_advanced" time="0.070" /><testcase classname="tests.unit.test_utils.TestProcessLockCrossPlatform" name="test_platform_specific_error_handling" time="0.010" /><testcase classname="tests.unit.test_utils.TestProcessLockCrossPlatform" name="test_lock_implementation_interface_compliance" time="0.002" /><testcase classname="tests.unit.test_utils.TestTeeLogger" name="test_tee_logger_initialization_without_log_file" time="0.001" /><testcase classname="tests.unit.test_utils.TestTeeLogger" name="test_tee_logger_initialization_with_log_file" time="0.007" /><testcase classname="tests.unit.test_utils.TestTeeLogger" name="test_tee_logger_setup_creates_parent_directory" time="0.002" /><testcase classname="tests.unit.test_utils.TestTeeLogger" name="test_tee_logger_stdout_redirection" time="0.001" /><testcase classname="tests.unit.test_utils.TestTeeLogger" name="test_tee_logger_stderr_redirection" time="0.002" /><testcase classname="tests.unit.test_utils.TestTeeLogger" name="test_tee_logger_write_to_both_outputs" time="0.001" /><testcase classname="tests.unit.test_utils.TestTeeLogger" name="test_tee_logger_close_restores_original_streams" time="0.001" /><testcase classname="tests.unit.test_gitignore_manager.TestGitignoreManager" name="test_add_entries" time="0.002" /><testcase classname="tests.unit.test_gitignore_manager.TestGitignoreManager" name="test_add_duplicate_entries" time="0.001" /><testcase classname="tests.unit.test_quality_collectors.TestCollectPytestMetrics" name="test_collect_pytest_metrics_subprocess_error" time="0.003" /><testcase classname="tests.unit.test_quality_collectors.TestCollectCoverageMetrics" name="test_collect_coverage_metrics_success" time="0.001" /><testcase classname="tests.unit.test_utils.TestTeeLogger" name="test_tee_logger_setup_error_handling" time
[...]
b_annotation_with_file_and_line" time="0.081" /><testcase classname="tests.unit.test_ci_error_handler.TestCIErrorHandlerAdvanced" name="test_set_exit_code_no_errors" time="0.096" /><testcase classname="tests.unit.test_ci_error_handler.TestCIEnvironmentInfoAdvanced" name="test_get_github_actions_info_no_env_vars" time="0.001" /><testcase classname="tests.unit.test_ci_error_handler.TestCIEnvironmentInfoAdvanced" name="test_get_dependency_info_command_not_found" time="0.001" /><testcase classname="tests.unit.test_ci_error_handler.TestCIEnvironmentInfoAdvanced" name="test_get_dependency_info_all_commands_fail" time="0.001" /><testcase classname="tests.unit.test_platform_detector.TestPlatformDetectorClass" name="test_get_platform_info_caching" time="0.001" /><testcase classname="tests.unit.test_ci_error_handler.TestCIEnvironmentInfoAdvanced" name="test_get_system_info_structure" time="0.006" /><testcase classname="tests.unit.test_platform_detector.TestEdgeCasesAndErrorHandling" name="test_check_package_manager_with_empty_string" time="0.001" /><testcase classname="tests.unit.test_platform_detector.TestEdgeCasesAndErrorHandling" name="test_check_package_manager_with_none" time="0.001" /><testcase classname="tests.unit.test_platform_detector.TestEdgeCasesAndErrorHandling" name="test_get_available_package_managers_with_exception" time="0.001" /><testcase classname="tests.unit.test_ci_error_handler.TestCIEnvironmentInfoAdvanced" name="test_get_github_actions_info_complete" time="0.001" /><testcase classname="tests.unit.test_cli.TestSetupCli" name="test_setup_cli_success" time="0.001" /><testcase classname="tests.unit.test_platform_detector.TestEdgeCasesAndErrorHandling" name="test_detect_platform_robustness" time="0.001" /><testcase classname="tests.unit.test_cli.TestSetupCli" name="test_setup_cli_failure" time="0.001" /><testcase classname="tests.unit.test_platform_detector.TestEdgeCasesAndErrorHandling" name="test_wsl_detection_with_actual_environment" time="0.001" /><testcase classname="tests.unit.test_platform_detector.TestEdgeCasesAndErrorHandling" name="test_linux_platform_detection_robustness" time="0.001" /><testcase classname="tests.unit.test_cli.TestSetupCli" name="test_setup_cli_exception" time="0.001" /><testcase classname="tests.unit.test_platform_detector.TestEdgeCasesAndErrorHandling" name="test_platform_info_immutability" time="0.001" /><testcase classname="tests.unit.test_cli.TestSyncCli" name="test_sync_cli_basic" time="0.001" /><testcase classname="tests.unit.test_cli.TestSyncCli" name="test_sync_cli_with_args_override" time="0.001" /><testcase classname="tests.unit.test_platform_detector.TestEdgeCasesAndErrorHandling" name="test_get_install_commands_command_structure" time="0.001" /><testcase classname="tests.unit.test_platform_detector.TestEdgeCasesAndErrorHandling" name="test_platform_detector_multiple_instances" time="0.000" /><testcase classname="tests.unit.test_platform_precommit.TestPrecommitPlatformDetection" name="test_wsl_detection_in_precommit_environment" time="0.004" /><testcase classname="tests.unit.test_cli.TestSyncCli" name="test_sync_cli_config_fallback" time="0.001" /><testcase classname="tests.unit.test_cli.TestSyncCli" name="test_sync_cli_exception" time="0.001" /><testcase classname="tests.unit.test_cli.TestQualityCli" name="test_quality_cli_basic" time="0.004" /><testcase classname="tests.unit.test_platform_ci_integration.TestCIDiagnostics" name="test_diagnose_platform_issues_recommendations" time="0.057" /><testcase classname="tests.unit.test_platform_precommit.TestPrecommitPlatformDetection" name="test_linux_detection_in_precommit_environment" time="0.004" /><testcase classname="tests.unit.test_cli.TestQualityCli" name="test_quality_cli_with_trend_save" time="0.006" /><testcase classname="tests.unit.test_platform_precommit.TestPrecommitPlatformDetection" name="test_platform_detector_precommit_environment_detection" time="0.003" /><testcase classname="tests.unit.test_platform_precommit.TestPrecommitPlatformDetection" name="test_ci_vs_precommit_wsl_detection" time="0.008" /><testcase classname="tests.unit.test_cli.TestQualityCli" name="test_quality_cli_exception" time="0.002" /><testcase classname="tests.unit.test_ci_environment.TestCIEnvironmentInfo" name="test_detect_ci_environment_circleci" time="0.002" /><testcase classname="tests.unit.test_project_detector.TestProjectDetector" name="test_detect_python_project" time="0.009" /><testcase classname="tests.unit.test_ci_environment.TestCIEnvironmentInfo" name="test_detect_ci_environment_travis" time="0.002" /><testcase classname="tests.unit.test_ci_environment.TestCIEnvironmentInfo" name="test_detect_ci_environment_generic_ci" time="0.002" /><testcase classname="tests.unit.test_ci_environment.TestCIEnvironmentInfo" name="test_detect_ci_environment_local" time="0.002" /><testcase classname="tests.unit.test_project_detector.TestProjectDetector" name="test_detect_node_project" time="0.005" /><testcase classname="tests.unit.test_ci_environment.TestCIEnvironmentInfo" name="test_is_ci_environment_true" time="0.003" /><testcase classname="tests.unit.test_ci_error_handler.TestCIErrorHandlerEdgeCases" name="test_error_handler_creation_with_default_values" time="0.143" /><testcase classname="tests.unit.test_ci_error_handler.TestCIErrorHandlerEdgeCases" name="test_handle_stage_error_without_context" time="0.460" /><testcase classname="tests.unit.test_ci_error_handler.TestCIErrorHandlerAdvanced" name="test_handle_stage_error_with_context" time="0.443" /><testcase classname="tests.unit.test_project_detector.TestProjectDetector" name="test_detect_multiple_project_types" time="0.008" /><testcase classname="tests.unit.test_ci_environment.TestCIEnvironmentInfo" name="test_is_ci_environment_false" time="0.003" /><testcase classname="tests.unit.test_github_api.TestGitHubAPI" name="test_get_user_repos_http_error" time="0.003" /><testcase classname="tests.unit.test_ci_environment.TestCIEnvironmentInfo" name="test_get_github_actions_info" time="0.002" /><testcase classname="tests.unit.test_github_api.TestGitHubAPI" name="test_get_user_repos_network_error" time="0.002" /><testcase classname="tests.unit.test_ci_environment.TestCIEnvironmentInfo" name="test_get_ci_metadata_github_actions" time="0.002" /><testcase classname="tests.unit.test_project_detector.TestProjectDetector" name="test_detect_tools" time="0.004" /><testcase classname="tests.unit.test_github_api.TestGetRepositories" name="test_get_repositories_no_token" time="0.007" /><testcase classname="tests.unit.test_ci_environment.TestCIEnvironmentInfo" name="test_get_ci_metadata_gitlab_ci" time="0.001" /><testcase classname="tests.unit.test_ci_environment.TestCIEnvironmentInfo" name="test_get_ci_metadata_unknown" time="0.001" /><testcase classname="tests.unit.test_git_operations.TestCloneRepository" name="test_clone_repository_success" time="0.002" /><testcase classname="tests.unit.test_platform_ci_integration.TestCILoggingConfiguration" name="test_ci_environment_detection_in_logging" time="0.002" /><testcase classname="tests.unit.test_github_api.TestGitHubAPI" name="test_get_user_info_success" time="0.003" /><testcase classname="tests.unit.test_logging_config.TestLoggingConfig" name="test_get_debug_context" time="0.002" /><testcase classname="tests.unit.test_platform_ci_integration.TestCILoggingConfiguration" name="test_json_format_in_ci" time="0.002" /><testcase classname="tests.unit.test_ci_environment.TestCIEnvironmentInfo" name="test_collect_environment_vars" time="0.006" /><testcase classname="tests.unit.test_logging_config.TestLoggingConfig" name="test_get_log_file_path_cross_platform_compatibility" time="0.002" /><testcase classname="tests.unit.test_platform_ci_integration.TestCILoggingConfiguration" name="test_debug_mode_in_ci" time="0.001" /><testcase classname="tests.unit.test_github_api.TestGitHubAPI" name="test_get_user_info_401_error" time="0.002" /><testcase classname="tests.unit.test_git_operations.TestCloneRepository" name="test_clone_repository_dry_run" time="0.002" /><testcase classname="tests.unit.test_github_api.TestGetRepositories" name="test_get_repositories_with_token_same_user" time="0.004" /><testcase classname="tests.unit.test_platform_ci_integration.TestCILoggingConfiguration" name="test_log_file_path_in_ci" time="0.002" /><testcase classname="tests.unit.test_logging_config.TestLoggingConfig" name="test_get_log_file_path_environment_variables_mock" time="0.002" /><testcase classname="tests.unit.test_git_operations.TestCloneRepository" name="test_clone_repository_failure" time="0.001" /><testcase classname="tests.unit.test_platform_detector.TestPlatformInfo" name="test_platform_info_creation" time="0.001" /><testcase classname="tests.unit.test_github_api.TestGetRepositories" name="test_get_repositories_with_token_different_user" time="0.003" /><testcase classname="tests.unit.test_github_api.TestGitHubAPI" name="test_get_user_info_403_error" time="0.002" /><testcase classname="tests.unit.test_git_operations.TestAutoStashChanges" name="test_auto_stash_changes_with_changes" time="0.001" /><testcase classname="tests.unit.test_git_operations.TestAutoStashChanges" name="test_auto_stash_changes_no_changes" time="0.001" /><testcase classname="tests.unit.test_ci_environment.TestCIEnvironmentInfo" name="test_get_system_info_success" time="0.002" /><testcase classname="tests.unit.test_platform_detector.TestPlatformInfo" name="test_platform_info_equality" time="0.001" /><testcase classname="tests.unit.test_platform_detector.TestPlatformInfo" name="test_platform_info_inequality" time="0.000" /><testcase classname="tests.unit.test_github_api.TestGitHubAPI" name="test_get_user_info_404_error" time="0.002" /><testcase classname="tests.unit.test_ci_environment.TestCIEnvironmentInfo" name="test_get_system_info_git_error" time="0.002" /><testcase classname="tests.unit.test_git_operations.TestAutoStashChanges" name="test_auto_stash_changes_git_error" time="0.001" /><testcase classname="tests.unit.test_git_operations.TestAutoStashChanges" name="test_auto_stash_changes_stash_error" time="0.001" /><testcase classname="tests.unit.test_platform_detector.TestDetectPlatform" name="test_detect_windows_platform" time="0.001"><skipped type="pytest.skip" message="Windows環境でのみ実行">/home/hiro/workspace/Setup-Repository/tests/unit/test_platform_detector.py:96: Windows環境でのみ実行</skipped></testcase><testcase classname="tests.unit.test_platform_detector.TestDetectPlatform" name="test_detect_windows_platform_by_os_name" time="0.001"><skipped type="pytest.skip" message="Windows環境でのみ実行">/home/hiro/workspace/Setup-Repository/tests/unit/test_platform_detector.py:121: Windows環境でのみ実行</skipped></testcase><testcase classname="tests.unit.test_platform_detector.TestDetectPlatform" name="test_detect_wsl_platform" time="0.001" /><testcase classname="tests.unit.test_github_api.TestGitHubAPI" name="test_get_user_info_network_error" time="0.002" /><testcase classname="tests.unit.test_ci_environment.TestCIEnvironmentInfo" name="test_get_system_info_exception" time="0.006" /><testcase classname="tests.unit.test_git_operations.TestAutoPopStash" name="test_auto_pop_stash_success" time="0.001" /><testcase classname="tests.unit.test_platform_detector.TestDetectPlatform" name="test_detect_macos_platform" time="0.001"><skipped type="pytest.skip" message="macOS環境でのみ実行">/home/hiro/workspace/Setup-Repository/tests/unit/test_platform_detector.py:165: macOS環境でのみ実行</skipped></testcase><testcase classname="tests.unit.test_ci_environment.TestCIEnvironmentInfo" name="test_get_dependency_info_success" time="0.002" /><testcase classname="tests.unit.test_ci_environment.TestCIEnvironmentInfo" name="test_get_dependency_info_uv_not_found" time="0.001" /><testcase classname="tests.unit.test_github_api.TestGetRepositories" name="test_get_repositories_http_error" time="0.014" /><testcase classname="tests.unit.test_logging_config.TestLoggingSetupFunctions" name="test_setup_project_logging" time="0.002" /><testcase classname="tests.unit.test_git_operations.TestAutoPopStash" name="test_auto_pop_stash_failure" time="0.003" /><testcase classname="tests.unit.test_ci_environment.TestCIEnvironmentInfo" name="test_get_dependency_info_pip_error" time="0.003" /><testcase classname="tests.unit.test_platform_detector.TestDetectPlatform" name="test_detect_linux_platform" time="0.001" /><testcase classname="tests.unit.test_github_api.TestGitHubAPI" name="test_get_user_repos_success" time="0.005" /><testcase classname="tests.test_environment" name="test_custom_assertions" time="0.004"><skipped type="pytest.skip" message="カスタムアサーション関数がインポートできません">/home/hiro/workspace/Setup-Repository/tests/test_environment.py:180: カスタムアサーション関数がインポートできません</skipped></testcase><testcase classname="tests.test_environment" name="test_mock_platform_detector_fixture" time="0.007" /><testcase classname="tests.unit.test_ci_environment.TestCIEnvironmentInfo" name="test_detect_ci_environment_gitlab_ci" time="0.003" /><testcase classname="tests.unit.test_ci_environment.TestCIEnvironmentInfo" name="test_detect_ci_environment_jenkins" time="0.006" /><testcase classname="tests.test_environment" name="test_fixture_files_exist" time="0.013" /><testcase classname="tests.unit.test_ci_environment.TestCIEnvironmentInfo" name="test_detect_ci_environment_github_actions" time="0.002" /><testcase classname="tests.test_environment" name="test_mock_github_api_fixture" time="0.005" /><testcase classname="tests.test_environment" name="test_mock_git_operations_fixture" time="0.013" /><testcase classname="tests.test_environment" name="test_config_file_fixture" time="0.019" /><testcase classname="tests.unit.test_git_operations.TestUpdateRepository" name="test_update_repository_success" time="0.002" /><testcase classname="tests.unit.test_ci_error_handler.TestCIErrorHandlerAdvanced" name="test_save_error_report_with_custom_filename" time="0.469" /><testcase classname="tests.unit.test_git_operations.TestUpdateRepository" name="test_update_repository_dry_run" time="0.001" /><testcase classname="tests.unit.test_git_operations.TestUpdateRepository" name="test_update_repository_with_auto_stash" time="0.002" /><testcase classname="tests.unit.test_git_operations.TestUpdateRepository" name="test_update_repository_failure_with_stash" time="0.004" /><testcase classname="tests.unit.test_ci_error_handler.TestCIErrorHandlerAdvanced" name="test_handle_quality_check_details_mypy" time="0.461" /><testcase classname="tests.unit.test_ci_error_handler.TestCIErrorHandlerAdvanced" name="test_handle_quality_check_details_ruff" time="0.453" /><testcase classname="tests.unit.test_ci_error_handler.TestCIErrorHandlerFactory" name="test_create_ci_error_handler_with_json_logs" time="0.120" /><testcase classname="tests.unit.test_ci_error_handler.TestCIErrorHandlerFactory" name="test_create_ci_error_handler" time="0.130" /><testcase classname="tests.unit.test_ci_error_handler.TestCIErrorHandler" name="test_non_github_actions_environment" time="0.106" /><testcase classname="tests.unit.test_git_operations.TestUpdateRepository" name="test_update_repository_failure" time="0.002" /><testcase classname="tests.integration.test_quality_integration.TestQualityIntegration" name="test_multiple_data_points_trend_analysis" time="0.004" /><testcase classname="tests.integration.test_quality_integration.TestQualityIntegration" name="test_real_metrics_collection_simulation" time="0.003" /><testcase classname="tests.unit.test_ci_error_handler.TestCIErrorHandler" name="test_failure_summary_generation" time="0.576" /><testcase classname="tests.unit.test_ci_error_handler.TestCIErrorHandler" name="test_comprehensive_error_report_creation" time="0.534" /><testcase classname="tests.unit.test_git_operations.TestSyncRepositoryWithRetries" name="test_sync_repository_with_retries_dry_run_no_rmtree" time="0.006" /><testcase classname="tests.unit.test_git_operations.TestSyncRepositoryOnce" name="test_sync_repository_once_existing_repo" time="1.826" /><testcase classname="tests.unit.test_github_api.TestGitHubAPI" name="test_init_success" time="0.002" /><testcase classname="tests.integration.test_quality_integration.TestQualityIntegration" name="test_trend_data_persistence" time="0.020" /><testcase classname="tests.unit.test_github_api.TestGitHubAPI" name="test_init_empty_token" time="0.002" /><testcase classname="tests.integration.test_quality_integration.TestQualityIntegration" name="test_quality_degradation_detection" time="0.025" /><testcase classname="tests.unit.test_github_api.TestGitHubAPI" name="test_init_empty_username" time="0.002" /><testcase classname="tests.unit.test_ci_error_handler.TestCIErrorHandlerEdgeCases" name="test_handle_quality_check_error_without_metrics" time="0.489" /><testcase classname="tests.unit.test_ci_error_handler.TestCIErrorHandlerEdgeCases" name="test_comprehensive_error_report_creation_empty_errors" time="0.516" /><testcase classname="tests.unit.test_git_operations.TestCreateGitOperations" name="test_create_git_operations_with_none_config" time="0.002" /><testcase classname="tests.unit.test_ci_error_handler.TestCIErrorHandlerEdgeCases" name="test_handle_quality_check_details_empty_issues" time="0.516" /><testcase classname="tests.unit.test_git_operations.TestCreateGitOperations" name="test_create_git_operations_without_config" time="0.002" /><testcase classname="tests.unit.test_ci_error_handler.TestCIErrorHandlerEdgeCases" name="test_generate_failure_summary_no_errors" time="0.143" /><testcase classname="tests.unit.test_ci_error_handler.TestCIErrorHandlerAdvanced" name="test_handle_quality_check_details_with_github_annotations" time="0.478" /><testcase classname="tests.integration.test_quality_integration.TestQualityIntegration" name="test_full_quality_workflow" time="0.005" /><testcase classname="tests.unit.test_ci_error_handler.TestCIErrorHandlerAdvanced" name="test_generate_failure_summary_with_multiple_errors" time="0.516" /><testcase classname="tests.unit.test_ci_error_handler.TestCIErrorHandlerEdgeCases" name="test_output_github_step_summary_non_github_actions" time="0.136" /><testcase classname="tests.unit.test_git_operations.TestCreateGitOperations" name="test_create_git_operations_with_config" time="0.002" /><testcase classname="tests.unit.test_ci_error_handler.TestCIErrorHandlerAdvanced" name="test_handle_quality_check_details_tests" time="0.502" /><testcase classname="tests.unit.test_ci_error_handler.TestCIErrorHandlerAdvanced" name="test_output_github_step_summary_with_errors" time="0.527" /><testcase classname="tests.unit.test_ci_error_handler.TestCIErrorHandlerAdvanced" name="test_output_github_step_summary_file_error" time="0.127" /><testcase classname="tests.integration.test_ci_platform_specific.TestCIPlatformSpecific" name="test_path_diagnostics_in_ci" time="0.639" /><testcase classname="tests.unit.test_ci_error_handler.TestCIErrorHandlerAdvanced" name="test_save_error_report_github_actions_notice" time="0.514" /><testcase classname="tests.test_environment" name="test_temp_dir_fixture" time="0.004" /><testcase classname="tests.test_environment" name="test_sample_config_fixture" time="0.020" /><testcase classname="tests.unit.test_ci_error_handler.TestCIErrorHandler" name="test_github_step_summary_output" time="0.430" /><testcase classname="tests.unit.test_ci_error_handler.TestCIErrorHandler" name="test_error_report_saving" time="0.399" /><testcase classname="tests.unit.test_ci_error_handler.TestCIErrorHandlerAdvanced" name="test_comprehensive_error_report_with_error_details" time="0.383" /><testcase classname="tests.unit.test_ci_error_handler.TestCIErrorHandlerAdvanced" name="test_output_github_step_summary_no_env_var" time="0.201" /><testcase classname="tests.unit.test_git_operations.TestSyncRepositoryOnce" name="test_sync_repository_once_sync_only_new_repo" time="0.005" /><testcase classname="tests.unit.test_git_operations.TestSyncRepositoryOnce" name="test_sync_repository_once_new_repo" time="0.001" /></testsuite></testsuites>
